<?xml version="1.0" encoding="UTF-8"?>
<coverage generated="1692190689371" clover="3.2.0">
  <project timestamp="1692190689371" name="All files">
    <metrics statements="1556" coveredstatements="1268" conditionals="759" coveredconditionals="547" methods="279" coveredmethods="221" elements="2594" coveredelements="2036" complexity="0" loc="1556" ncloc="1556" packages="15" files="74" classes="74"/>
    <package name="src.data">
      <metrics statements="4" coveredstatements="4" conditionals="0" coveredconditionals="0" methods="0" coveredmethods="0"/>
      <file name="index.ts" path="/home/nicholas_io/projects/headless/packages/core/src/data/index.ts">
        <metrics statements="4" coveredstatements="4" conditionals="0" coveredconditionals="0" methods="0" coveredmethods="0"/>
        <line num="1" count="7" type="stmt"/>
        <line num="2" count="7" type="stmt"/>
        <line num="3" count="7" type="stmt"/>
        <line num="4" count="7" type="stmt"/>
      </file>
    </package>
    <package name="src.data.api">
      <metrics statements="24" coveredstatements="17" conditionals="8" coveredconditionals="3" methods="4" coveredmethods="3"/>
      <file name="fetch-utils.ts" path="/home/nicholas_io/projects/headless/packages/core/src/data/api/fetch-utils.ts">
        <metrics statements="23" coveredstatements="16" conditionals="8" coveredconditionals="3" methods="4" coveredmethods="3"/>
        <line num="1" count="15" type="stmt"/>
        <line num="3" count="15" type="stmt"/>
        <line num="4" count="67" type="stmt"/>
        <line num="17" count="15" type="cond" truecount="0" falsecount="1"/>
        <line num="18" count="0" type="stmt"/>
        <line num="26" count="0" type="stmt"/>
        <line num="28" count="0" type="cond" truecount="0" falsecount="1"/>
        <line num="29" count="0" type="stmt"/>
        <line num="32" count="0" type="stmt"/>
        <line num="46" count="15" type="stmt"/>
        <line num="51" count="67" type="stmt"/>
        <line num="53" count="67" type="cond" truecount="0" falsecount="1"/>
        <line num="54" count="0" type="stmt"/>
        <line num="57" count="67" type="cond" truecount="1" falsecount="1"/>
        <line num="63" count="67" type="stmt"/>
        <line num="65" count="67" type="stmt"/>
        <line num="67" count="67" type="cond" truecount="0" falsecount="1"/>
        <line num="68" count="0" type="stmt"/>
        <line num="71" count="67" type="stmt"/>
        <line num="73" count="61" type="stmt"/>
        <line num="76" count="216" type="stmt"/>
        <line num="83" count="61" type="stmt"/>
        <line num="85" count="61" type="stmt"/>
      </file>
      <file name="index.ts" path="/home/nicholas_io/projects/headless/packages/core/src/data/api/index.ts">
        <metrics statements="1" coveredstatements="1" conditionals="0" coveredconditionals="0" methods="0" coveredmethods="0"/>
        <line num="1" count="14" type="stmt"/>
      </file>
    </package>
    <package name="src.data.strategies">
      <metrics statements="390" coveredstatements="337" conditionals="201" coveredconditionals="173" methods="62" coveredmethods="51"/>
      <file name="AbstractFetchStrategy.ts" path="/home/nicholas_io/projects/headless/packages/core/src/data/strategies/AbstractFetchStrategy.ts">
        <metrics statements="57" coveredstatements="46" conditionals="32" coveredconditionals="26" methods="15" coveredmethods="12"/>
        <line num="2" count="14" type="stmt"/>
        <line num="3" count="14" type="stmt"/>
        <line num="4" count="14" type="stmt"/>
        <line num="100" count="14" type="stmt"/>
        <line num="105" count="158" type="stmt"/>
        <line num="110" count="158" type="stmt"/>
        <line num="115" count="158" type="stmt"/>
        <line num="130" count="158" type="cond" truecount="1" falsecount="0"/>
        <line num="131" count="3" type="stmt"/>
        <line num="134" count="158" type="cond" truecount="1" falsecount="0"/>
        <line num="135" count="3" type="stmt"/>
        <line num="147" count="39" type="stmt"/>
        <line num="151" count="89" type="stmt"/>
        <line num="161" count="207" type="cond" truecount="1" falsecount="0"/>
        <line num="162" count="165" type="stmt"/>
        <line num="165" count="42" type="stmt"/>
        <line num="169" count="130" type="stmt"/>
        <line num="192" count="81" type="stmt"/>
        <line num="194" count="45" type="stmt"/>
        <line num="207" count="187" type="stmt"/>
        <line num="209" count="187" type="stmt"/>
        <line num="211" count="187" type="cond" truecount="1" falsecount="0"/>
        <line num="212" count="115" type="stmt"/>
        <line num="215" count="72" type="stmt"/>
        <line num="220" count="41" type="stmt"/>
        <line num="245" count="99" type="cond" truecount="1" falsecount="0"/>
        <line num="247" count="99" type="stmt"/>
        <line num="248" count="99" type="cond" truecount="1" falsecount="0"/>
        <line num="250" count="4" type="stmt"/>
        <line num="253" count="99" type="stmt"/>
        <line num="254" count="94" type="stmt"/>
        <line num="257" count="94" type="cond" truecount="1" falsecount="0"/>
        <line num="262" count="3" type="stmt"/>
        <line num="263" count="3" type="cond" truecount="1" falsecount="0"/>
        <line num="264" count="1" type="stmt"/>
        <line num="267" count="3" type="cond" truecount="1" falsecount="0"/>
        <line num="268" count="2" type="stmt"/>
        <line num="271" count="3" type="stmt"/>
        <line num="275" count="91" type="cond" truecount="2" falsecount="0"/>
        <line num="277" count="91" type="cond" truecount="4" falsecount="0"/>
        <line num="278" count="11" type="stmt"/>
        <line num="281" count="80" type="cond" truecount="2" falsecount="0"/>
        <line num="282" count="80" type="stmt"/>
        <line num="292" count="80" type="stmt"/>
        <line num="297" count="0" type="stmt"/>
        <line num="309" count="0" type="cond" truecount="0" falsecount="2"/>
        <line num="311" count="0" type="stmt"/>
        <line num="313" count="0" type="cond" truecount="0" falsecount="1"/>
        <line num="314" count="0" type="cond" truecount="0" falsecount="1"/>
        <line num="315" count="0" type="stmt"/>
        <line num="318" count="0" type="stmt"/>
        <line num="321" count="0" type="cond" truecount="0" falsecount="1"/>
        <line num="322" count="0" type="stmt"/>
        <line num="328" count="0" type="stmt"/>
        <line num="339" count="110" type="stmt"/>
        <line num="352" count="21" type="stmt"/>
        <line num="374" count="0" type="stmt"/>
      </file>
      <file name="AppSettingsStrategy.ts" path="/home/nicholas_io/projects/headless/packages/core/src/data/strategies/AppSettingsStrategy.ts">
        <metrics statements="5" coveredstatements="5" conditionals="1" coveredconditionals="1" methods="2" coveredmethods="2"/>
        <line num="2" count="8" type="stmt"/>
        <line num="3" count="8" type="stmt"/>
        <line num="11" count="8" type="stmt"/>
        <line num="16" count="3" type="stmt"/>
        <line num="21" count="5" type="stmt"/>
      </file>
      <file name="AuthorArchiveFetchStrategy.ts" path="/home/nicholas_io/projects/headless/packages/core/src/data/strategies/AuthorArchiveFetchStrategy.ts">
        <metrics statements="12" coveredstatements="12" conditionals="3" coveredconditionals="3" methods="2" coveredmethods="2"/>
        <line num="1" count="8" type="stmt"/>
        <line num="3" count="8" type="stmt"/>
        <line num="4" count="8" type="stmt"/>
        <line num="5" count="8" type="stmt"/>
        <line num="16" count="8" type="stmt"/>
        <line num="25" count="7" type="stmt"/>
        <line num="26" count="7" type="stmt"/>
        <line num="28" count="7" type="stmt"/>
        <line num="29" count="14" type="cond" truecount="2" falsecount="0"/>
        <line num="30" count="14" type="stmt"/>
        <line num="36" count="14" type="stmt"/>
        <line num="43" count="7" type="stmt"/>
      </file>
      <file name="PostOrPostsFetchStrategy.ts" path="/home/nicholas_io/projects/headless/packages/core/src/data/strategies/PostOrPostsFetchStrategy.ts">
        <metrics statements="60" coveredstatements="56" conditionals="34" coveredconditionals="30" methods="4" coveredmethods="4"/>
        <line num="2" count="8" type="stmt"/>
        <line num="9" count="8" type="stmt"/>
        <line num="10" count="8" type="stmt"/>
        <line num="11" count="8" type="stmt"/>
        <line num="53" count="8" type="stmt"/>
        <line num="58" count="16" type="stmt"/>
        <line num="60" count="16" type="stmt"/>
        <line num="62" count="16" type="stmt"/>
        <line num="65" count="19" type="stmt"/>
        <line num="69" count="43" type="stmt"/>
        <line num="74" count="43" type="stmt"/>
        <line num="78" count="4" type="stmt"/>
        <line num="80" count="4" type="cond" truecount="1" falsecount="0"/>
        <line num="85" count="2" type="stmt"/>
        <line num="90" count="2" type="stmt"/>
        <line num="102" count="4" type="cond" truecount="1" falsecount="0"/>
        <line num="107" count="2" type="stmt"/>
        <line num="108" count="2" type="stmt"/>
        <line num="119" count="4" type="stmt"/>
        <line num="137" count="21" type="cond" truecount="2" falsecount="0"/>
        <line num="138" count="21" type="stmt"/>
        <line num="140" count="21" type="cond" truecount="1" falsecount="1"/>
        <line num="141" count="21" type="cond" truecount="1" falsecount="1"/>
        <line num="143" count="21" type="cond" truecount="2" falsecount="0"/>
        <line num="144" count="21" type="cond" truecount="2" falsecount="0"/>
        <line num="146" count="21" type="cond" truecount="3" falsecount="0"/>
        <line num="148" count="21" type="cond" truecount="3" falsecount="0"/>
        <line num="150" count="21" type="stmt"/>
        <line num="154" count="21" type="stmt"/>
        <line num="156" count="21" type="stmt"/>
        <line num="157" count="21" type="stmt"/>
        <line num="161" count="21" type="cond" truecount="1" falsecount="0"/>
        <line num="162" count="9" type="cond" truecount="1" falsecount="0"/>
        <line num="163" count="8" type="stmt"/>
        <line num="164" count="8" type="stmt"/>
        <line num="170" count="5" type="stmt"/>
        <line num="179" count="3" type="stmt"/>
        <line num="184" count="4" type="cond" truecount="1" falsecount="0"/>
        <line num="185" count="3" type="stmt"/>
        <line num="186" count="3" type="stmt"/>
        <line num="192" count="3" type="stmt"/>
        <line num="201" count="0" type="cond" truecount="0" falsecount="1"/>
        <line num="202" count="0" type="stmt"/>
        <line num="211" count="1" type="cond" truecount="1" falsecount="0"/>
        <line num="212" count="1" type="stmt"/>
        <line num="215" count="0" type="stmt"/>
        <line num="218" count="12" type="cond" truecount="1" falsecount="0"/>
        <line num="219" count="9" type="stmt"/>
        <line num="220" count="9" type="stmt"/>
        <line num="226" count="5" type="stmt"/>
        <line num="235" count="4" type="stmt"/>
        <line num="239" count="7" type="cond" truecount="1" falsecount="0"/>
        <line num="240" count="6" type="stmt"/>
        <line num="241" count="6" type="stmt"/>
        <line num="243" count="4" type="stmt"/>
        <line num="252" count="2" type="cond" truecount="1" falsecount="0"/>
        <line num="253" count="2" type="stmt"/>
        <line num="262" count="1" type="cond" truecount="0" falsecount="1"/>
        <line num="263" count="0" type="stmt"/>
        <line num="266" count="1" type="stmt"/>
      </file>
      <file name="PostsArchiveFetchStrategy.ts" path="/home/nicholas_io/projects/headless/packages/core/src/data/strategies/PostsArchiveFetchStrategy.ts">
        <metrics statements="109" coveredstatements="90" conditionals="62" coveredconditionals="53" methods="17" coveredmethods="15"/>
        <line num="1" count="11" type="stmt"/>
        <line num="11" count="11" type="stmt"/>
        <line num="12" count="11" type="stmt"/>
        <line num="14" count="11" type="stmt"/>
        <line num="15" count="11" type="stmt"/>
        <line num="16" count="11" type="stmt"/>
        <line num="23" count="11" type="stmt"/>
        <line num="25" count="11" type="stmt"/>
        <line num="198" count="11" type="stmt"/>
        <line num="203" count="121" type="stmt"/>
        <line num="207" count="65" type="stmt"/>
        <line num="219" count="147" type="stmt"/>
        <line num="221" count="147" type="cond" truecount="1" falsecount="0"/>
        <line num="222" count="54" type="stmt"/>
        <line num="224" count="54" type="cond" truecount="1" falsecount="0"/>
        <line num="225" count="1" type="stmt"/>
        <line num="228" count="53" type="cond" truecount="2" falsecount="0"/>
        <line num="230" count="53" type="stmt"/>
        <line num="231" count="212" type="cond" truecount="2" falsecount="0"/>
        <line num="232" count="53" type="stmt"/>
        <line num="238" count="53" type="stmt"/>
        <line num="244" count="53" type="stmt"/>
        <line num="247" count="93" type="stmt"/>
        <line num="248" count="93" type="stmt"/>
        <line num="249" count="224" type="cond" truecount="2" falsecount="0"/>
        <line num="250" count="224" type="stmt"/>
        <line num="256" count="224" type="stmt"/>
        <line num="263" count="93" type="stmt"/>
        <line num="272" count="91" type="stmt"/>
        <line num="276" count="91" type="stmt"/>
        <line num="278" count="91" type="stmt"/>
        <line num="280" count="91" type="stmt"/>
        <line num="281" count="220" type="cond" truecount="2" falsecount="0"/>
        <line num="282" count="220" type="cond" truecount="1" falsecount="0"/>
        <line num="283" count="10" type="stmt"/>
        <line num="287" count="91" type="cond" truecount="1" falsecount="0"/>
        <line num="288" count="4" type="stmt"/>
        <line num="290" count="4" type="cond" truecount="1" falsecount="0"/>
        <line num="291" count="1" type="stmt"/>
        <line num="296" count="3" type="stmt"/>
        <line num="302" count="90" type="cond" truecount="4" falsecount="0"/>
        <line num="303" count="2" type="stmt"/>
        <line num="306" count="90" type="stmt"/>
        <line num="320" count="51" type="cond" truecount="1" falsecount="0"/>
        <line num="321" count="51" type="stmt"/>
        <line num="322" count="51" type="stmt"/>
        <line num="324" count="51" type="stmt"/>
        <line num="325" count="51" type="cond" truecount="1" falsecount="0"/>
        <line num="326" count="51" type="stmt"/>
        <line num="327" count="134" type="cond" truecount="2" falsecount="0"/>
        <line num="328" count="134" type="cond" truecount="2" falsecount="0"/>
        <line num="330" count="134" type="cond" truecount="1" falsecount="0"/>
        <line num="331" count="106" type="stmt"/>
        <line num="334" count="28" type="cond" truecount="2" falsecount="0"/>
        <line num="336" count="19" type="stmt"/>
        <line num="338" count="9" type="stmt"/>
        <line num="344" count="9" type="cond" truecount="2" falsecount="0"/>
        <line num="345" count="5" type="stmt"/>
        <line num="349" count="4" type="stmt"/>
        <line num="361" count="47" type="cond" truecount="4" falsecount="0"/>
        <line num="362" count="1" type="stmt"/>
        <line num="368" count="1" type="cond" truecount="1" falsecount="1"/>
        <line num="369" count="1" type="stmt"/>
        <line num="373" count="0" type="stmt"/>
        <line num="377" count="47" type="stmt"/>
        <line num="388" count="41" type="stmt"/>
        <line num="390" count="41" type="cond" truecount="0" falsecount="1"/>
        <line num="391" count="0" type="stmt"/>
        <line num="394" count="41" type="stmt"/>
        <line num="395" count="162" type="stmt"/>
        <line num="398" count="41" type="cond" truecount="3" falsecount="0"/>
        <line num="399" count="3" type="stmt"/>
        <line num="400" count="3" type="cond" truecount="1" falsecount="0"/>
        <line num="401" count="1" type="stmt"/>
        <line num="404" count="2" type="cond" truecount="3" falsecount="0"/>
        <line num="405" count="2" type="stmt"/>
        <line num="408" count="0" type="cond" truecount="0" falsecount="1"/>
        <line num="409" count="0" type="stmt"/>
        <line num="412" count="0" type="stmt"/>
        <line num="415" count="3" type="cond" truecount="1" falsecount="0"/>
        <line num="416" count="3" type="stmt"/>
        <line num="420" count="41" type="stmt"/>
        <line num="422" count="41" type="stmt"/>
        <line num="423" count="112" type="stmt"/>
        <line num="424" count="112" type="cond" truecount="2" falsecount="0"/>
        <line num="425" count="112" type="stmt"/>
        <line num="427" count="112" type="cond" truecount="3" falsecount="0"/>
        <line num="428" count="7" type="stmt"/>
        <line num="429" count="12" type="cond" truecount="1" falsecount="0"/>
        <line num="430" count="11" type="stmt"/>
        <line num="436" count="1" type="cond" truecount="1" falsecount="0"/>
        <line num="437" count="1" type="stmt"/>
        <line num="440" count="0" type="cond" truecount="0" falsecount="1"/>
        <line num="441" count="0" type="stmt"/>
        <line num="444" count="0" type="stmt"/>
        <line num="447" count="7" type="cond" truecount="1" falsecount="0"/>
        <line num="448" count="7" type="stmt"/>
        <line num="453" count="41" type="stmt"/>
        <line num="457" count="0" type="cond" truecount="0" falsecount="1"/>
        <line num="458" count="0" type="stmt"/>
        <line num="461" count="0" type="stmt"/>
        <line num="463" count="0" type="stmt"/>
        <line num="465" count="0" type="cond" truecount="0" falsecount="1"/>
        <line num="466" count="0" type="stmt"/>
        <line num="472" count="0" type="cond" truecount="0" falsecount="1"/>
        <line num="473" count="0" type="stmt"/>
        <line num="476" count="0" type="stmt"/>
        <line num="477" count="0" type="stmt"/>
        <line num="480" count="0" type="stmt"/>
      </file>
      <file name="SearchFetchStrategy.ts" path="/home/nicholas_io/projects/headless/packages/core/src/data/strategies/SearchFetchStrategy.ts">
        <metrics statements="19" coveredstatements="19" conditionals="7" coveredconditionals="6" methods="3" coveredmethods="3"/>
        <line num="1" count="8" type="stmt"/>
        <line num="2" count="8" type="stmt"/>
        <line num="3" count="8" type="stmt"/>
        <line num="4" count="8" type="stmt"/>
        <line num="5" count="8" type="stmt"/>
        <line num="6" count="8" type="stmt"/>
        <line num="20" count="8" type="stmt"/>
        <line num="25" count="24" type="stmt"/>
        <line num="33" count="23" type="stmt"/>
        <line num="47" count="7" type="cond" truecount="1" falsecount="0"/>
        <line num="48" count="7" type="stmt"/>
        <line num="49" count="7" type="stmt"/>
        <line num="51" count="7" type="stmt"/>
        <line num="52" count="7" type="stmt"/>
        <line num="60" count="6" type="stmt"/>
        <line num="61" count="6" type="stmt"/>
        <line num="66" count="6" type="stmt"/>
        <line num="78" count="6" type="stmt"/>
        <line num="80" count="6" type="stmt"/>
      </file>
      <file name="SinglePostFetchStrategy.ts" path="/home/nicholas_io/projects/headless/packages/core/src/data/strategies/SinglePostFetchStrategy.ts">
        <metrics statements="90" coveredstatements="81" conditionals="55" coveredconditionals="51" methods="9" coveredmethods="8"/>
        <line num="1" count="9" type="stmt"/>
        <line num="10" count="9" type="stmt"/>
        <line num="11" count="9" type="stmt"/>
        <line num="12" count="9" type="stmt"/>
        <line num="19" count="9" type="stmt"/>
        <line num="20" count="9" type="stmt"/>
        <line num="21" count="9" type="stmt"/>
        <line num="79" count="9" type="stmt"/>
        <line num="83" count="62" type="stmt"/>
        <line num="87" count="62" type="stmt"/>
        <line num="89" count="62" type="stmt"/>
        <line num="91" count="62" type="stmt"/>
        <line num="94" count="109" type="stmt"/>
        <line num="98" count="55" type="stmt"/>
        <line num="103" count="137" type="stmt"/>
        <line num="106" count="137" type="stmt"/>
        <line num="109" count="137" type="cond" truecount="2" falsecount="0"/>
        <line num="112" count="137" type="stmt"/>
        <line num="115" count="137" type="stmt"/>
        <line num="119" count="137" type="stmt"/>
        <line num="130" count="89" type="stmt"/>
        <line num="132" count="89" type="cond" truecount="1" falsecount="0"/>
        <line num="134" count="19" type="cond" truecount="2" falsecount="0"/>
        <line num="138" count="19" type="stmt"/>
        <line num="140" count="19" type="cond" truecount="1" falsecount="0"/>
        <line num="141" count="4" type="stmt"/>
        <line num="145" count="15" type="stmt"/>
        <line num="146" count="15" type="stmt"/>
        <line num="149" count="85" type="cond" truecount="1" falsecount="0"/>
        <line num="150" count="17" type="stmt"/>
        <line num="151" count="17" type="cond" truecount="1" falsecount="0"/>
        <line num="152" count="4" type="stmt"/>
        <line num="156" count="85" type="stmt"/>
        <line num="167" count="24" type="stmt"/>
        <line num="168" count="25" type="stmt"/>
        <line num="175" count="25" type="stmt"/>
        <line num="177" count="25" type="cond" truecount="3" falsecount="0"/>
        <line num="178" count="7" type="cond" truecount="1" falsecount="1"/>
        <line num="181" count="7" type="cond" truecount="2" falsecount="0"/>
        <line num="183" count="7" type="cond" truecount="1" falsecount="0"/>
        <line num="184" count="4" type="stmt"/>
        <line num="185" count="4" type="cond" truecount="1" falsecount="1"/>
        <line num="187" count="4" type="stmt"/>
        <line num="194" count="21" type="cond" truecount="2" falsecount="0"/>
        <line num="206" count="39" type="stmt"/>
        <line num="208" count="39" type="cond" truecount="0" falsecount="1"/>
        <line num="213" count="0" type="stmt"/>
        <line num="218" count="0" type="stmt"/>
        <line num="224" count="39" type="cond" truecount="3" falsecount="0"/>
        <line num="225" count="1" type="stmt"/>
        <line num="226" count="1" type="stmt"/>
        <line num="234" count="38" type="cond" truecount="1" falsecount="0"/>
        <line num="235" count="38" type="cond" truecount="1" falsecount="0"/>
        <line num="236" count="1" type="stmt"/>
        <line num="242" count="37" type="cond" truecount="3" falsecount="0"/>
        <line num="246" count="37" type="cond" truecount="2" falsecount="0"/>
        <line num="250" count="37" type="cond" truecount="1" falsecount="0"/>
        <line num="251" count="4" type="stmt"/>
        <line num="256" count="33" type="stmt"/>
        <line num="262" count="0" type="stmt"/>
        <line num="276" count="48" type="cond" truecount="1" falsecount="0"/>
        <line num="278" count="48" type="cond" truecount="1" falsecount="0"/>
        <line num="279" count="4" type="stmt"/>
        <line num="283" count="48" type="cond" truecount="3" falsecount="0"/>
        <line num="284" count="3" type="stmt"/>
        <line num="285" count="3" type="stmt"/>
        <line num="295" count="3" type="cond" truecount="3" falsecount="0"/>
        <line num="296" count="3" type="stmt"/>
        <line num="299" count="0" type="stmt"/>
        <line num="303" count="48" type="stmt"/>
        <line num="304" count="48" type="stmt"/>
        <line num="306" count="34" type="stmt"/>
        <line num="308" count="13" type="stmt"/>
        <line num="312" count="13" type="cond" truecount="1" falsecount="0"/>
        <line num="313" count="10" type="stmt"/>
        <line num="317" count="3" type="stmt"/>
        <line num="319" count="3" type="stmt"/>
        <line num="320" count="4" type="stmt"/>
        <line num="321" count="4" type="stmt"/>
        <line num="322" count="4" type="stmt"/>
        <line num="323" count="4" type="stmt"/>
        <line num="325" count="1" type="stmt"/>
        <line num="326" count="1" type="stmt"/>
        <line num="328" count="3" type="stmt"/>
        <line num="333" count="2" type="stmt"/>
        <line num="337" count="0" type="cond" truecount="0" falsecount="1"/>
        <line num="338" count="0" type="stmt"/>
        <line num="341" count="0" type="stmt"/>
        <line num="343" count="0" type="stmt"/>
        <line num="345" count="0" type="stmt"/>
      </file>
      <file name="TaxonomyTermsStrategy.ts" path="/home/nicholas_io/projects/headless/packages/core/src/data/strategies/TaxonomyTermsStrategy.ts">
        <metrics statements="19" coveredstatements="16" conditionals="4" coveredconditionals="3" methods="6" coveredmethods="5"/>
        <line num="1" count="8" type="stmt"/>
        <line num="2" count="8" type="stmt"/>
        <line num="4" count="8" type="stmt"/>
        <line num="11" count="8" type="stmt"/>
        <line num="99" count="8" type="stmt"/>
        <line num="103" count="5" type="stmt"/>
        <line num="106" count="1" type="stmt"/>
        <line num="110" count="2" type="stmt"/>
        <line num="119" count="5" type="stmt"/>
        <line num="123" count="4" type="cond" truecount="1" falsecount="0"/>
        <line num="125" count="4" type="stmt"/>
        <line num="127" count="4" type="cond" truecount="1" falsecount="0"/>
        <line num="128" count="1" type="stmt"/>
        <line num="133" count="3" type="stmt"/>
        <line num="135" count="3" type="stmt"/>
        <line num="143" count="1" type="stmt"/>
        <line num="150" count="0" type="cond" truecount="0" falsecount="1"/>
        <line num="151" count="0" type="stmt"/>
        <line num="154" count="0" type="stmt"/>
      </file>
      <file name="VerifyTokenFetchStrategy.ts" path="/home/nicholas_io/projects/headless/packages/core/src/data/strategies/VerifyTokenFetchStrategy.ts">
        <metrics statements="10" coveredstatements="3" conditionals="3" coveredconditionals="0" methods="4" coveredmethods="0"/>
        <line num="2" count="7" type="stmt"/>
        <line num="3" count="7" type="stmt"/>
        <line num="18" count="7" type="stmt"/>
        <line num="24" count="0" type="stmt"/>
        <line num="29" count="0" type="stmt"/>
        <line num="34" count="0" type="stmt"/>
        <line num="36" count="0" type="stmt"/>
        <line num="40" count="0" type="cond" truecount="0" falsecount="1"/>
        <line num="41" count="0" type="stmt"/>
        <line num="44" count="0" type="stmt"/>
      </file>
      <file name="index.ts" path="/home/nicholas_io/projects/headless/packages/core/src/data/strategies/index.ts">
        <metrics statements="9" coveredstatements="9" conditionals="0" coveredconditionals="0" methods="0" coveredmethods="0"/>
        <line num="1" count="7" type="stmt"/>
        <line num="2" count="7" type="stmt"/>
        <line num="3" count="7" type="stmt"/>
        <line num="4" count="7" type="stmt"/>
        <line num="5" count="7" type="stmt"/>
        <line num="6" count="7" type="stmt"/>
        <line num="7" count="7" type="stmt"/>
        <line num="8" count="7" type="stmt"/>
        <line num="9" count="7" type="stmt"/>
      </file>
    </package>
    <package name="src.data.types">
      <metrics statements="1" coveredstatements="1" conditionals="0" coveredconditionals="0" methods="0" coveredmethods="0"/>
      <file name="index.ts" path="/home/nicholas_io/projects/headless/packages/core/src/data/types/index.ts">
        <metrics statements="1" coveredstatements="1" conditionals="0" coveredconditionals="0" methods="0" coveredmethods="0"/>
        <line num="1" count="7" type="stmt"/>
      </file>
    </package>
    <package name="src.data.utils">
      <metrics statements="76" coveredstatements="66" conditionals="34" coveredconditionals="23" methods="19" coveredmethods="16"/>
      <file name="dataFilter.ts" path="/home/nicholas_io/projects/headless/packages/core/src/data/utils/dataFilter.ts">
        <metrics statements="22" coveredstatements="22" conditionals="16" coveredconditionals="16" methods="6" coveredmethods="6"/>
        <line num="9" count="15" type="stmt"/>
        <line num="10" count="2" type="stmt"/>
        <line num="12" count="2" type="stmt"/>
        <line num="13" count="4" type="cond" truecount="2" falsecount="0"/>
        <line num="14" count="2" type="stmt"/>
        <line num="15" count="2" type="cond" truecount="1" falsecount="0"/>
        <line num="16" count="2" type="stmt"/>
        <line num="19" count="2" type="cond" truecount="1" falsecount="0"/>
        <line num="20" count="2" type="stmt"/>
        <line num="24" count="2" type="stmt"/>
        <line num="35" count="15" type="stmt"/>
        <line num="36" count="2" type="cond" truecount="2" falsecount="0"/>
        <line num="38" count="2" type="stmt"/>
        <line num="39" count="4" type="cond" truecount="4" falsecount="0"/>
        <line num="40" count="2" type="stmt"/>
        <line num="41" count="6" type="cond" truecount="1" falsecount="0"/>
        <line num="42" count="5" type="cond" truecount="1" falsecount="0"/>
        <line num="43" count="3" type="stmt"/>
        <line num="45" count="5" type="stmt"/>
        <line num="48" count="2" type="cond" truecount="1" falsecount="0"/>
        <line num="53" count="2" type="stmt"/>
        <line num="57" count="2" type="stmt"/>
      </file>
      <file name="index.ts" path="/home/nicholas_io/projects/headless/packages/core/src/data/utils/index.ts">
        <metrics statements="4" coveredstatements="4" conditionals="0" coveredconditionals="0" methods="0" coveredmethods="0"/>
        <line num="1" count="14" type="stmt"/>
        <line num="2" count="14" type="stmt"/>
        <line num="3" count="14" type="stmt"/>
        <line num="4" count="14" type="stmt"/>
      </file>
      <file name="matchers.ts" path="/home/nicholas_io/projects/headless/packages/core/src/data/utils/matchers.ts">
        <metrics statements="4" coveredstatements="4" conditionals="0" coveredconditionals="0" methods="0" coveredmethods="0"/>
        <line num="7" count="15" type="stmt"/>
        <line num="20" count="15" type="stmt"/>
        <line num="43" count="15" type="stmt"/>
        <line num="56" count="15" type="stmt"/>
      </file>
      <file name="parsePath.ts" path="/home/nicholas_io/projects/headless/packages/core/src/data/utils/parsePath.ts">
        <metrics statements="26" coveredstatements="21" conditionals="7" coveredconditionals="3" methods="6" coveredmethods="6"/>
        <line num="1" count="15" type="stmt"/>
        <line num="14" count="15" type="stmt"/>
        <line num="15" count="205" type="stmt"/>
        <line num="17" count="205" type="cond" truecount="0" falsecount="1"/>
        <line num="18" count="0" type="stmt"/>
        <line num="21" count="205" type="stmt"/>
        <line num="22" count="431" type="stmt"/>
        <line num="23" count="431" type="cond" truecount="1" falsecount="0"/>
        <line num="24" count="302" type="stmt"/>
        <line num="27" count="431" type="stmt"/>
        <line num="34" count="15" type="stmt"/>
        <line num="46" count="15" type="stmt"/>
        <line num="47" count="315" type="stmt"/>
        <line num="48" count="1873" type="stmt"/>
        <line num="50" count="1292" type="stmt"/>
        <line num="52" count="1292" type="cond" truecount="1" falsecount="1"/>
        <line num="55" count="1292" type="stmt"/>
        <line num="57" count="1057" type="stmt"/>
        <line num="59" count="315" type="cond" truecount="1" falsecount="0"/>
        <line num="60" count="110" type="stmt"/>
        <line num="63" count="205" type="cond" truecount="0" falsecount="1"/>
        <line num="64" count="0" type="stmt"/>
        <line num="66" count="0" type="cond" truecount="0" falsecount="1"/>
        <line num="67" count="0" type="stmt"/>
        <line num="70" count="0" type="stmt"/>
        <line num="73" count="205" type="stmt"/>
      </file>
      <file name="postHandling.ts" path="/home/nicholas_io/projects/headless/packages/core/src/data/utils/postHandling.ts">
        <metrics statements="20" coveredstatements="15" conditionals="11" coveredconditionals="4" methods="7" coveredmethods="4"/>
        <line num="2" count="14" type="stmt"/>
        <line num="11" count="14" type="stmt"/>
        <line num="12" count="276" type="stmt"/>
        <line num="22" count="14" type="stmt"/>
        <line num="23" count="276" type="stmt"/>
        <line num="25" count="276" type="cond" truecount="1" falsecount="0"/>
        <line num="29" count="18" type="stmt"/>
        <line num="32" count="258" type="stmt"/>
        <line num="33" count="516" type="stmt"/>
        <line num="34" count="492" type="stmt"/>
        <line num="36" count="492" type="cond" truecount="1" falsecount="0"/>
        <line num="37" count="258" type="stmt"/>
        <line num="40" count="492" type="stmt"/>
        <line num="44" count="258" type="stmt"/>
        <line num="47" count="14" type="stmt"/>
        <line num="51" count="0" type="cond" truecount="0" falsecount="1"/>
        <line num="52" count="0" type="stmt"/>
        <line num="58" count="0" type="stmt"/>
        <line num="66" count="0" type="stmt"/>
        <line num="73" count="0" type="stmt"/>
      </file>
    </package>
    <package name="src.dom">
      <metrics statements="123" coveredstatements="108" conditionals="84" coveredconditionals="65" methods="16" coveredmethods="15"/>
      <file name="index.ts" path="/home/nicholas_io/projects/headless/packages/core/src/dom/index.ts">
        <metrics statements="69" coveredstatements="58" conditionals="45" coveredconditionals="34" methods="9" coveredmethods="8"/>
        <line num="1" count="6" type="stmt"/>
        <line num="3" count="6" type="stmt"/>
        <line num="25" count="6" type="stmt"/>
        <line num="26" count="38" type="cond" truecount="3" falsecount="0"/>
        <line num="28" count="38" type="cond" truecount="2" falsecount="1"/>
        <line num="40" count="6" type="stmt"/>
        <line num="41" count="4" type="stmt"/>
        <line num="42" count="4" type="stmt"/>
        <line num="44" count="4" type="cond" truecount="1" falsecount="0"/>
        <line num="45" count="2" type="stmt"/>
        <line num="46" count="2" type="stmt"/>
        <line num="49" count="4" type="stmt"/>
        <line num="77" count="6" type="stmt"/>
        <line num="82" count="10" type="cond" truecount="1" falsecount="0"/>
        <line num="83" count="2" type="stmt"/>
        <line num="87" count="8" type="cond" truecount="3" falsecount="0"/>
        <line num="89" count="8" type="cond" truecount="1" falsecount="0"/>
        <line num="90" count="2" type="stmt"/>
        <line num="93" count="6" type="cond" truecount="1" falsecount="0"/>
        <line num="94" count="5" type="stmt"/>
        <line num="97" count="5" type="cond" truecount="1" falsecount="0"/>
        <line num="98" count="1" type="stmt"/>
        <line num="101" count="4" type="stmt"/>
        <line num="104" count="1" type="stmt"/>
        <line num="141" count="6" type="cond" truecount="1" falsecount="0"/>
        <line num="142" count="4" type="cond" truecount="0" falsecount="1"/>
        <line num="143" count="0" type="stmt"/>
        <line num="147" count="4" type="cond" truecount="3" falsecount="0"/>
        <line num="149" count="4" type="cond" truecount="1" falsecount="0"/>
        <line num="150" count="3" type="stmt"/>
        <line num="153" count="1" type="cond" truecount="0" falsecount="1"/>
        <line num="154" count="0" type="cond" truecount="0" falsecount="2"/>
        <line num="157" count="1" type="stmt"/>
        <line num="160" count="6" type="stmt"/>
        <line num="187" count="6" type="stmt"/>
        <line num="188" count="12" type="cond" truecount="1" falsecount="0"/>
        <line num="189" count="5" type="stmt"/>
        <line num="192" count="7" type="cond" truecount="2" falsecount="0"/>
        <line num="194" count="7" type="cond" truecount="1" falsecount="0"/>
        <line num="195" count="2" type="stmt"/>
        <line num="198" count="5" type="cond" truecount="1" falsecount="1"/>
        <line num="200" count="5" type="stmt"/>
        <line num="227" count="6" type="stmt"/>
        <line num="228" count="4" type="cond" truecount="0" falsecount="1"/>
        <line num="229" count="0" type="stmt"/>
        <line num="232" count="4" type="cond" truecount="2" falsecount="0"/>
        <line num="233" count="4" type="cond" truecount="1" falsecount="1"/>
        <line num="235" count="4" type="cond" truecount="2" falsecount="0"/>
        <line num="278" count="6" type="stmt"/>
        <line num="279" count="8" type="cond" truecount="1" falsecount="0"/>
        <line num="280" count="4" type="stmt"/>
        <line num="283" count="4" type="stmt"/>
        <line num="284" count="4" type="cond" truecount="2" falsecount="0"/>
        <line num="286" count="4" type="cond" truecount="0" falsecount="1"/>
        <line num="287" count="0" type="stmt"/>
        <line num="290" count="4" type="stmt"/>
        <line num="292" count="4" type="cond" truecount="1" falsecount="0"/>
        <line num="293" count="4" type="stmt"/>
        <line num="294" count="4" type="stmt"/>
        <line num="299" count="0" type="cond" truecount="0" falsecount="1"/>
        <line num="300" count="0" type="stmt"/>
        <line num="303" count="0" type="stmt"/>
        <line num="334" count="6" type="stmt"/>
        <line num="335" count="0" type="cond" truecount="0" falsecount="1"/>
        <line num="336" count="0" type="stmt"/>
        <line num="339" count="0" type="stmt"/>
        <line num="341" count="0" type="stmt"/>
        <line num="344" count="6" type="stmt"/>
        <line num="345" count="6" type="stmt"/>
      </file>
      <file name="stripTags.ts" path="/home/nicholas_io/projects/headless/packages/core/src/dom/stripTags.ts">
        <metrics statements="2" coveredstatements="2" conditionals="0" coveredconditionals="0" methods="1" coveredmethods="1"/>
        <line num="8" count="7" type="stmt"/>
        <line num="9" count="5" type="stmt"/>
      </file>
      <file name="svg.ts" path="/home/nicholas_io/projects/headless/packages/core/src/dom/svg.ts">
        <metrics statements="19" coveredstatements="17" conditionals="11" coveredconditionals="9" methods="2" coveredmethods="2"/>
        <line num="6" count="8" type="stmt"/>
        <line num="190" count="8" type="stmt"/>
        <line num="202" count="8" type="stmt"/>
        <line num="279" count="8" type="stmt"/>
        <line num="289" count="8" type="cond" truecount="1" falsecount="0"/>
        <line num="291" count="18" type="cond" truecount="0" falsecount="1"/>
        <line num="292" count="0" type="stmt"/>
        <line num="296" count="18" type="cond" truecount="1" falsecount="0"/>
        <line num="297" count="3" type="stmt"/>
        <line num="301" count="15" type="cond" truecount="0" falsecount="1"/>
        <line num="302" count="0" type="stmt"/>
        <line num="306" count="15" type="cond" truecount="4" falsecount="0"/>
        <line num="307" count="2" type="stmt"/>
        <line num="311" count="13" type="stmt"/>
        <line num="314" count="13" type="stmt"/>
        <line num="328" count="13" type="stmt"/>
        <line num="329" count="130" type="cond" truecount="3" falsecount="0"/>
        <line num="330" count="2" type="stmt"/>
        <line num="334" count="13" type="stmt"/>
      </file>
      <file name="wpKsesPost.ts" path="/home/nicholas_io/projects/headless/packages/core/src/dom/wpKsesPost.ts">
        <metrics statements="33" coveredstatements="31" conditionals="28" coveredconditionals="22" methods="4" coveredmethods="4"/>
        <line num="2" count="7" type="stmt"/>
        <line num="4" count="7" type="stmt"/>
        <line num="30" count="7" type="stmt"/>
        <line num="35" count="33" type="cond" truecount="1" falsecount="0"/>
        <line num="36" count="25" type="stmt"/>
        <line num="39" count="33" type="cond" truecount="2" falsecount="0"/>
        <line num="40" count="33" type="stmt"/>
        <line num="41" count="33" type="cond" truecount="2" falsecount="0"/>
        <line num="44" count="33" type="cond" truecount="1" falsecount="0"/>
        <line num="46" count="32" type="stmt"/>
        <line num="52" count="32" type="stmt"/>
        <line num="53" count="128" type="cond" truecount="0" falsecount="1"/>
        <line num="54" count="0" type="stmt"/>
        <line num="56" count="128" type="cond" truecount="3" falsecount="1"/>
        <line num="60" count="32" type="stmt"/>
        <line num="62" count="7" type="cond" truecount="1" falsecount="0"/>
        <line num="64" count="4" type="cond" truecount="1" falsecount="0"/>
        <line num="65" count="2" type="cond" truecount="2" falsecount="0"/>
        <line num="71" count="2" type="cond" truecount="1" falsecount="0"/>
        <line num="72" count="2" type="stmt"/>
        <line num="75" count="0" type="stmt"/>
        <line num="79" count="3" type="stmt"/>
        <line num="83" count="33" type="stmt"/>
        <line num="91" count="2" type="cond" truecount="1" falsecount="0"/>
        <line num="92" count="1" type="stmt"/>
        <line num="94" count="1" type="stmt"/>
        <line num="101" count="7" type="stmt"/>
        <line num="236" count="7" type="stmt"/>
        <line num="251" count="7" type="stmt"/>
        <line num="253" count="7" type="stmt"/>
        <line num="254" count="469" type="cond" truecount="3" falsecount="0"/>
        <line num="255" count="469" type="cond" truecount="1" falsecount="1"/>
        <line num="266" count="7" type="stmt"/>
      </file>
    </package>
    <package name="src.react.blocks">
      <metrics statements="108" coveredstatements="97" conditionals="53" coveredconditionals="37" methods="17" coveredmethods="17"/>
      <file name="YoutubeLiteBlock.tsx" path="/home/nicholas_io/projects/headless/packages/core/src/react/blocks/YoutubeLiteBlock.tsx">
        <metrics statements="18" coveredstatements="15" conditionals="8" coveredconditionals="3" methods="5" coveredmethods="5"/>
        <line num="1" count="1" type="stmt"/>
        <line num="2" count="1" type="stmt"/>
        <line num="3" count="1" type="stmt"/>
        <line num="41" count="1" type="stmt"/>
        <line num="42" count="1" type="stmt"/>
        <line num="43" count="2" type="stmt"/>
        <line num="46" count="1" type="cond" truecount="0" falsecount="1"/>
        <line num="47" count="0" type="stmt"/>
        <line num="50" count="1" type="cond" truecount="0" falsecount="1"/>
        <line num="52" count="1" type="cond" truecount="2" falsecount="1"/>
        <line num="53" count="0" type="cond" truecount="0" falsecount="1"/>
        <line num="54" count="0" type="stmt"/>
        <line num="58" count="1" type="stmt"/>
        <line num="60" count="1" type="stmt"/>
        <line num="62" count="1" type="stmt"/>
        <line num="69" count="1" type="cond" truecount="1" falsecount="1"/>
        <line num="70" count="1" type="stmt"/>
        <line num="71" count="8" type="stmt"/>
      </file>
      <file name="utils.ts" path="/home/nicholas_io/projects/headless/packages/core/src/react/blocks/utils.ts">
        <metrics statements="90" coveredstatements="82" conditionals="45" coveredconditionals="34" methods="12" coveredmethods="12"/>
        <line num="2" count="4" type="stmt"/>
        <line num="5" count="4" type="stmt"/>
        <line num="6" count="12" type="cond" truecount="0" falsecount="1"/>
        <line num="7" count="0" type="stmt"/>
        <line num="10" count="12" type="stmt"/>
        <line num="12" count="12" type="stmt"/>
        <line num="13" count="30" type="cond" truecount="6" falsecount="0"/>
        <line num="15" count="3" type="stmt"/>
        <line num="17" count="2" type="stmt"/>
        <line num="19" count="2" type="stmt"/>
        <line num="21" count="2" type="stmt"/>
        <line num="23" count="2" type="stmt"/>
        <line num="25" count="19" type="stmt"/>
        <line num="29" count="1" type="stmt"/>
        <line num="39" count="4" type="stmt"/>
        <line num="40" count="4" type="cond" truecount="0" falsecount="1"/>
        <line num="41" count="0" type="stmt"/>
        <line num="43" count="4" type="stmt"/>
        <line num="44" count="4" type="stmt"/>
        <line num="46" count="4" type="stmt"/>
        <line num="47" count="7" type="cond" truecount="1" falsecount="0"/>
        <line num="48" count="2" type="stmt"/>
        <line num="52" count="2" type="stmt"/>
        <line num="62" count="4" type="stmt"/>
        <line num="63" count="3" type="stmt"/>
        <line num="74" count="3" type="cond" truecount="0" falsecount="1"/>
        <line num="75" count="0" type="stmt"/>
        <line num="78" count="3" type="stmt"/>
        <line num="80" count="3" type="stmt"/>
        <line num="81" count="11" type="stmt"/>
        <line num="82" count="8" type="stmt"/>
        <line num="84" count="3" type="stmt"/>
        <line num="85" count="12" type="cond" truecount="1" falsecount="0"/>
        <line num="86" count="6" type="cond" truecount="1" falsecount="0"/>
        <line num="87" count="5" type="stmt"/>
        <line num="89" count="5" type="cond" truecount="1" falsecount="0"/>
        <line num="90" count="2" type="cond" truecount="1" falsecount="1"/>
        <line num="94" count="6" type="cond" truecount="1" falsecount="0"/>
        <line num="95" count="3" type="stmt"/>
        <line num="96" count="3" type="cond" truecount="1" falsecount="0"/>
        <line num="97" count="1" type="cond" truecount="1" falsecount="1"/>
        <line num="101" count="6" type="cond" truecount="4" falsecount="0"/>
        <line num="102" count="3" type="stmt"/>
        <line num="103" count="3" type="cond" truecount="1" falsecount="0"/>
        <line num="104" count="3" type="cond" truecount="1" falsecount="1"/>
        <line num="110" count="3" type="stmt"/>
        <line num="120" count="4" type="stmt"/>
        <line num="121" count="12" type="stmt"/>
        <line num="123" count="12" type="cond" truecount="1" falsecount="0"/>
        <line num="124" count="7" type="stmt"/>
        <line num="126" count="5" type="stmt"/>
        <line num="127" count="5" type="stmt"/>
        <line num="129" count="5" type="stmt"/>
        <line num="130" count="12" type="cond" truecount="1" falsecount="0"/>
        <line num="131" count="4" type="stmt"/>
        <line num="133" count="8" type="stmt"/>
        <line num="134" count="8" type="stmt"/>
        <line num="135" count="8" type="stmt"/>
        <line num="136" count="8" type="stmt"/>
        <line num="139" count="5" type="stmt"/>
        <line num="149" count="4" type="stmt"/>
        <line num="150" count="1" type="cond" truecount="0" falsecount="1"/>
        <line num="151" count="0" type="stmt"/>
        <line num="153" count="1" type="stmt"/>
        <line num="154" count="1" type="stmt"/>
        <line num="156" count="1" type="cond" truecount="0" falsecount="1"/>
        <line num="157" count="0" type="stmt"/>
        <line num="160" count="1" type="stmt"/>
        <line num="161" count="2" type="stmt"/>
        <line num="162" count="2" type="cond" truecount="1" falsecount="0"/>
        <line num="163" count="1" type="stmt"/>
        <line num="167" count="0" type="stmt"/>
        <line num="177" count="4" type="stmt"/>
        <line num="178" count="3" type="stmt"/>
        <line num="186" count="3" type="cond" truecount="0" falsecount="1"/>
        <line num="187" count="0" type="stmt"/>
        <line num="190" count="3" type="stmt"/>
        <line num="191" count="3" type="stmt"/>
        <line num="195" count="3" type="stmt"/>
        <line num="196" count="5" type="cond" truecount="1" falsecount="0"/>
        <line num="197" count="2" type="stmt"/>
        <line num="198" count="2" type="cond" truecount="1" falsecount="0"/>
        <line num="199" count="2" type="cond" truecount="1" falsecount="1"/>
        <line num="205" count="3" type="cond" truecount="3" falsecount="0"/>
        <line num="206" count="1" type="stmt"/>
        <line num="208" count="1" type="cond" truecount="3" falsecount="0"/>
        <line num="209" count="1" type="stmt"/>
        <line num="212" count="1" type="cond" truecount="2" falsecount="1"/>
        <line num="213" count="0" type="stmt"/>
        <line num="217" count="3" type="stmt"/>
      </file>
    </package>
    <package name="src.react.blocks.hooks">
      <metrics statements="132" coveredstatements="51" conditionals="31" coveredconditionals="8" methods="15" coveredmethods="2"/>
      <file name="useBlock.ts" path="/home/nicholas_io/projects/headless/packages/core/src/react/blocks/hooks/useBlock.ts">
        <metrics statements="26" coveredstatements="22" conditionals="12" coveredconditionals="8" methods="2" coveredmethods="2"/>
        <line num="1" count="2" type="stmt"/>
        <line num="2" count="2" type="stmt"/>
        <line num="3" count="2" type="stmt"/>
        <line num="6" count="2" type="stmt"/>
        <line num="8" count="2" type="stmt"/>
        <line num="20" count="2" type="stmt"/>
        <line num="22" count="2" type="stmt"/>
        <line num="23" count="2" type="stmt"/>
        <line num="28" count="2" type="stmt"/>
        <line num="38" count="2" type="stmt"/>
        <line num="39" count="3" type="stmt"/>
        <line num="41" count="3" type="cond" truecount="0" falsecount="1"/>
        <line num="42" count="0" type="stmt"/>
        <line num="45" count="3" type="cond" truecount="1" falsecount="0"/>
        <line num="50" count="1" type="stmt"/>
        <line num="52" count="1" type="cond" truecount="0" falsecount="1"/>
        <line num="54" count="0" type="stmt"/>
        <line num="60" count="3" type="cond" truecount="2" falsecount="0"/>
        <line num="62" count="3" type="cond" truecount="0" falsecount="1"/>
        <line num="63" count="0" type="cond" truecount="0" falsecount="1"/>
        <line num="64" count="0" type="stmt"/>
        <line num="68" count="3" type="cond" truecount="2" falsecount="0"/>
        <line num="72" count="3" type="cond" truecount="1" falsecount="0"/>
        <line num="73" count="1" type="stmt"/>
        <line num="74" count="1" type="stmt"/>
        <line num="77" count="3" type="stmt"/>
      </file>
      <file name="useBlockAlign.ts" path="/home/nicholas_io/projects/headless/packages/core/src/react/blocks/hooks/useBlockAlign.ts">
        <metrics statements="7" coveredstatements="3" conditionals="1" coveredconditionals="0" methods="1" coveredmethods="0"/>
        <line num="3" count="1" type="stmt"/>
        <line num="4" count="1" type="stmt"/>
        <line num="16" count="1" type="stmt"/>
        <line num="17" count="0" type="stmt"/>
        <line num="19" count="0" type="cond" truecount="0" falsecount="1"/>
        <line num="20" count="0" type="stmt"/>
        <line num="23" count="0" type="stmt"/>
      </file>
      <file name="useBlockAttributes.ts" path="/home/nicholas_io/projects/headless/packages/core/src/react/blocks/hooks/useBlockAttributes.ts">
        <metrics statements="19" coveredstatements="9" conditionals="1" coveredconditionals="0" methods="1" coveredmethods="0"/>
        <line num="2" count="1" type="stmt"/>
        <line num="3" count="1" type="stmt"/>
        <line num="4" count="1" type="stmt"/>
        <line num="5" count="1" type="stmt"/>
        <line num="6" count="1" type="stmt"/>
        <line num="7" count="1" type="stmt"/>
        <line num="8" count="1" type="stmt"/>
        <line num="9" count="1" type="stmt"/>
        <line num="19" count="1" type="stmt"/>
        <line num="20" count="0" type="cond" truecount="0" falsecount="1"/>
        <line num="21" count="0" type="stmt"/>
        <line num="24" count="0" type="stmt"/>
        <line num="25" count="0" type="stmt"/>
        <line num="26" count="0" type="stmt"/>
        <line num="27" count="0" type="stmt"/>
        <line num="28" count="0" type="stmt"/>
        <line num="29" count="0" type="stmt"/>
        <line num="30" count="0" type="stmt"/>
        <line num="32" count="0" type="stmt"/>
      </file>
      <file name="useBlockBorder.ts" path="/home/nicholas_io/projects/headless/packages/core/src/react/blocks/hooks/useBlockBorder.ts">
        <metrics statements="4" coveredstatements="2" conditionals="0" coveredconditionals="0" methods="1" coveredmethods="0"/>
        <line num="3" count="1" type="stmt"/>
        <line num="17" count="1" type="stmt"/>
        <line num="18" count="0" type="stmt"/>
        <line num="20" count="0" type="stmt"/>
      </file>
      <file name="useBlockColors.ts" path="/home/nicholas_io/projects/headless/packages/core/src/react/blocks/hooks/useBlockColors.ts">
        <metrics statements="36" coveredstatements="4" conditionals="7" coveredconditionals="0" methods="5" coveredmethods="0"/>
        <line num="2" count="1" type="stmt"/>
        <line num="4" count="1" type="stmt"/>
        <line num="5" count="1" type="stmt"/>
        <line num="25" count="1" type="stmt"/>
        <line num="26" count="0" type="stmt"/>
        <line num="28" count="0" type="stmt"/>
        <line num="29" count="0" type="stmt"/>
        <line num="30" count="0" type="stmt"/>
        <line num="31" count="0" type="stmt"/>
        <line num="32" count="0" type="stmt"/>
        <line num="33" count="0" type="stmt"/>
        <line num="35" count="0" type="stmt"/>
        <line num="36" count="0" type="stmt"/>
        <line num="38" count="0" type="stmt"/>
        <line num="44" count="0" type="stmt"/>
        <line num="51" count="0" type="stmt"/>
        <line num="62" count="0" type="stmt"/>
        <line num="63" count="0" type="cond" truecount="0" falsecount="1"/>
        <line num="64" count="0" type="stmt"/>
        <line num="65" count="0" type="stmt"/>
        <line num="66" count="0" type="stmt"/>
        <line num="69" count="0" type="cond" truecount="0" falsecount="1"/>
        <line num="70" count="0" type="stmt"/>
        <line num="71" count="0" type="stmt"/>
        <line num="72" count="0" type="stmt"/>
        <line num="75" count="0" type="cond" truecount="0" falsecount="1"/>
        <line num="76" count="0" type="stmt"/>
        <line num="77" count="0" type="stmt"/>
        <line num="78" count="0" type="stmt"/>
        <line num="81" count="0" type="cond" truecount="0" falsecount="1"/>
        <line num="82" count="0" type="stmt"/>
        <line num="83" count="0" type="stmt"/>
        <line num="85" count="0" type="stmt"/>
        <line num="88" count="0" type="cond" truecount="0" falsecount="1"/>
        <line num="89" count="0" type="stmt"/>
        <line num="92" count="0" type="stmt"/>
      </file>
      <file name="useBlockSpacing.ts" path="/home/nicholas_io/projects/headless/packages/core/src/react/blocks/hooks/useBlockSpacing.ts">
        <metrics statements="9" coveredstatements="3" conditionals="4" coveredconditionals="0" methods="1" coveredmethods="0"/>
        <line num="2" count="1" type="stmt"/>
        <line num="4" count="1" type="stmt"/>
        <line num="21" count="1" type="stmt"/>
        <line num="22" count="0" type="stmt"/>
        <line num="23" count="0" type="stmt"/>
        <line num="24" count="0" type="stmt"/>
        <line num="25" count="0" type="stmt"/>
        <line num="26" count="0" type="stmt"/>
        <line num="28" count="0" type="stmt"/>
      </file>
      <file name="useBlockStyle.ts" path="/home/nicholas_io/projects/headless/packages/core/src/react/blocks/hooks/useBlockStyle.ts">
        <metrics statements="3" coveredstatements="2" conditionals="0" coveredconditionals="0" methods="1" coveredmethods="0"/>
        <line num="2" count="1" type="stmt"/>
        <line num="10" count="1" type="stmt"/>
        <line num="11" count="0" type="stmt"/>
      </file>
      <file name="useBlockTypography.ts" path="/home/nicholas_io/projects/headless/packages/core/src/react/blocks/hooks/useBlockTypography.ts">
        <metrics statements="21" coveredstatements="3" conditionals="5" coveredconditionals="0" methods="2" coveredmethods="0"/>
        <line num="2" count="1" type="stmt"/>
        <line num="4" count="1" type="stmt"/>
        <line num="24" count="1" type="stmt"/>
        <line num="25" count="0" type="stmt"/>
        <line num="26" count="0" type="stmt"/>
        <line num="27" count="0" type="stmt"/>
        <line num="28" count="0" type="stmt"/>
        <line num="29" count="0" type="stmt"/>
        <line num="31" count="0" type="stmt"/>
        <line num="32" count="0" type="stmt"/>
        <line num="33" count="0" type="stmt"/>
        <line num="34" count="0" type="stmt"/>
        <line num="35" count="0" type="stmt"/>
        <line num="36" count="0" type="stmt"/>
        <line num="37" count="0" type="stmt"/>
        <line num="39" count="0" type="stmt"/>
        <line num="46" count="0" type="stmt"/>
        <line num="48" count="0" type="cond" truecount="0" falsecount="1"/>
        <line num="49" count="0" type="stmt"/>
        <line num="53" count="0" type="cond" truecount="0" falsecount="2"/>
        <line num="69" count="0" type="stmt"/>
      </file>
      <file name="useBlockWidth.ts" path="/home/nicholas_io/projects/headless/packages/core/src/react/blocks/hooks/useBlockWidth.ts">
        <metrics statements="7" coveredstatements="3" conditionals="1" coveredconditionals="0" methods="1" coveredmethods="0"/>
        <line num="3" count="1" type="stmt"/>
        <line num="4" count="1" type="stmt"/>
        <line num="16" count="1" type="stmt"/>
        <line num="17" count="0" type="stmt"/>
        <line num="19" count="0" type="cond" truecount="0" falsecount="1"/>
        <line num="20" count="0" type="stmt"/>
        <line num="23" count="0" type="stmt"/>
      </file>
    </package>
    <package name="src.react.components">
      <metrics statements="85" coveredstatements="64" conditionals="43" coveredconditionals="20" methods="17" coveredmethods="10"/>
      <file name="BlocksRenderer.tsx" path="/home/nicholas_io/projects/headless/packages/core/src/react/components/BlocksRenderer.tsx">
        <metrics statements="47" coveredstatements="41" conditionals="26" coveredconditionals="19" methods="7" coveredmethods="7"/>
        <line num="1" count="2" type="stmt"/>
        <line num="2" count="2" type="stmt"/>
        <line num="4" count="2" type="stmt"/>
        <line num="6" count="2" type="stmt"/>
        <line num="8" count="2" type="stmt"/>
        <line num="9" count="2" type="stmt"/>
        <line num="113" count="2" type="stmt"/>
        <line num="114" count="28" type="cond" truecount="0" falsecount="1"/>
        <line num="115" count="0" type="stmt"/>
        <line num="118" count="28" type="stmt"/>
        <line num="119" count="28" type="stmt"/>
        <line num="121" count="28" type="cond" truecount="1" falsecount="0"/>
        <line num="122" count="20" type="stmt"/>
        <line num="125" count="8" type="cond" truecount="3" falsecount="0"/>
        <line num="126" count="8" type="stmt"/>
        <line num="129" count="0" type="stmt"/>
        <line num="165" count="2" type="stmt"/>
        <line num="166" count="9" type="stmt"/>
        <line num="167" count="9" type="stmt"/>
        <line num="172" count="9" type="stmt"/>
        <line num="173" count="6" type="cond" truecount="0" falsecount="1"/>
        <line num="174" count="0" type="stmt"/>
        <line num="177" count="6" type="stmt"/>
        <line num="178" count="6" type="stmt"/>
        <line num="181" count="6" type="cond" truecount="1" falsecount="0"/>
        <line num="182" count="4" type="stmt"/>
        <line num="187" count="2" type="cond" truecount="3" falsecount="0"/>
        <line num="188" count="2" type="stmt"/>
        <line num="192" count="0" type="stmt"/>
        <line num="195" count="9" type="cond" truecount="0" falsecount="1"/>
        <line num="196" count="0" type="stmt"/>
        <line num="200" count="9" type="cond" truecount="1" falsecount="1"/>
        <line num="204" count="9" type="stmt"/>
        <line num="206" count="36" type="stmt"/>
        <line num="208" count="36" type="stmt"/>
        <line num="209" count="28" type="cond" truecount="1" falsecount="0"/>
        <line num="213" count="8" type="stmt"/>
        <line num="215" count="8" type="stmt"/>
        <line num="226" count="9" type="cond" truecount="0" falsecount="1"/>
        <line num="227" count="0" type="stmt"/>
        <line num="230" count="9" type="cond" truecount="1" falsecount="0"/>
        <line num="235" count="1" type="stmt"/>
        <line num="238" count="8" type="stmt"/>
        <line num="246" count="36" type="stmt"/>
        <line num="250" count="9" type="stmt"/>
        <line num="257" count="2" type="cond" truecount="1" falsecount="1"/>
        <line num="258" count="2" type="stmt"/>
      </file>
      <file name="HtmlDecoder.tsx" path="/home/nicholas_io/projects/headless/packages/core/src/react/components/HtmlDecoder.tsx">
        <metrics statements="4" coveredstatements="4" conditionals="0" coveredconditionals="0" methods="1" coveredmethods="1"/>
        <line num="2" count="2" type="stmt"/>
        <line num="3" count="2" type="stmt"/>
        <line num="31" count="2" type="stmt"/>
        <line num="32" count="2" type="stmt"/>
      </file>
      <file name="Link.tsx" path="/home/nicholas_io/projects/headless/packages/core/src/react/components/Link.tsx">
        <metrics statements="2" coveredstatements="1" conditionals="0" coveredconditionals="0" methods="1" coveredmethods="0"/>
        <line num="7" count="1" type="stmt"/>
        <line num="8" count="0" type="stmt"/>
      </file>
      <file name="Menu.tsx" path="/home/nicholas_io/projects/headless/packages/core/src/react/components/Menu.tsx">
        <metrics statements="24" coveredstatements="10" conditionals="17" coveredconditionals="1" methods="7" coveredmethods="1"/>
        <line num="5" count="1" type="stmt"/>
        <line num="7" count="1" type="stmt"/>
        <line num="8" count="1" type="stmt"/>
        <line num="38" count="1" type="stmt"/>
        <line num="39" count="0" type="stmt"/>
        <line num="42" count="1" type="stmt"/>
        <line num="43" count="0" type="stmt"/>
        <line num="46" count="1" type="stmt"/>
        <line num="47" count="0" type="stmt"/>
        <line num="49" count="0" type="cond" truecount="0" falsecount="2"/>
        <line num="51" count="0" type="stmt"/>
        <line num="54" count="1" type="stmt"/>
        <line num="62" count="0" type="stmt"/>
        <line num="64" count="0" type="stmt"/>
        <line num="67" count="0" type="stmt"/>
        <line num="71" count="0" type="cond" truecount="0" falsecount="2"/>
        <line num="72" count="0" type="stmt"/>
        <line num="74" count="0" type="stmt"/>
        <line num="109" count="1" type="stmt"/>
        <line num="118" count="0" type="stmt"/>
        <line num="119" count="0" type="stmt"/>
        <line num="120" count="0" type="stmt"/>
        <line num="138" count="1" type="cond" truecount="1" falsecount="1"/>
        <line num="139" count="1" type="stmt"/>
      </file>
      <file name="SafeHtml.tsx" path="/home/nicholas_io/projects/headless/packages/core/src/react/components/SafeHtml.tsx">
        <metrics statements="4" coveredstatements="4" conditionals="0" coveredconditionals="0" methods="1" coveredmethods="1"/>
        <line num="2" count="2" type="stmt"/>
        <line num="4" count="2" type="stmt"/>
        <line num="44" count="2" type="stmt"/>
        <line num="45" count="2" type="stmt"/>
      </file>
      <file name="index.ts" path="/home/nicholas_io/projects/headless/packages/core/src/react/components/index.ts">
        <metrics statements="4" coveredstatements="4" conditionals="0" coveredconditionals="0" methods="0" coveredmethods="0"/>
        <line num="1" count="1" type="stmt"/>
        <line num="2" count="1" type="stmt"/>
        <line num="3" count="1" type="stmt"/>
        <line num="4" count="1" type="stmt"/>
      </file>
    </package>
    <package name="src.react.hooks">
      <metrics statements="164" coveredstatements="152" conditionals="98" coveredconditionals="76" methods="29" coveredmethods="29"/>
      <file name="useFetch.ts" path="/home/nicholas_io/projects/headless/packages/core/src/react/hooks/useFetch.ts">
        <metrics statements="30" coveredstatements="28" conditionals="11" coveredconditionals="8" methods="3" coveredmethods="3"/>
        <line num="1" count="7" type="stmt"/>
        <line num="2" count="7" type="stmt"/>
        <line num="6" count="7" type="stmt"/>
        <line num="8" count="7" type="stmt"/>
        <line num="27" count="7" type="stmt"/>
        <line num="33" count="81" type="stmt"/>
        <line num="34" count="81" type="stmt"/>
        <line num="36" count="81" type="stmt"/>
        <line num="38" count="81" type="stmt"/>
        <line num="39" count="81" type="stmt"/>
        <line num="40" count="81" type="stmt"/>
        <line num="42" count="81" type="stmt"/>
        <line num="44" count="81" type="cond" truecount="1" falsecount="0"/>
        <line num="48" count="81" type="cond" truecount="3" falsecount="0"/>
        <line num="49" count="1" type="stmt"/>
        <line num="56" count="1" type="stmt"/>
        <line num="59" count="81" type="stmt"/>
        <line num="60" count="81" type="stmt"/>
        <line num="62" count="81" type="cond" truecount="0" falsecount="1"/>
        <line num="63" count="0" type="stmt"/>
        <line num="66" count="81" type="stmt"/>
        <line num="69" count="32" type="stmt"/>
        <line num="75" count="23" type="stmt"/>
        <line num="81" count="23" type="cond" truecount="1" falsecount="0"/>
        <line num="82" count="2" type="stmt"/>
        <line num="83" count="2" type="stmt"/>
        <line num="87" count="23" type="stmt"/>
        <line num="92" count="81" type="cond" truecount="0" falsecount="1"/>
        <line num="93" count="0" type="stmt"/>
        <line num="100" count="81" type="stmt"/>
      </file>
      <file name="useFetchAppSettings.ts" path="/home/nicholas_io/projects/headless/packages/core/src/react/hooks/useFetchAppSettings.ts">
        <metrics statements="14" coveredstatements="12" conditionals="9" coveredconditionals="7" methods="3" coveredmethods="3"/>
        <line num="1" count="1" type="stmt"/>
        <line num="2" count="1" type="stmt"/>
        <line num="4" count="1" type="stmt"/>
        <line num="5" count="1" type="stmt"/>
        <line num="21" count="1" type="stmt"/>
        <line num="28" count="1" type="stmt"/>
        <line num="34" count="1" type="cond" truecount="3" falsecount="0"/>
        <line num="35" count="1" type="stmt"/>
        <line num="36" count="1" type="stmt"/>
        <line num="39" count="0" type="stmt"/>
        <line num="41" count="0" type="stmt"/>
        <line num="48" count="1" type="cond" truecount="1" falsecount="1"/>
        <line num="49" count="1" type="stmt"/>
        <line num="55" count="1" type="cond" truecount="2" falsecount="0"/>
      </file>
      <file name="useFetchAuthorArchive.ts" path="/home/nicholas_io/projects/headless/packages/core/src/react/hooks/useFetchAuthorArchive.ts">
        <metrics statements="8" coveredstatements="8" conditionals="7" coveredconditionals="5" methods="3" coveredmethods="3"/>
        <line num="1" count="1" type="stmt"/>
        <line num="7" count="1" type="stmt"/>
        <line num="9" count="1" type="stmt"/>
        <line num="22" count="1" type="stmt"/>
        <line num="26" count="1" type="stmt"/>
        <line num="33" count="1" type="cond" truecount="1" falsecount="1"/>
        <line num="34" count="1" type="stmt"/>
        <line num="40" count="1" type="cond" truecount="2" falsecount="0"/>
      </file>
      <file name="useFetchPost.ts" path="/home/nicholas_io/projects/headless/packages/core/src/react/hooks/useFetchPost.ts">
        <metrics statements="14" coveredstatements="14" conditionals="12" coveredconditionals="10" methods="3" coveredmethods="3"/>
        <line num="1" count="2" type="stmt"/>
        <line num="3" count="2" type="stmt"/>
        <line num="11" count="2" type="stmt"/>
        <line num="12" count="2" type="stmt"/>
        <line num="30" count="2" type="stmt"/>
        <line num="35" count="31" type="stmt"/>
        <line num="42" count="31" type="cond" truecount="3" falsecount="0"/>
        <line num="43" count="18" type="stmt"/>
        <line num="44" count="18" type="cond" truecount="2" falsecount="0"/>
        <line num="47" count="13" type="stmt"/>
        <line num="53" count="13" type="stmt"/>
        <line num="60" count="2" type="cond" truecount="1" falsecount="1"/>
        <line num="61" count="2" type="stmt"/>
        <line num="64" count="31" type="cond" truecount="2" falsecount="0"/>
      </file>
      <file name="useFetchPostOrPosts.ts" path="/home/nicholas_io/projects/headless/packages/core/src/react/hooks/useFetchPostOrPosts.ts">
        <metrics statements="19" coveredstatements="19" conditionals="17" coveredconditionals="13" methods="3" coveredmethods="3"/>
        <line num="1" count="1" type="stmt"/>
        <line num="4" count="1" type="stmt"/>
        <line num="5" count="1" type="stmt"/>
        <line num="6" count="1" type="stmt"/>
        <line num="11" count="1" type="stmt"/>
        <line num="12" count="1" type="stmt"/>
        <line num="32" count="1" type="stmt"/>
        <line num="40" count="7" type="stmt"/>
        <line num="47" count="7" type="stmt"/>
        <line num="54" count="7" type="stmt"/>
        <line num="62" count="7" type="cond" truecount="3" falsecount="0"/>
        <line num="63" count="2" type="stmt"/>
        <line num="68" count="2" type="stmt"/>
        <line num="78" count="5" type="cond" truecount="1" falsecount="0"/>
        <line num="79" count="3" type="stmt"/>
        <line num="88" count="2" type="stmt"/>
        <line num="101" count="1" type="cond" truecount="1" falsecount="1"/>
        <line num="102" count="1" type="stmt"/>
        <line num="109" count="7" type="cond" truecount="2" falsecount="0"/>
      </file>
      <file name="useFetchPosts.ts" path="/home/nicholas_io/projects/headless/packages/core/src/react/hooks/useFetchPosts.ts">
        <metrics statements="40" coveredstatements="35" conditionals="21" coveredconditionals="17" methods="5" coveredmethods="5"/>
        <line num="1" count="3" type="stmt"/>
        <line num="4" count="3" type="stmt"/>
        <line num="14" count="3" type="stmt"/>
        <line num="15" count="3" type="stmt"/>
        <line num="16" count="3" type="stmt"/>
        <line num="17" count="3" type="stmt"/>
        <line num="79" count="3" type="stmt"/>
        <line num="93" count="32" type="cond" truecount="2" falsecount="0"/>
        <line num="94" count="32" type="stmt"/>
        <line num="96" count="32" type="stmt"/>
        <line num="108" count="32" type="cond" truecount="1" falsecount="0"/>
        <line num="109" count="7" type="stmt"/>
        <line num="110" count="7" type="stmt"/>
        <line num="113" count="32" type="cond" truecount="1" falsecount="0"/>
        <line num="114" count="19" type="stmt"/>
        <line num="115" count="19" type="stmt"/>
        <line num="118" count="32" type="cond" truecount="0" falsecount="1"/>
        <line num="119" count="0" type="stmt"/>
        <line num="120" count="0" type="stmt"/>
        <line num="123" count="32" type="cond" truecount="1" falsecount="1"/>
        <line num="124" count="0" type="stmt"/>
        <line num="125" count="0" type="stmt"/>
        <line num="126" count="0" type="stmt"/>
        <line num="128" count="32" type="stmt"/>
        <line num="131" count="32" type="stmt"/>
        <line num="133" count="32" type="stmt"/>
        <line num="134" count="64" type="stmt"/>
        <line num="135" count="64" type="cond" truecount="1" falsecount="0"/>
        <line num="136" count="19" type="stmt"/>
        <line num="137" count="19" type="stmt"/>
        <line num="141" count="32" type="cond" truecount="3" falsecount="0"/>
        <line num="142" count="17" type="stmt"/>
        <line num="148" count="17" type="stmt"/>
        <line num="151" count="15" type="stmt"/>
        <line num="153" count="15" type="stmt"/>
        <line num="154" count="90" type="stmt"/>
        <line num="157" count="15" type="stmt"/>
        <line num="169" count="3" type="cond" truecount="1" falsecount="1"/>
        <line num="170" count="3" type="stmt"/>
        <line num="176" count="31" type="cond" truecount="2" falsecount="0"/>
      </file>
      <file name="useFetchSearch.ts" path="/home/nicholas_io/projects/headless/packages/core/src/react/hooks/useFetchSearch.ts">
        <metrics statements="18" coveredstatements="18" conditionals="10" coveredconditionals="8" methods="4" coveredmethods="4"/>
        <line num="1" count="1" type="stmt"/>
        <line num="4" count="1" type="stmt"/>
        <line num="14" count="1" type="stmt"/>
        <line num="15" count="1" type="stmt"/>
        <line num="32" count="1" type="stmt"/>
        <line num="40" count="9" type="stmt"/>
        <line num="47" count="9" type="cond" truecount="3" falsecount="0"/>
        <line num="48" count="5" type="stmt"/>
        <line num="53" count="5" type="stmt"/>
        <line num="56" count="4" type="stmt"/>
        <line num="58" count="4" type="stmt"/>
        <line num="59" count="11" type="stmt"/>
        <line num="60" count="11" type="stmt"/>
        <line num="62" count="11" type="stmt"/>
        <line num="65" count="4" type="stmt"/>
        <line num="72" count="1" type="cond" truecount="1" falsecount="1"/>
        <line num="73" count="1" type="stmt"/>
        <line num="79" count="9" type="cond" truecount="2" falsecount="0"/>
      </file>
      <file name="useFetchTerms.ts" path="/home/nicholas_io/projects/headless/packages/core/src/react/hooks/useFetchTerms.ts">
        <metrics statements="14" coveredstatements="12" conditionals="9" coveredconditionals="8" methods="3" coveredmethods="3"/>
        <line num="1" count="1" type="stmt"/>
        <line num="4" count="1" type="stmt"/>
        <line num="11" count="1" type="stmt"/>
        <line num="12" count="1" type="stmt"/>
        <line num="29" count="1" type="stmt"/>
        <line num="37" count="1" type="stmt"/>
        <line num="44" count="1" type="cond" truecount="3" falsecount="0"/>
        <line num="45" count="1" type="stmt"/>
        <line num="49" count="1" type="stmt"/>
        <line num="52" count="0" type="stmt"/>
        <line num="54" count="0" type="stmt"/>
        <line num="61" count="1" type="cond" truecount="1" falsecount="1"/>
        <line num="62" count="1" type="stmt"/>
        <line num="68" count="1" type="cond" truecount="2" falsecount="0"/>
      </file>
      <file name="util.ts" path="/home/nicholas_io/projects/headless/packages/core/src/react/hooks/util.ts">
        <metrics statements="7" coveredstatements="6" conditionals="2" coveredconditionals="0" methods="2" coveredmethods="2"/>
        <line num="1" count="7" type="stmt"/>
        <line num="3" count="7" type="stmt"/>
        <line num="5" count="7" type="cond" truecount="0" falsecount="1"/>
        <line num="6" count="91" type="stmt"/>
        <line num="8" count="20" type="cond" truecount="0" falsecount="1"/>
        <line num="9" count="0" type="stmt"/>
        <line num="12" count="20" type="stmt"/>
      </file>
    </package>
    <package name="src.react.provider">
      <metrics statements="51" coveredstatements="47" conditionals="20" coveredconditionals="17" methods="12" coveredmethods="9"/>
      <file name="DataFetchingProvider.tsx" path="/home/nicholas_io/projects/headless/packages/core/src/react/provider/DataFetchingProvider.tsx">
        <metrics statements="4" coveredstatements="3" conditionals="0" coveredconditionals="0" methods="2" coveredmethods="0"/>
        <line num="2" count="11" type="stmt"/>
        <line num="4" count="11" type="stmt"/>
        <line num="17" count="11" type="stmt"/>
        <line num="22" count="0" type="stmt"/>
      </file>
      <file name="Provider.tsx" path="/home/nicholas_io/projects/headless/packages/core/src/react/provider/Provider.tsx">
        <metrics statements="7" coveredstatements="7" conditionals="0" coveredconditionals="0" methods="2" coveredmethods="2"/>
        <line num="1" count="11" type="stmt"/>
        <line num="2" count="11" type="stmt"/>
        <line num="5" count="11" type="stmt"/>
        <line num="11" count="11" type="stmt"/>
        <line num="12" count="40" type="stmt"/>
        <line num="13" count="40" type="stmt"/>
        <line num="20" count="40" type="stmt"/>
      </file>
      <file name="ThemeSettingsProvider.tsx" path="/home/nicholas_io/projects/headless/packages/core/src/react/provider/ThemeSettingsProvider.tsx">
        <metrics statements="4" coveredstatements="4" conditionals="0" coveredconditionals="0" methods="1" coveredmethods="1"/>
        <line num="1" count="12" type="stmt"/>
        <line num="4" count="12" type="stmt"/>
        <line num="10" count="12" type="stmt"/>
        <line num="11" count="5" type="stmt"/>
      </file>
      <file name="index.ts" path="/home/nicholas_io/projects/headless/packages/core/src/react/provider/index.ts">
        <metrics statements="8" coveredstatements="8" conditionals="0" coveredconditionals="0" methods="0" coveredmethods="0"/>
        <line num="1" count="11" type="stmt"/>
        <line num="2" count="11" type="stmt"/>
        <line num="3" count="11" type="stmt"/>
        <line num="4" count="11" type="stmt"/>
        <line num="5" count="11" type="stmt"/>
        <line num="6" count="11" type="stmt"/>
        <line num="7" count="11" type="stmt"/>
        <line num="8" count="11" type="stmt"/>
      </file>
      <file name="useSettings.ts" path="/home/nicholas_io/projects/headless/packages/core/src/react/provider/useSettings.ts">
        <metrics statements="4" coveredstatements="4" conditionals="0" coveredconditionals="0" methods="1" coveredmethods="1"/>
        <line num="1" count="11" type="stmt"/>
        <line num="2" count="11" type="stmt"/>
        <line num="4" count="11" type="stmt"/>
        <line num="5" count="125" type="stmt"/>
      </file>
      <file name="useThemeSetting.ts" path="/home/nicholas_io/projects/headless/packages/core/src/react/provider/useThemeSetting.ts">
        <metrics statements="14" coveredstatements="13" conditionals="20" coveredconditionals="17" methods="4" coveredmethods="4"/>
        <line num="1" count="12" type="stmt"/>
        <line num="3" count="12" type="cond" truecount="1" falsecount="0"/>
        <line num="4" count="8" type="stmt"/>
        <line num="5" count="16" type="stmt"/>
        <line num="8" count="31" type="cond" truecount="4" falsecount="0"/>
        <line num="9" count="8" type="cond" truecount="2" falsecount="0"/>
        <line num="10" count="8" type="cond" truecount="4" falsecount="0"/>
        <line num="22" count="12" type="stmt"/>
        <line num="28" count="6" type="stmt"/>
        <line num="30" count="6" type="cond" truecount="3" falsecount="0"/>
        <line num="31" count="1" type="stmt"/>
        <line num="35" count="5" type="cond" truecount="2" falsecount="1"/>
        <line num="36" count="0" type="stmt"/>
[...]
        <line num="24" count="32" type="stmt"/>
        <line num="26" count="3" type="stmt"/>
        <line num="27" count="3" type="stmt"/>
        <line num="31" count="32" type="stmt"/>
        <line num="33" count="21" type="stmt"/>
        <line num="34" count="21" type="stmt"/>
        <line num="45" count="32" type="stmt"/>
        <line num="46" count="3" type="cond" truecount="1" falsecount="0"/>
        <line num="48" count="2" type="stmt"/>
      </file>
      <file name="fetchRedirect.ts" path="/home/nicholas_io/projects/headless/packages/core/src/utils/fetchRedirect.ts">
        <metrics statements="28" coveredstatements="27" conditionals="14" coveredconditionals="10" methods="3" coveredmethods="3"/>
        <line num="1" count="28" type="stmt"/>
        <line num="2" count="28" type="stmt"/>
        <line num="3" count="28" type="stmt"/>
        <line num="21" count="28" type="stmt"/>
        <line num="24" count="5" type="stmt"/>
        <line num="25" count="5" type="stmt"/>
        <line num="27" count="13" type="cond" truecount="1" falsecount="0"/>
        <line num="28" count="1" type="stmt"/>
        <line num="31" count="4" type="stmt"/>
        <line num="32" count="4" type="stmt"/>
        <line num="34" count="4" type="stmt"/>
        <line num="35" count="4" type="stmt"/>
        <line num="37" count="4" type="stmt"/>
        <line num="51" count="28" type="stmt"/>
        <line num="52" count="6" type="stmt"/>
        <line num="54" count="6" type="stmt"/>
        <line num="56" count="6" type="stmt"/>
        <line num="64" count="6" type="stmt"/>
        <line num="66" count="6" type="cond" truecount="0" falsecount="1"/>
        <line num="67" count="0" type="stmt"/>
        <line num="73" count="6" type="cond" truecount="1" falsecount="0"/>
        <line num="79" count="5" type="stmt"/>
        <line num="80" count="5" type="stmt"/>
        <line num="85" count="5" type="cond" truecount="1" falsecount="0"/>
        <line num="86" count="4" type="stmt"/>
        <line num="89" count="1" type="stmt"/>
        <line num="94" count="4" type="stmt"/>
        <line num="98" count="1" type="stmt"/>
      </file>
      <file name="getHeadlessConfig.ts" path="/home/nicholas_io/projects/headless/packages/core/src/utils/getHeadlessConfig.ts">
        <metrics statements="81" coveredstatements="70" conditionals="60" coveredconditionals="50" methods="24" coveredmethods="18"/>
        <line num="1" count="31" type="stmt"/>
        <line num="4" count="31" type="stmt"/>
        <line num="6" count="31" type="stmt"/>
        <line num="7" count="54" type="stmt"/>
        <line num="10" count="31" type="stmt"/>
        <line num="22" count="31" type="stmt"/>
        <line num="33" count="1188" type="stmt"/>
        <line num="35" count="1188" type="stmt"/>
        <line num="46" count="26" type="cond" truecount="3" falsecount="0"/>
        <line num="47" count="14" type="stmt"/>
        <line num="48" count="14" type="stmt"/>
        <line num="50" count="14" type="stmt"/>
        <line num="55" count="0" type="stmt"/>
        <line num="59" count="12" type="stmt"/>
        <line num="63" count="1188" type="stmt"/>
        <line num="66" count="31" type="stmt"/>
        <line num="73" count="31" type="stmt"/>
        <line num="74" count="292" type="stmt"/>
        <line num="75" count="292" type="stmt"/>
        <line num="86" count="292" type="stmt"/>
        <line num="97" count="31" type="stmt"/>
        <line num="98" count="7" type="stmt"/>
        <line num="99" count="7" type="stmt"/>
        <line num="101" count="7" type="cond" truecount="3" falsecount="0"/>
        <line num="102" count="2" type="stmt"/>
        <line num="103" count="2" type="stmt"/>
        <line num="104" count="2" type="stmt"/>
        <line num="111" count="7" type="cond" truecount="2" falsecount="0"/>
        <line num="113" count="11" type="stmt"/>
        <line num="115" count="11" type="cond" truecount="3" falsecount="0"/>
        <line num="116" count="7" type="cond" truecount="2" falsecount="0"/>
        <line num="119" count="4" type="stmt"/>
        <line num="122" count="7" type="cond" truecount="1" falsecount="0"/>
        <line num="123" count="2" type="stmt"/>
        <line num="126" count="5" type="stmt"/>
        <line num="135" count="31" type="stmt"/>
        <line num="136" count="287" type="stmt"/>
        <line num="137" count="287" type="cond" truecount="2" falsecount="0"/>
        <line num="139" count="287" type="stmt"/>
        <line num="147" count="31" type="stmt"/>
        <line num="148" count="0" type="cond" truecount="0" falsecount="2"/>
        <line num="150" count="0" type="cond" truecount="0" falsecount="1"/>
        <line num="151" count="0" type="stmt"/>
        <line num="154" count="0" type="stmt"/>
        <line num="162" count="31" type="stmt"/>
        <line num="163" count="373" type="cond" truecount="1" falsecount="1"/>
        <line num="165" count="373" type="cond" truecount="2" falsecount="0"/>
        <line num="167" count="373" type="stmt"/>
        <line num="168" count="373" type="stmt"/>
        <line num="170" count="373" type="cond" truecount="1" falsecount="0"/>
        <line num="171" count="298" type="stmt"/>
        <line num="178" count="373" type="cond" truecount="1" falsecount="0"/>
        <line num="179" count="298" type="stmt"/>
        <line num="187" count="373" type="stmt"/>
        <line num="197" count="31" type="stmt"/>
        <line num="198" count="58" type="stmt"/>
        <line num="200" count="62" type="stmt"/>
        <line num="208" count="31" type="stmt"/>
        <line num="209" count="0" type="cond" truecount="0" falsecount="2"/>
        <line num="211" count="0" type="cond" truecount="0" falsecount="1"/>
        <line num="212" count="0" type="stmt"/>
        <line num="215" count="0" type="stmt"/>
        <line num="223" count="31" type="stmt"/>
        <line num="224" count="27" type="cond" truecount="2" falsecount="0"/>
        <line num="226" count="27" type="cond" truecount="2" falsecount="0"/>
        <line num="228" count="62" type="stmt"/>
        <line num="229" count="44" type="stmt"/>
        <line num="231" count="27" type="cond" truecount="1" falsecount="0"/>
        <line num="232" count="9" type="stmt"/>
        <line num="239" count="27" type="cond" truecount="1" falsecount="0"/>
        <line num="240" count="9" type="stmt"/>
        <line num="248" count="27" type="stmt"/>
        <line num="257" count="31" type="stmt"/>
        <line num="258" count="27" type="stmt"/>
        <line num="260" count="39" type="stmt"/>
        <line num="266" count="31" type="stmt"/>
        <line num="267" count="95" type="stmt"/>
        <line num="268" count="95" type="cond" truecount="2" falsecount="0"/>
        <line num="274" count="31" type="stmt"/>
        <line num="275" count="0" type="stmt"/>
        <line num="276" count="0" type="cond" truecount="0" falsecount="2"/>
      </file>
      <file name="index.ts" path="/home/nicholas_io/projects/headless/packages/core/src/utils/index.ts">
        <metrics statements="10" coveredstatements="10" conditionals="0" coveredconditionals="0" methods="0" coveredmethods="0"/>
        <line num="1" count="27" type="stmt"/>
        <line num="2" count="27" type="stmt"/>
        <line num="3" count="27" type="stmt"/>
        <line num="4" count="27" type="stmt"/>
        <line num="5" count="27" type="stmt"/>
        <line num="6" count="27" type="stmt"/>
        <line num="7" count="27" type="stmt"/>
        <line num="8" count="27" type="stmt"/>
        <line num="9" count="27" type="stmt"/>
        <line num="10" count="27" type="stmt"/>
      </file>
      <file name="isExternalUrl.ts" path="/home/nicholas_io/projects/headless/packages/core/src/utils/isExternalUrl.ts">
        <metrics statements="5" coveredstatements="5" conditionals="0" coveredconditionals="0" methods="1" coveredmethods="1"/>
        <line num="12" count="31" type="stmt"/>
        <line num="13" count="32" type="stmt"/>
        <line num="14" count="32" type="stmt"/>
        <line num="15" count="15" type="stmt"/>
        <line num="17" count="17" type="stmt"/>
      </file>
      <file name="isInternalLink.ts" path="/home/nicholas_io/projects/headless/packages/core/src/utils/isInternalLink.ts">
        <metrics statements="8" coveredstatements="8" conditionals="5" coveredconditionals="5" methods="2" coveredmethods="2"/>
        <line num="1" count="31" type="stmt"/>
        <line num="2" count="31" type="stmt"/>
        <line num="3" count="31" type="stmt"/>
        <line num="14" count="31" type="stmt"/>
        <line num="15" count="23" type="stmt"/>
        <line num="21" count="23" type="cond" truecount="1" falsecount="0"/>
        <line num="22" count="8" type="stmt"/>
        <line num="25" count="42" type="stmt"/>
      </file>
      <file name="log.ts" path="/home/nicholas_io/projects/headless/packages/core/src/utils/log.ts">
        <metrics statements="19" coveredstatements="6" conditionals="8" coveredconditionals="2" methods="2" coveredmethods="1"/>
        <line num="2" count="28" type="cond" truecount="2" falsecount="0"/>
        <line num="3" count="28" type="stmt"/>
        <line num="4" count="28" type="stmt"/>
        <line num="5" count="28" type="stmt"/>
        <line num="6" count="28" type="stmt"/>
        <line num="9" count="28" type="stmt"/>
        <line num="10" count="0" type="cond" truecount="0" falsecount="1"/>
        <line num="11" count="0" type="stmt"/>
        <line num="14" count="0" type="stmt"/>
        <line num="15" count="0" type="cond" truecount="0" falsecount="5"/>
        <line num="17" count="0" type="stmt"/>
        <line num="18" count="0" type="stmt"/>
        <line num="20" count="0" type="stmt"/>
        <line num="21" count="0" type="stmt"/>
        <line num="23" count="0" type="stmt"/>
        <line num="24" count="0" type="stmt"/>
        <line num="26" count="0" type="stmt"/>
        <line num="27" count="0" type="stmt"/>
        <line num="29" count="0" type="stmt"/>
      </file>
      <file name="removeSourceUrl.ts" path="/home/nicholas_io/projects/headless/packages/core/src/utils/removeSourceUrl.ts">
        <metrics statements="18" coveredstatements="14" conditionals="9" coveredconditionals="7" methods="1" coveredmethods="1"/>
        <line num="1" count="32" type="stmt"/>
        <line num="30" count="32" type="cond" truecount="1" falsecount="0"/>
        <line num="31" count="73" type="cond" truecount="0" falsecount="1"/>
        <line num="32" count="0" type="stmt"/>
        <line num="33" count="0" type="stmt"/>
        <line num="36" count="73" type="cond" truecount="0" falsecount="1"/>
        <line num="37" count="0" type="stmt"/>
        <line num="38" count="0" type="stmt"/>
        <line num="43" count="73" type="stmt"/>
        <line num="44" count="73" type="stmt"/>
        <line num="46" count="73" type="cond" truecount="3" falsecount="0"/>
        <line num="47" count="13" type="stmt"/>
        <line num="50" count="60" type="stmt"/>
        <line num="51" count="60" type="stmt"/>
        <line num="53" count="60" type="stmt"/>
        <line num="57" count="60" type="cond" truecount="3" falsecount="0"/>
        <line num="58" count="52" type="stmt"/>
        <line num="62" count="8" type="stmt"/>
      </file>
      <file name="url.ts" path="/home/nicholas_io/projects/headless/packages/core/src/utils/url.ts">
        <metrics statements="50" coveredstatements="47" conditionals="30" coveredconditionals="18" methods="6" coveredmethods="6"/>
        <line num="12" count="86" type="stmt"/>
        <line num="13" count="86" type="stmt"/>
        <line num="14" count="86" type="stmt"/>
        <line num="15" count="86" type="stmt"/>
        <line num="17" count="86" type="cond" truecount="1" falsecount="2"/>
        <line num="20" count="0" type="stmt"/>
        <line num="23" count="86" type="cond" truecount="1" falsecount="1"/>
        <line num="27" count="86" type="stmt"/>
        <line num="29" count="86" type="stmt"/>
        <line num="37" count="86" type="cond" truecount="1" falsecount="2"/>
        <line num="40" count="0" type="stmt"/>
        <line num="45" count="86" type="stmt"/>
        <line num="49" count="28" type="stmt"/>
        <line num="51" count="80" type="stmt"/>
        <line num="52" count="80" type="stmt"/>
        <line num="57" count="80" type="cond" truecount="1" falsecount="0"/>
        <line num="58" count="80" type="stmt"/>
        <line num="61" count="0" type="stmt"/>
        <line num="78" count="28" type="stmt"/>
        <line num="79" count="80" type="stmt"/>
        <line num="88" count="86" type="cond" truecount="0" falsecount="1"/>
        <line num="95" count="86" type="cond" truecount="1" falsecount="0"/>
        <line num="96" count="86" type="stmt"/>
        <line num="97" count="86" type="stmt"/>
        <line num="100" count="86" type="stmt"/>
        <line num="129" count="28" type="stmt"/>
        <line num="130" count="262" type="stmt"/>
        <line num="132" count="262" type="stmt"/>
        <line num="136" count="262" type="stmt"/>
        <line num="138" count="410" type="stmt"/>
        <line num="141" count="410" type="cond" truecount="3" falsecount="0"/>
        <line num="143" count="410" type="cond" truecount="2" falsecount="0"/>
        <line num="147" count="16" type="stmt"/>
        <line num="148" count="16" type="stmt"/>
        <line num="149" count="29" type="stmt"/>
        <line num="151" count="394" type="cond" truecount="1" falsecount="0"/>
        <line num="153" count="391" type="cond" truecount="1" falsecount="0"/>
        <line num="154" count="1" type="stmt"/>
        <line num="157" count="391" type="stmt"/>
        <line num="164" count="262" type="stmt"/>
        <line num="167" count="28" type="stmt"/>
        <line num="169" count="408" type="cond" truecount="3" falsecount="0"/>
        <line num="170" count="146" type="stmt"/>
        <line num="173" count="262" type="stmt"/>
        <line num="175" count="262" type="stmt"/>
        <line num="177" count="262" type="stmt"/>
        <line num="178" count="262" type="cond" truecount="1" falsecount="0"/>
        <line num="180" count="80" type="stmt"/>
        <line num="183" count="80" type="stmt"/>
        <line num="186" count="262" type="stmt"/>
      </file>
    </package>
    <package name="test">
      <metrics statements="78" coveredstatements="73" conditionals="28" coveredconditionals="26" methods="26" coveredmethods="23"/>
      <file name="server-handlers.ts" path="/home/nicholas_io/projects/headless/packages/core/test/server-handlers.ts">
        <metrics statements="73" coveredstatements="68" conditionals="28" coveredconditionals="26" methods="23" coveredmethods="21"/>
        <line num="1" count="38" type="stmt"/>
        <line num="2" count="38" type="stmt"/>
        <line num="3" count="38" type="stmt"/>
        <line num="9" count="38" type="stmt"/>
        <line num="10" count="38" type="stmt"/>
        <line num="12" count="38" type="stmt"/>
        <line num="14" count="1" type="stmt"/>
        <line num="18" count="1" type="stmt"/>
        <line num="22" count="1" type="stmt"/>
        <line num="26" count="2" type="stmt"/>
        <line num="30" count="0" type="stmt"/>
        <line num="34" count="1" type="stmt"/>
        <line num="38" count="1" type="stmt"/>
        <line num="42" count="1" type="stmt"/>
        <line num="46" count="50" type="stmt"/>
        <line num="47" count="50" type="stmt"/>
        <line num="48" count="50" type="stmt"/>
        <line num="49" count="50" type="cond" truecount="2" falsecount="0"/>
        <line num="50" count="50" type="stmt"/>
        <line num="51" count="50" type="stmt"/>
        <line num="52" count="50" type="stmt"/>
        <line num="54" count="50" type="stmt"/>
        <line num="56" count="50" type="cond" truecount="1" falsecount="0"/>
        <line num="58" count="20" type="stmt"/>
        <line num="61" count="50" type="cond" truecount="3" falsecount="0"/>
        <line num="62" count="150" type="stmt"/>
        <line num="65" count="50" type="cond" truecount="1" falsecount="0"/>
        <line num="66" count="6" type="stmt"/>
        <line num="67" count="60" type="stmt"/>
        <line num="73" count="50" type="cond" truecount="1" falsecount="0"/>
        <line num="74" count="12" type="stmt"/>
        <line num="75" count="120" type="stmt"/>
        <line num="76" count="210" type="cond" truecount="1" falsecount="0"/>
        <line num="77" count="10" type="cond" truecount="2" falsecount="0"/>
        <line num="80" count="200" type="cond" truecount="1" falsecount="0"/>
        <line num="81" count="200" type="stmt"/>
        <line num="87" count="0" type="stmt"/>
        <line num="92" count="50" type="cond" truecount="1" falsecount="0"/>
        <line num="93" count="3" type="stmt"/>
        <line num="94" count="30" type="stmt"/>
        <line num="95" count="30" type="cond" truecount="1" falsecount="0"/>
        <line num="96" count="10" type="stmt"/>
        <line num="99" count="20" type="cond" truecount="1" falsecount="0"/>
        <line num="100" count="20" type="stmt"/>
        <line num="103" count="0" type="stmt"/>
        <line num="108" count="50" type="stmt"/>
        <line num="110" count="50" type="cond" truecount="1" falsecount="0"/>
        <line num="111" count="50" type="stmt"/>
        <line num="114" count="50" type="stmt"/>
        <line num="124" count="2" type="stmt"/>
        <line num="125" count="2" type="stmt"/>
        <line num="128" count="2" type="cond" truecount="0" falsecount="1"/>
        <line num="129" count="0" type="stmt"/>
        <line num="132" count="2" type="cond" truecount="1" falsecount="0"/>
        <line num="134" count="2" type="stmt"/>
        <line num="135" count="20" type="stmt"/>
        <line num="136" count="2" type="stmt"/>
        <line num="144" count="2" type="stmt"/>
        <line num="148" count="7" type="stmt"/>
        <line num="159" count="5" type="stmt"/>
        <line num="160" count="5" type="stmt"/>
        <line num="162" count="5" type="stmt"/>
        <line num="164" count="5" type="cond" truecount="0" falsecount="1"/>
        <line num="166" count="0" type="stmt"/>
        <line num="168" count="5" type="stmt"/>
        <line num="170" count="5" type="cond" truecount="1" falsecount="0"/>
        <line num="171" count="50" type="stmt"/>
        <line num="175" count="5" type="cond" truecount="1" falsecount="0"/>
        <line num="176" count="3" type="cond" truecount="1" falsecount="0"/>
        <line num="180" count="1" type="stmt"/>
        <line num="183" count="2" type="stmt"/>
        <line num="194" count="2" type="stmt"/>
        <line num="198" count="38" type="stmt"/>
      </file>
      <file name="server.ts" path="/home/nicholas_io/projects/headless/packages/core/test/server.ts">
        <metrics statements="5" coveredstatements="5" conditionals="0" coveredconditionals="0" methods="3" coveredmethods="2"/>
        <line num="1" count="38" type="stmt"/>
        <line num="2" count="38" type="stmt"/>
        <line num="3" count="38" type="stmt"/>
        <line num="5" count="38" type="stmt"/>
        <line num="6" count="40" type="stmt"/>
      </file>
    </package>
    <package name="test.mocks">
      <metrics statements="3" coveredstatements="3" conditionals="0" coveredconditionals="0" methods="1" coveredmethods="1"/>
      <file name="redirect.ts" path="/home/nicholas_io/projects/headless/packages/core/test/mocks/redirect.ts">
        <metrics statements="3" coveredstatements="3" conditionals="0" coveredconditionals="0" methods="1" coveredmethods="1"/>
        <line num="1" count="38" type="stmt"/>
        <line num="3" count="38" type="stmt"/>
        <line num="4" count="5" type="stmt"/>
      </file>
    </package>
  </project>
</coverage>
