{"/home/nicholas_io/projects/headless/packages/core/src/data/index.ts": {"path":"/home/nicholas_io/projects/headless/packages/core/src/data/index.ts","statementMap":{"0":{"start":{"line":1,"column":0},"end":{"line":1,"column":22}},"1":{"start":{"line":2,"column":0},"end":{"line":2,"column":29}},"2":{"start":{"line":3,"column":0},"end":{"line":3,"column":24}},"3":{"start":{"line":4,"column":0},"end":{"line":4,"column":24}}},"fnMap":{},"branchMap":{},"s":{"0":7,"1":7,"2":7,"3":7},"f":{},"b":{}}
,"/home/nicholas_io/projects/headless/packages/core/src/data/api/fetch-utils.ts": {"path":"/home/nicholas_io/projects/headless/packages/core/src/data/api/fetch-utils.ts","statementMap":{"0":{"start":{"line":1,"column":0},"end":{"line":1,"column":76}},"1":{"start":{"line":3,"column":29},"end":{"line":5,"column":1}},"2":{"start":{"line":4,"column":1},"end":{"line":4,"column":13}},"3":{"start":{"line":3,"column":13},"end":{"line":3,"column":29}},"4":{"start":{"line":17,"column":23},"end":{"line":33,"column":1}},"5":{"start":{"line":18,"column":18},"end":{"line":24,"column":3}},"6":{"start":{"line":26,"column":16},"end":{"line":26,"column":35}},"7":{"start":{"line":28,"column":1},"end":{"line":30,"column":null}},"8":{"start":{"line":29,"column":2},"end":{"line":29,"column":40}},"9":{"start":{"line":32,"column":1},"end":{"line":32,"column":24}},"10":{"start":{"line":17,"column":13},"end":{"line":17,"column":23}},"11":{"start":{"line":46,"column":22},"end":{"line":86,"column":1}},"12":{"start":{"line":51,"column":17},"end":{"line":51,"column":32}},"13":{"start":{"line":53,"column":1},"end":{"line":55,"column":null}},"14":{"start":{"line":54,"column":2},"end":{"line":54,"column":25}},"15":{"start":{"line":57,"column":19},"end":{"line":61,"column":6}},"16":{"start":{"line":63,"column":16},"end":{"line":63,"column":35}},"17":{"start":{"line":65,"column":18},"end":{"line":65,"column":46}},"18":{"start":{"line":67,"column":1},"end":{"line":69,"column":null}},"19":{"start":{"line":68,"column":2},"end":{"line":68,"column":44}},"20":{"start":{"line":71,"column":14},"end":{"line":71,"column":41}},"21":{"start":{"line":73,"column":51},"end":{"line":80,"column":null}},"22":{"start":{"line":76,"column":25},"end":{"line":79,"column":4}},"23":{"start":{"line":83,"column":14},"end":{"line":83,"column":31}},"24":{"start":{"line":85,"column":1},"end":{"line":85,"column":43}},"25":{"start":{"line":46,"column":13},"end":{"line":46,"column":22}}},"fnMap":{"0":{"name":"(anonymous_0)","decl":{"start":{"line":3,"column":29},"end":{"line":3,"column":32}},"loc":{"start":{"line":3,"column":34},"end":{"line":5,"column":1}}},"1":{"name":"(anonymous_1)","decl":{"start":{"line":17,"column":23},"end":{"line":17,"column":28}},"loc":{"start":{"line":17,"column":82},"end":{"line":33,"column":1}}},"2":{"name":"(anonymous_2)","decl":{"start":{"line":46,"column":22},"end":{"line":46,"column":27}},"loc":{"start":{"line":50,"column":4},"end":{"line":86,"column":1}}},"3":{"name":"(anonymous_3)","decl":{"start":{"line":76,"column":2},"end":{"line":76,"column":3}},"loc":{"start":{"line":76,"column":25},"end":{"line":79,"column":4}}}},"branchMap":{"0":{"loc":{"start":{"line":17,"column":43},"end":{"line":17,"column":78}},"type":"default-arg","locations":[{"start":{"line":17,"column":76},"end":{"line":17,"column":78}}]},"1":{"loc":{"start":{"line":28,"column":1},"end":{"line":30,"column":null}},"type":"if","locations":[{"start":{"line":28,"column":1},"end":{"line":30,"column":null}}]},"2":{"loc":{"start":{"line":48,"column":1},"end":{"line":48,"column":36}},"type":"default-arg","locations":[{"start":{"line":48,"column":34},"end":{"line":48,"column":36}}]},"3":{"loc":{"start":{"line":49,"column":1},"end":{"line":49,"column":19}},"type":"default-arg","locations":[{"start":{"line":49,"column":14},"end":{"line":49,"column":19}}]},"4":{"loc":{"start":{"line":53,"column":1},"end":{"line":55,"column":null}},"type":"if","locations":[{"start":{"line":53,"column":1},"end":{"line":55,"column":null}}]},"5":{"loc":{"start":{"line":57,"column":19},"end":{"line":61,"column":6}},"type":"cond-expr","locations":[{"start":{"line":58,"column":4},"end":{"line":60,"column":null}},{"start":{"line":61,"column":4},"end":{"line":61,"column":6}}]},"6":{"loc":{"start":{"line":67,"column":1},"end":{"line":69,"column":null}},"type":"if","locations":[{"start":{"line":67,"column":1},"end":{"line":69,"column":null}}]}},"s":{"0":15,"1":15,"2":67,"3":15,"4":15,"5":0,"6":0,"7":0,"8":0,"9":0,"10":15,"11":15,"12":67,"13":67,"14":0,"15":67,"16":67,"17":67,"18":67,"19":0,"20":67,"21":61,"22":216,"23":61,"24":61,"25":15},"f":{"0":67,"1":0,"2":67,"3":216},"b":{"0":[0],"1":[0],"2":[1],"3":[1],"4":[0],"5":[0,67],"6":[0]}}
,"/home/nicholas_io/projects/headless/packages/core/src/data/api/index.ts": {"path":"/home/nicholas_io/projects/headless/packages/core/src/data/api/index.ts","statementMap":{"0":{"start":{"line":1,"column":0},"end":{"line":1,"column":30}}},"fnMap":{},"branchMap":{},"s":{"0":14},"f":{},"b":{}}
,"/home/nicholas_io/projects/headless/packages/core/src/data/strategies/AbstractFetchStrategy.ts": {"path":"/home/nicholas_io/projects/headless/packages/core/src/data/strategies/AbstractFetchStrategy.ts","statementMap":{"0":{"start":{"line":2,"column":0},"end":{"line":2,"column":32}},"1":{"start":{"line":3,"column":0},"end":{"line":3,"column":73}},"2":{"start":{"line":4,"column":0},"end":{"line":4,"column":65}},"3":{"start":{"line":105,"column":34},"end":{"line":105,"column":36}},"4":{"start":{"line":110,"column":20},"end":{"line":110,"column":22}},"5":{"start":{"line":115,"column":19},"end":{"line":115,"column":21}},"6":{"start":{"line":130,"column":2},"end":{"line":132,"column":null}},"7":{"start":{"line":131,"column":3},"end":{"line":131,"column":28}},"8":{"start":{"line":134,"column":2},"end":{"line":136,"column":null}},"9":{"start":{"line":135,"column":3},"end":{"line":135,"column":38}},"10":{"start":{"line":147,"column":2},"end":{"line":147,"column":27}},"11":{"start":{"line":151,"column":2},"end":{"line":151,"column":21}},"12":{"start":{"line":161,"column":2},"end":{"line":163,"column":null}},"13":{"start":{"line":162,"column":3},"end":{"line":162,"column":36}},"14":{"start":{"line":165,"column":2},"end":{"line":165,"column":23}},"15":{"start":{"line":169,"column":2},"end":{"line":169,"column":28}},"16":{"start":{"line":192,"column":2},"end":{"line":196,"column":4}},"17":{"start":{"line":194,"column":15},"end":{"line":194,"column":33}},"18":{"start":{"line":207,"column":40},"end":{"line":207,"column":46}},"19":{"start":{"line":209,"column":14},"end":{"line":209,"column":69}},"20":{"start":{"line":211,"column":2},"end":{"line":213,"column":null}},"21":{"start":{"line":212,"column":3},"end":{"line":212,"column":40}},"22":{"start":{"line":215,"column":2},"end":{"line":215,"column":13}},"23":{"start":{"line":220,"column":2},"end":{"line":224,"column":4}},"24":{"start":{"line":245,"column":33},"end":{"line":245,"column":40}},"25":{"start":{"line":247,"column":15},"end":{"line":247,"column":17}},"26":{"start":{"line":248,"column":2},"end":{"line":251,"column":null}},"27":{"start":{"line":250,"column":3},"end":{"line":250,"column":69}},"28":{"start":{"line":253,"column":17},"end":{"line":253,"column":72}},"29":{"start":{"line":254,"column":19},"end":{"line":254,"column":30}},"30":{"start":{"line":257,"column":2},"end":{"line":272,"column":null}},"31":{"start":{"line":262,"column":18},"end":{"line":262,"column":97}},"32":{"start":{"line":263,"column":3},"end":{"line":265,"column":null}},"33":{"start":{"line":264,"column":4},"end":{"line":264,"column":86}},"34":{"start":{"line":267,"column":3},"end":{"line":269,"column":null}},"35":{"start":{"line":268,"column":4},"end":{"line":268,"column":35}},"36":{"start":{"line":271,"column":3},"end":{"line":271,"column":37}},"37":{"start":{"line":275,"column":3},"end":{"line":275,"column":84}},"38":{"start":{"line":277,"column":2},"end":{"line":279,"column":null}},"39":{"start":{"line":278,"column":3},"end":{"line":278,"column":69}},"40":{"start":{"line":281,"column":15},"end":{"line":281,"column":39}},"41":{"start":{"line":282,"column":37},"end":{"line":290,"column":4}},"42":{"start":{"line":292,"column":2},"end":{"line":292,"column":48}},"43":{"start":{"line":297,"column":2},"end":{"line":297,"column":12}},"44":{"start":{"line":309,"column":18},"end":{"line":309,"column":69}},"45":{"start":{"line":311,"column":21},"end":{"line":311,"column":28}},"46":{"start":{"line":313,"column":2},"end":{"line":319,"column":null}},"47":{"start":{"line":314,"column":3},"end":{"line":316,"column":null}},"48":{"start":{"line":315,"column":4},"end":{"line":315,"column":16}},"49":{"start":{"line":318,"column":3},"end":{"line":318,"column":73}},"50":{"start":{"line":321,"column":2},"end":{"line":326,"column":null}},"51":{"start":{"line":322,"column":3},"end":{"line":325,"column":5}},"52":{"start":{"line":328,"column":2},"end":{"line":328,"column":14}},"53":{"start":{"line":339,"column":2},"end":{"line":339,"column":90}},"54":{"start":{"line":352,"column":2},"end":{"line":355,"column":4}},"55":{"start":{"line":374,"column":2},"end":{"line":374,"column":61}},"56":{"start":{"line":100,"column":0},"end":{"line":100,"column":22}}},"fnMap":{"0":{"name":"(anonymous_0)","decl":{"start":{"line":129,"column":1},"end":{"line":129,"column":13}},"loc":{"start":{"line":129,"column":62},"end":{"line":137,"column":2}}},"1":{"name":"(anonymous_1)","decl":{"start":{"line":146,"column":1},"end":{"line":146,"column":12}},"loc":{"start":{"line":146,"column":29},"end":{"line":148,"column":2}}},"2":{"name":"(anonymous_2)","decl":{"start":{"line":150,"column":1},"end":{"line":150,"column":11}},"loc":{"start":{"line":150,"column":40},"end":{"line":152,"column":2}}},"3":{"name":"(anonymous_3)","decl":{"start":{"line":160,"column":1},"end":{"line":160,"column":12}},"loc":{"start":{"line":160,"column":12},"end":{"line":166,"column":2}}},"4":{"name":"(anonymous_4)","decl":{"start":{"line":168,"column":1},"end":{"line":168,"column":17}},"loc":{"start":{"line":168,"column":17},"end":{"line":170,"column":2}}},"5":{"name":"(anonymous_5)","decl":{"start":{"line":191,"column":1},"end":{"line":191,"column":12}},"loc":{"start":{"line":191,"column":56},"end":{"line":197,"column":2}}},"6":{"name":"(anonymous_6)","decl":{"start":{"line":194,"column":4},"end":{"line":194,"column":5}},"loc":{"start":{"line":194,"column":15},"end":{"line":194,"column":33}}},"7":{"name":"(anonymous_7)","decl":{"start":{"line":206,"column":1},"end":{"line":206,"column":17}},"loc":{"start":{"line":206,"column":41},"end":{"line":216,"column":2}}},"8":{"name":"(anonymous_8)","decl":{"start":{"line":219,"column":1},"end":{"line":219,"column":16}},"loc":{"start":{"line":219,"column":68},"end":{"line":225,"column":2}}},"9":{"name":"(anonymous_9)","decl":{"start":{"line":240,"column":1},"end":{"line":240,"column":6}},"loc":{"start":{"line":243,"column":37},"end":{"line":293,"column":2}}},"10":{"name":"(anonymous_10)","decl":{"start":{"line":296,"column":1},"end":{"line":296,"column":17}},"loc":{"start":{"line":296,"column":69},"end":{"line":298,"column":2}}},"11":{"name":"(anonymous_11)","decl":{"start":{"line":308,"column":1},"end":{"line":308,"column":11}},"loc":{"start":{"line":308,"column":72},"end":{"line":329,"column":2}}},"12":{"name":"(anonymous_12)","decl":{"start":{"line":338,"column":1},"end":{"line":338,"column":12}},"loc":{"start":{"line":338,"column":36},"end":{"line":340,"column":2}}},"13":{"name":"(anonymous_13)","decl":{"start":{"line":348,"column":1},"end":{"line":348,"column":18}},"loc":{"start":{"line":350,"column":25},"end":{"line":356,"column":2}}},"14":{"name":"(anonymous_14)","decl":{"start":{"line":373,"column":1},"end":{"line":373,"column":4}},"loc":{"start":{"line":373,"column":33},"end":{"line":375,"column":2}}}},"branchMap":{"0":{"loc":{"start":{"line":130,"column":2},"end":{"line":132,"column":null}},"type":"if","locations":[{"start":{"line":130,"column":2},"end":{"line":132,"column":null}}]},"1":{"loc":{"start":{"line":134,"column":2},"end":{"line":136,"column":null}},"type":"if","locations":[{"start":{"line":134,"column":2},"end":{"line":136,"column":null}}]},"2":{"loc":{"start":{"line":150,"column":12},"end":{"line":150,"column":40}},"type":"default-arg","locations":[{"start":{"line":150,"column":38},"end":{"line":150,"column":40}}]},"3":{"loc":{"start":{"line":161,"column":2},"end":{"line":163,"column":null}},"type":"if","locations":[{"start":{"line":161,"column":2},"end":{"line":163,"column":null}}]},"4":{"loc":{"start":{"line":211,"column":2},"end":{"line":213,"column":null}},"type":"if","locations":[{"start":{"line":211,"column":2},"end":{"line":213,"column":null}}]},"5":{"loc":{"start":{"line":243,"column":2},"end":{"line":243,"column":37}},"type":"default-arg","locations":[{"start":{"line":243,"column":35},"end":{"line":243,"column":37}}]},"6":{"loc":{"start":{"line":245,"column":10},"end":{"line":245,"column":28}},"type":"default-arg","locations":[{"start":{"line":245,"column":23},"end":{"line":245,"column":28}}]},"7":{"loc":{"start":{"line":248,"column":2},"end":{"line":251,"column":null}},"type":"if","locations":[{"start":{"line":248,"column":2},"end":{"line":251,"column":null}}]},"8":{"loc":{"start":{"line":257,"column":2},"end":{"line":272,"column":null}},"type":"if","locations":[{"start":{"line":257,"column":2},"end":{"line":272,"column":null}}]},"9":{"loc":{"start":{"line":258,"column":3},"end":{"line":260,"column":23}},"type":"binary-expr","locations":[{"start":{"line":258,"column":3},"end":{"line":258,"column":44}},{"start":{"line":259,"column":3},"end":{"line":259,"column":41}},{"start":{"line":260,"column":3},"end":{"line":260,"column":23}}]},"10":{"loc":{"start":{"line":263,"column":3},"end":{"line":265,"column":null}},"type":"if","locations":[{"start":{"line":263,"column":3},"end":{"line":265,"column":null}}]},"11":{"loc":{"start":{"line":267,"column":3},"end":{"line":269,"column":null}},"type":"if","locations":[{"start":{"line":267,"column":3},"end":{"line":269,"column":null}}]},"12":{"loc":{"start":{"line":275,"column":3},"end":{"line":275,"column":84}},"type":"cond-expr","locations":[{"start":{"line":275,"column":53},"end":{"line":275,"column":77}},{"start":{"line":275,"column":80},"end":{"line":275,"column":84}}]},"13":{"loc":{"start":{"line":277,"column":2},"end":{"line":279,"column":null}},"type":"if","locations":[{"start":{"line":277,"column":2},"end":{"line":279,"column":null}}]},"14":{"loc":{"start":{"line":277,"column":6},"end":{"line":277,"column":75}},"type":"binary-expr","locations":[{"start":{"line":277,"column":6},"end":{"line":277,"column":21}},{"start":{"line":277,"column":26},"end":{"line":277,"column":50}},{"start":{"line":277,"column":54},"end":{"line":277,"column":74}}]},"15":{"loc":{"start":{"line":281,"column":15},"end":{"line":281,"column":39}},"type":"binary-expr","locations":[{"start":{"line":281,"column":15},"end":{"line":281,"column":34}},{"start":{"line":281,"column":38},"end":{"line":281,"column":39}}]},"16":{"loc":{"start":{"line":285,"column":16},"end":{"line":285,"column":62}},"type":"binary-expr","locations":[{"start":{"line":285,"column":16},"end":{"line":285,"column":57}},{"start":{"line":285,"column":61},"end":{"line":285,"column":62}}]},"17":{"loc":{"start":{"line":286,"column":16},"end":{"line":286,"column":57}},"type":"binary-expr","locations":[{"start":{"line":286,"column":16},"end":{"line":286,"column":52}},{"start":{"line":286,"column":56},"end":{"line":286,"column":57}}]},"18":{"loc":{"start":{"line":309,"column":18},"end":{"line":309,"column":69}},"type":"binary-expr","locations":[{"start":{"line":309,"column":18},"end":{"line":309,"column":31}},{"start":{"line":309,"column":35},"end":{"line":309,"column":69}}]},"19":{"loc":{"start":{"line":313,"column":2},"end":{"line":319,"column":null}},"type":"if","locations":[{"start":{"line":313,"column":2},"end":{"line":319,"column":null}}]},"20":{"loc":{"start":{"line":314,"column":3},"end":{"line":316,"column":null}},"type":"if","locations":[{"start":{"line":314,"column":3},"end":{"line":316,"column":null}}]},"21":{"loc":{"start":{"line":321,"column":2},"end":{"line":326,"column":null}},"type":"if","locations":[{"start":{"line":321,"column":2},"end":{"line":326,"column":null}}]},"22":{"loc":{"start":{"line":373,"column":5},"end":{"line":373,"column":33}},"type":"default-arg","locations":[{"start":{"line":373,"column":31},"end":{"line":373,"column":33}}]}},"s":{"0":14,"1":14,"2":14,"3":158,"4":158,"5":158,"6":158,"7":3,"8":158,"9":3,"10":39,"11":89,"12":207,"13":165,"14":42,"15":130,"16":81,"17":45,"18":187,"19":187,"20":187,"21":115,"22":72,"23":41,"24":99,"25":99,"26":99,"27":4,"28":99,"29":94,"30":94,"31":3,"32":3,"33":1,"34":3,"35":2,"36":3,"37":91,"38":91,"39":11,"40":80,"41":80,"42":80,"43":0,"44":0,"45":0,"46":0,"47":0,"48":0,"49":0,"50":0,"51":0,"52":0,"53":110,"54":21,"55":0,"56":14},"f":{"0":158,"1":39,"2":89,"3":207,"4":130,"5":81,"6":45,"7":187,"8":41,"9":99,"10":0,"11":0,"12":110,"13":21,"14":0},"b":{"0":[3],"1":[3],"2":[6],"3":[165],"4":[115],"5":[2],"6":[98],"7":[4],"8":[3],"9":[94,3,3],"10":[1],"11":[2],"12":[8,83],"13":[11],"14":[91,83,72],"15":[80,74],"16":[80,24],"17":[80,24],"18":[0,0],"19":[0],"20":[0],"21":[0],"22":[0]}}
,"/home/nicholas_io/projects/headless/packages/core/src/data/strategies/AppSettingsStrategy.ts": {"path":"/home/nicholas_io/projects/headless/packages/core/src/data/strategies/AppSettingsStrategy.ts","statementMap":{"0":{"start":{"line":2,"column":0},"end":{"line":2,"column":80}},"1":{"start":{"line":3,"column":0},"end":{"line":3,"column":37}},"2":{"start":{"line":16,"column":2},"end":{"line":16,"column":31}},"3":{"start":{"line":21,"column":2},"end":{"line":21,"column":12}},"4":{"start":{"line":11,"column":0},"end":{"line":11,"column":13}}},"fnMap":{"0":{"name":"(anonymous_0)","decl":{"start":{"line":15,"column":1},"end":{"line":15,"column":19}},"loc":{"start":{"line":15,"column":19},"end":{"line":17,"column":2}}},"1":{"name":"(anonymous_1)","decl":{"start":{"line":20,"column":1},"end":{"line":20,"column":17}},"loc":{"start":{"line":20,"column":55},"end":{"line":22,"column":2}}}},"branchMap":{"0":{"loc":{"start":{"line":20,"column":32},"end":{"line":20,"column":55}},"type":"default-arg","locations":[{"start":{"line":20,"column":53},"end":{"line":20,"column":55}}]}},"s":{"0":8,"1":8,"2":3,"3":5,"4":8},"f":{"0":3,"1":5},"b":{"0":[3]}}
,"/home/nicholas_io/projects/headless/packages/core/src/data/strategies/AuthorArchiveFetchStrategy.ts": {"path":"/home/nicholas_io/projects/headless/packages/core/src/data/strategies/AuthorArchiveFetchStrategy.ts","statementMap":{"0":{"start":{"line":1,"column":0},"end":{"line":1,"column":50}},"1":{"start":{"line":3,"column":0},"end":{"line":3,"column":59}},"2":{"start":{"line":4,"column":0},"end":{"line":4,"column":47}},"3":{"start":{"line":5,"column":0},"end":{"line":5,"column":92}},"4":{"start":{"line":25,"column":19},"end":{"line":25,"column":46}},"5":{"start":{"line":26,"column":27},"end":{"line":26,"column":60}},"6":{"start":{"line":28,"column":2},"end":{"line":41,"column":5}},"7":{"start":{"line":29,"column":16},"end":{"line":29,"column":50}},"8":{"start":{"line":30,"column":3},"end":{"line":34,"column":6}},"9":{"start":{"line":36,"column":3},"end":{"line":40,"column":6}},"10":{"start":{"line":43,"column":2},"end":{"line":43,"column":49}},"11":{"start":{"line":16,"column":0},"end":{"line":16,"column":13}}},"fnMap":{"0":{"name":"(anonymous_0)","decl":{"start":{"line":20,"column":1},"end":{"line":20,"column":17}},"loc":{"start":{"line":23,"column":31},"end":{"line":44,"column":2}}},"1":{"name":"(anonymous_1)","decl":{"start":{"line":28,"column":28},"end":{"line":28,"column":29}},"loc":{"start":{"line":28,"column":41},"end":{"line":41,"column":3}}}},"branchMap":{"0":{"loc":{"start":{"line":23,"column":2},"end":{"line":23,"column":31}},"type":"default-arg","locations":[{"start":{"line":23,"column":29},"end":{"line":23,"column":31}}]},"1":{"loc":{"start":{"line":29,"column":16},"end":{"line":29,"column":50}},"type":"binary-expr","locations":[{"start":{"line":29,"column":16},"end":{"line":29,"column":33}},{"start":{"line":29,"column":37},"end":{"line":29,"column":50}}]}},"s":{"0":8,"1":8,"2":8,"3":8,"4":7,"5":7,"6":7,"7":14,"8":14,"9":14,"10":7,"11":8},"f":{"0":7,"1":14},"b":{"0":[5],"1":[14,7]}}
,"/home/nicholas_io/projects/headless/packages/core/src/data/strategies/PostOrPostsFetchStrategy.ts": {"path":"/home/nicholas_io/projects/headless/packages/core/src/data/strategies/PostOrPostsFetchStrategy.ts","statementMap":{"0":{"start":{"line":2,"column":0},"end":{"line":2,"column":null}},"1":{"start":{"line":9,"column":0},"end":{"line":9,"column":80}},"2":{"start":{"line":10,"column":0},"end":{"line":10,"column":92}},"3":{"start":{"line":11,"column":0},"end":{"line":11,"column":60}},"4":{"start":{"line":58,"column":25},"end":{"line":58,"column":27}},"5":{"start":{"line":60,"column":41},"end":{"line":60,"column":82}},"6":{"start":{"line":62,"column":44},"end":{"line":62,"column":87}},"7":{"start":{"line":65,"column":2},"end":{"line":65,"column":24}},"8":{"start":{"line":69,"column":2},"end":{"line":72,"column":9}},"9":{"start":{"line":74,"column":2},"end":{"line":74,"column":24}},"10":{"start":{"line":78,"column":65},"end":{"line":78,"column":67}},"11":{"start":{"line":80,"column":2},"end":{"line":100,"column":null}},"12":{"start":{"line":85,"column":25},"end":{"line":88,"column":5}},"13":{"start":{"line":90,"column":3},"end":{"line":99,"column":6}},"14":{"start":{"line":102,"column":2},"end":{"line":118,"column":null}},"15":{"start":{"line":107,"column":24},"end":{"line":107,"column":85}},"16":{"start":{"line":108,"column":3},"end":{"line":117,"column":6}},"17":{"start":{"line":119,"column":2},"end":{"line":129,"column":4}},"18":{"start":{"line":137,"column":29},"end":{"line":137,"column":66}},"19":{"start":{"line":138,"column":33},"end":{"line":138,"column":152}},"20":{"start":{"line":140,"column":25},"end":{"line":140,"column":77}},"21":{"start":{"line":141,"column":26},"end":{"line":141,"column":79}},"22":{"start":{"line":143,"column":27},"end":{"line":143,"column":91}},"23":{"start":{"line":144,"column":28},"end":{"line":144,"column":93}},"24":{"start":{"line":146,"column":28},"end":{"line":146,"column":85}},"25":{"start":{"line":148,"column":29},"end":{"line":148,"column":89}},"26":{"start":{"line":150,"column":24},"end":{"line":153,"column":4}},"27":{"start":{"line":154,"column":23},"end":{"line":154,"column":84}},"28":{"start":{"line":156,"column":21},"end":{"line":156,"column":71}},"29":{"start":{"line":157,"column":20},"end":{"line":157,"column":68}},"30":{"start":{"line":161,"column":2},"end":{"line":216,"column":null}},"31":{"start":{"line":162,"column":3},"end":{"line":182,"column":null}},"32":{"start":{"line":163,"column":4},"end":{"line":181,"column":null}},"33":{"start":{"line":164,"column":21},"end":{"line":167,"column":null}},"34":{"start":{"line":170,"column":5},"end":{"line":177,"column":7}},"35":{"start":{"line":179,"column":5},"end":{"line":179,"column":15}},"36":{"start":{"line":184,"column":3},"end":{"line":208,"column":null}},"37":{"start":{"line":185,"column":4},"end":{"line":207,"column":null}},"38":{"start":{"line":186,"column":21},"end":{"line":189,"column":null}},"39":{"start":{"line":192,"column":5},"end":{"line":199,"column":7}},"40":{"start":{"line":201,"column":5},"end":{"line":206,"column":null}},"41":{"start":{"line":202,"column":6},"end":{"line":205,"column":8}},"42":{"start":{"line":211,"column":3},"end":{"line":213,"column":null}},"43":{"start":{"line":212,"column":4},"end":{"line":212,"column":16}},"44":{"start":{"line":215,"column":3},"end":{"line":215,"column":52}},"45":{"start":{"line":218,"column":2},"end":{"line":237,"column":null}},"46":{"start":{"line":219,"column":3},"end":{"line":236,"column":null}},"47":{"start":{"line":220,"column":20},"end":{"line":223,"column":null}},"48":{"start":{"line":226,"column":4},"end":{"line":233,"column":6}},"49":{"start":{"line":235,"column":4},"end":{"line":235,"column":14}},"50":{"start":{"line":239,"column":2},"end":{"line":259,"column":null}},"51":{"start":{"line":240,"column":3},"end":{"line":258,"column":null}},"52":{"start":{"line":241,"column":20},"end":{"line":241,"column":85}},"53":{"start":{"line":243,"column":4},"end":{"line":250,"column":6}},"54":{"start":{"line":252,"column":4},"end":{"line":257,"column":null}},"55":{"start":{"line":253,"column":5},"end":{"line":256,"column":7}},"56":{"start":{"line":262,"column":2},"end":{"line":264,"column":null}},"57":{"start":{"line":263,"column":3},"end":{"line":263,"column":15}},"58":{"start":{"line":266,"column":2},"end":{"line":266,"column":51}},"59":{"start":{"line":53,"column":0},"end":{"line":53,"column":13}}},"fnMap":{"0":{"name":"(anonymous_0)","decl":{"start":{"line":64,"column":1},"end":{"line":64,"column":19}},"loc":{"start":{"line":64,"column":19},"end":{"line":66,"column":2}}},"1":{"name":"(anonymous_1)","decl":{"start":{"line":68,"column":1},"end":{"line":68,"column":17}},"loc":{"start":{"line":68,"column":55},"end":{"line":75,"column":2}}},"2":{"name":"(anonymous_2)","decl":{"start":{"line":77,"column":1},"end":{"line":77,"column":18}},"loc":{"start":{"line":77,"column":61},"end":{"line":130,"column":2}}},"3":{"name":"(anonymous_3)","decl":{"start":{"line":132,"column":1},"end":{"line":132,"column":6}},"loc":{"start":{"line":135,"column":33},"end":{"line":267,"column":2}}}},"branchMap":{"0":{"loc":{"start":{"line":68,"column":32},"end":{"line":68,"column":55}},"type":"default-arg","locations":[{"start":{"line":68,"column":53},"end":{"line":68,"column":55}}]},"1":{"loc":{"start":{"line":80,"column":2},"end":{"line":100,"column":null}},"type":"if","locations":[{"start":{"line":80,"column":2},"end":{"line":100,"column":null}}]},"2":{"loc":{"start":{"line":81,"column":3},"end":{"line":83,"column":40}},"type":"binary-expr","locations":[{"start":{"line":81,"column":3},"end":{"line":81,"column":24}},{"start":{"line":82,"column":3},"end":{"line":82,"column":34}},{"start":{"line":83,"column":3},"end":{"line":83,"column":40}}]},"3":{"loc":{"start":{"line":102,"column":2},"end":{"line":118,"column":null}},"type":"if","locations":[{"start":{"line":102,"column":2},"end":{"line":118,"column":null}}]},"4":{"loc":{"start":{"line":103,"column":3},"end":{"line":105,"column":39}},"type":"binary-expr","locations":[{"start":{"line":103,"column":3},"end":{"line":103,"column":23}},{"start":{"line":104,"column":3},"end":{"line":104,"column":35}},{"start":{"line":105,"column":3},"end":{"line":105,"column":39}}]},"5":{"loc":{"start":{"line":137,"column":29},"end":{"line":137,"column":66}},"type":"binary-expr","locations":[{"start":{"line":137,"column":29},"end":{"line":137,"column":54}},{"start":{"line":137,"column":58},"end":{"line":137,"column":66}}]},"6":{"loc":{"start":{"line":140,"column":37},"end":{"line":140,"column":65}},"type":"binary-expr","locations":[{"start":{"line":140,"column":37},"end":{"line":140,"column":59}},{"start":{"line":140,"column":63},"end":{"line":140,"column":65}}]},"7":{"loc":{"start":{"line":141,"column":38},"end":{"line":141,"column":67}},"type":"binary-expr","locations":[{"start":{"line":141,"column":38},"end":{"line":141,"column":61}},{"start":{"line":141,"column":65},"end":{"line":141,"column":67}}]},"8":{"loc":{"start":{"line":143,"column":27},"end":{"line":143,"column":91}},"type":"binary-expr","locations":[{"start":{"line":143,"column":27},"end":{"line":143,"column":58}},{"start":{"line":143,"column":62},"end":{"line":143,"column":91}}]},"9":{"loc":{"start":{"line":144,"column":28},"end":{"line":144,"column":93}},"type":"binary-expr","locations":[{"start":{"line":144,"column":28},"end":{"line":144,"column":60}},{"start":{"line":144,"column":64},"end":{"line":144,"column":93}}]},"10":{"loc":{"start":{"line":146,"column":28},"end":{"line":146,"column":85}},"type":"binary-expr","locations":[{"start":{"line":146,"column":29},"end":{"line":146,"column":45}},{"start":{"line":146,"column":49},"end":{"line":146,"column":63}},{"start":{"line":146,"column":68},"end":{"line":146,"column":85}}]},"11":{"loc":{"start":{"line":148,"column":29},"end":{"line":148,"column":89}},"type":"binary-expr","locations":[{"start":{"line":148,"column":30},"end":{"line":148,"column":47}},{"start":{"line":148,"column":51},"end":{"line":148,"column":66}},{"start":{"line":148,"column":71},"end":{"line":148,"column":89}}]},"12":{"loc":{"start":{"line":161,"column":2},"end":{"line":216,"column":null}},"type":"if","locations":[{"start":{"line":161,"column":2},"end":{"line":216,"column":null}}]},"13":{"loc":{"start":{"line":162,"column":3},"end":{"line":182,"column":null}},"type":"if","locations":[{"start":{"line":162,"column":3},"end":{"line":182,"column":null}}]},"14":{"loc":{"start":{"line":184,"column":3},"end":{"line":208,"column":null}},"type":"if","locations":[{"start":{"line":184,"column":3},"end":{"line":208,"column":null}}]},"15":{"loc":{"start":{"line":201,"column":5},"end":{"line":206,"column":null}},"type":"if","locations":[{"start":{"line":201,"column":5},"end":{"line":206,"column":null}}]},"16":{"loc":{"start":{"line":211,"column":3},"end":{"line":213,"column":null}},"type":"if","locations":[{"start":{"line":211,"column":3},"end":{"line":213,"column":null}}]},"17":{"loc":{"start":{"line":218,"column":2},"end":{"line":237,"column":null}},"type":"if","locations":[{"start":{"line":218,"column":2},"end":{"line":237,"column":null}}]},"18":{"loc":{"start":{"line":239,"column":2},"end":{"line":259,"column":null}},"type":"if","locations":[{"start":{"line":239,"column":2},"end":{"line":259,"column":null}}]},"19":{"loc":{"start":{"line":252,"column":4},"end":{"line":257,"column":null}},"type":"if","locations":[{"start":{"line":252,"column":4},"end":{"line":257,"column":null}}]},"20":{"loc":{"start":{"line":262,"column":2},"end":{"line":264,"column":null}},"type":"if","locations":[{"start":{"line":262,"column":2},"end":{"line":264,"column":null}}]}},"s":{"0":8,"1":8,"2":8,"3":8,"4":16,"5":16,"6":16,"7":19,"8":43,"9":43,"10":4,"11":4,"12":2,"13":2,"14":4,"15":2,"16":2,"17":4,"18":21,"19":21,"20":21,"21":21,"22":21,"23":21,"24":21,"25":21,"26":21,"27":21,"28":21,"29":21,"30":21,"31":9,"32":8,"33":8,"34":5,"35":3,"36":4,"37":3,"38":3,"39":3,"40":0,"41":0,"42":1,"43":1,"44":0,"45":12,"46":9,"47":9,"48":5,"49":4,"50":7,"51":6,"52":6,"53":4,"54":2,"55":2,"56":1,"57":0,"58":1,"59":8},"f":{"0":19,"1":43,"2":4,"3":21},"b":{"0":[22],"1":[2],"2":[4,2,2],"3":[2],"4":[4,2,2],"5":[21,3],"6":[21,0],"7":[21,0],"8":[21,14],"9":[21,10],"10":[21,10,14],"11":[21,14,13],"12":[9],"13":[8],"14":[3],"15":[0],"16":[1],"17":[9],"18":[6],"19":[2],"20":[0]}}
,"/home/nicholas_io/projects/headless/packages/core/src/data/strategies/PostsArchiveFetchStrategy.ts": {"path":"/home/nicholas_io/projects/headless/packages/core/src/data/strategies/PostsArchiveFetchStrategy.ts","statementMap":{"0":{"start":{"line":1,"column":0},"end":{"line":1,"column":null}},"1":{"start":{"line":11,"column":0},"end":{"line":11,"column":99}},"2":{"start":{"line":12,"column":0},"end":{"line":12,"column":32}},"3":{"start":{"line":14,"column":0},"end":{"line":14,"column":50}},"4":{"start":{"line":15,"column":0},"end":{"line":15,"column":47}},"5":{"start":{"line":16,"column":0},"end":{"line":16,"column":null}},"6":{"start":{"line":23,"column":0},"end":{"line":23,"column":51}},"7":{"start":{"line":25,"column":24},"end":{"line":25,"column":46}},"8":{"start":{"line":203,"column":2},"end":{"line":203,"column":25}},"9":{"start":{"line":207,"column":2},"end":{"line":207,"column":60}},"10":{"start":{"line":219,"column":19},"end":{"line":219,"column":37}},"11":{"start":{"line":221,"column":2},"end":{"line":245,"column":null}},"12":{"start":{"line":222,"column":23},"end":{"line":222,"column":71}},"13":{"start":{"line":224,"column":3},"end":{"line":226,"column":null}},"14":{"start":{"line":225,"column":4},"end":{"line":225,"column":69}},"15":{"start":{"line":228,"column":20},"end":{"line":228,"column":59}},"16":{"start":{"line":230,"column":28},"end":{"line":236,"column":7}},"17":{"start":{"line":231,"column":25},"end":{"line":231,"column":84}},"18":{"start":{"line":232,"column":23},"end":{"line":236,"column":6}},"19":{"start":{"line":238,"column":3},"end":{"line":242,"column":6}},"20":{"start":{"line":244,"column":3},"end":{"line":244,"column":58}},"21":{"start":{"line":247,"column":27},"end":{"line":247,"column":60}},"22":{"start":{"line":248,"column":2},"end":{"line":261,"column":5}},"23":{"start":{"line":249,"column":16},"end":{"line":249,"column":50}},"24":{"start":{"line":250,"column":3},"end":{"line":254,"column":6}},"25":{"start":{"line":256,"column":3},"end":{"line":260,"column":6}},"26":{"start":{"line":263,"column":2},"end":{"line":263,"column":49}},"27":{"start":{"line":272,"column":19},"end":{"line":272,"column":51}},"28":{"start":{"line":276,"column":67},"end":{"line":276,"column":73}},"29":{"start":{"line":278,"column":21},"end":{"line":278,"column":54}},"30":{"start":{"line":280,"column":2},"end":{"line":285,"column":5}},"31":{"start":{"line":281,"column":16},"end":{"line":281,"column":49}},"32":{"start":{"line":282,"column":3},"end":{"line":284,"column":null}},"33":{"start":{"line":283,"column":4},"end":{"line":283,"column":32}},"34":{"start":{"line":287,"column":2},"end":{"line":297,"column":null}},"35":{"start":{"line":288,"column":20},"end":{"line":288,"column":68}},"36":{"start":{"line":290,"column":3},"end":{"line":294,"column":null}},"37":{"start":{"line":291,"column":4},"end":{"line":293,"column":6}},"38":{"start":{"line":296,"column":3},"end":{"line":296,"column":39}},"39":{"start":{"line":302,"column":2},"end":{"line":304,"column":null}},"40":{"start":{"line":303,"column":3},"end":{"line":303,"column":32}},"41":{"start":{"line":306,"column":2},"end":{"line":306,"column":53}},"42":{"start":{"line":320,"column":33},"end":{"line":320,"column":40}},"43":{"start":{"line":321,"column":17},"end":{"line":321,"column":20}},"44":{"start":{"line":322,"column":19},"end":{"line":322,"column":51}},"45":{"start":{"line":324,"column":27},"end":{"line":324,"column":60}},"46":{"start":{"line":325,"column":2},"end":{"line":355,"column":null}},"47":{"start":{"line":326,"column":3},"end":{"line":354,"column":6}},"48":{"start":{"line":327,"column":22},"end":{"line":327,"column":56}},"49":{"start":{"line":328,"column":22},"end":{"line":328,"column":58}},"50":{"start":{"line":330,"column":4},"end":{"line":332,"column":null}},"51":{"start":{"line":331,"column":5},"end":{"line":331,"column":12}},"52":{"start":{"line":334,"column":4},"end":{"line":353,"column":null}},"53":{"start":{"line":336,"column":5},"end":{"line":336,"column":75}},"54":{"start":{"line":338,"column":19},"end":{"line":341,"column":null}},"55":{"start":{"line":344,"column":5},"end":{"line":352,"column":null}},"56":{"start":{"line":345,"column":6},"end":{"line":347,"column":9}},"57":{"start":{"line":349,"column":6},"end":{"line":351,"column":8}},"58":{"start":{"line":361,"column":2},"end":{"line":375,"column":null}},"59":{"start":{"line":362,"column":19},"end":{"line":365,"column":null}},"60":{"start":{"line":368,"column":3},"end":{"line":374,"column":null}},"61":{"start":{"line":369,"column":4},"end":{"line":371,"column":7}},"62":{"start":{"line":373,"column":4},"end":{"line":373,"column":67}},"63":{"start":{"line":377,"column":2},"end":{"line":377,"column":50}},"64":{"start":{"line":388,"column":39},"end":{"line":388,"column":41}},"65":{"start":{"line":390,"column":2},"end":{"line":392,"column":null}},"66":{"start":{"line":391,"column":3},"end":{"line":391,"column":24}},"67":{"start":{"line":394,"column":16},"end":{"line":396,"column":4}},"68":{"start":{"line":395,"column":3},"end":{"line":395,"column":78}},"69":{"start":{"line":398,"column":2},"end":{"line":418,"column":null}},"70":{"start":{"line":399,"column":25},"end":{"line":413,"column":5}},"71":{"start":{"line":400,"column":4},"end":{"line":402,"column":null}},"72":{"start":{"line":401,"column":5},"end":{"line":401,"column":40}},"73":{"start":{"line":404,"column":4},"end":{"line":406,"column":null}},"74":{"start":{"line":405,"column":5},"end":{"line":405,"column":82}},"75":{"start":{"line":408,"column":4},"end":{"line":410,"column":null}},"76":{"start":{"line":409,"column":5},"end":{"line":409,"column":46}},"77":{"start":{"line":412,"column":4},"end":{"line":412,"column":17}},"78":{"start":{"line":415,"column":3},"end":{"line":417,"column":null}},"79":{"start":{"line":416,"column":4},"end":{"line":416,"column":41}},"80":{"start":{"line":420,"column":21},"end":{"line":420,"column":42}},"81":{"start":{"line":422,"column":2},"end":{"line":451,"column":5}},"82":{"start":{"line":423,"column":20},"end":{"line":423,"column":33}},"83":{"start":{"line":424,"column":24},"end":{"line":424,"column":57}},"84":{"start":{"line":425,"column":21},"end":{"line":425,"column":41}},"85":{"start":{"line":427,"column":3},"end":{"line":450,"column":null}},"86":{"start":{"line":428,"column":24},"end":{"line":445,"column":6}},"87":{"start":{"line":429,"column":5},"end":{"line":434,"column":null}},"88":{"start":{"line":430,"column":6},"end":{"line":433,"column":8}},"89":{"start":{"line":436,"column":5},"end":{"line":438,"column":null}},"90":{"start":{"line":437,"column":6},"end":{"line":437,"column":51}},"91":{"start":{"line":440,"column":5},"end":{"line":442,"column":null}},"92":{"start":{"line":441,"column":6},"end":{"line":441,"column":41}},"93":{"start":{"line":444,"column":5},"end":{"line":444,"column":18}},"94":{"start":{"line":447,"column":4},"end":{"line":449,"column":null}},"95":{"start":{"line":448,"column":5},"end":{"line":448,"column":38}},"96":{"start":{"line":453,"column":2},"end":{"line":453,"column":23}},"97":{"start":{"line":457,"column":2},"end":{"line":459,"column":null}},"98":{"start":{"line":458,"column":3},"end":{"line":458,"column":75}},"99":{"start":{"line":461,"column":25},"end":{"line":461,"column":35}},"100":{"start":{"line":463,"column":24},"end":{"line":463,"column":49}},"101":{"start":{"line":465,"column":2},"end":{"line":470,"column":null}},"102":{"start":{"line":466,"column":3},"end":{"line":469,"column":21}},"103":{"start":{"line":472,"column":2},"end":{"line":474,"column":null}},"104":{"start":{"line":473,"column":3},"end":{"line":473,"column":87}},"105":{"start":{"line":476,"column":18},"end":{"line":478,"column":4}},"106":{"start":{"line":477,"column":3},"end":{"line":477,"column":64}},"107":{"start":{"line":480,"column":2},"end":{"line":484,"column":4}},"108":{"start":{"line":198,"column":0},"end":{"line":198,"column":13}}},"fnMap":{"0":{"name":"(anonymous_0)","decl":{"start":{"line":202,"column":1},"end":{"line":202,"column":19}},"loc":{"start":{"line":202,"column":19},"end":{"line":204,"column":2}}},"1":{"name":"(anonymous_1)","decl":{"start":{"line":206,"column":1},"end":{"line":206,"column":17}},"loc":{"start":{"line":206,"column":17},"end":{"line":208,"column":2}}},"2":{"name":"(anonymous_2)","decl":{"start":{"line":218,"column":1},"end":{"line":218,"column":17}},"loc":{"start":{"line":218,"column":55},"end":{"line":264,"column":2}}},"3":{"name":"(anonymous_3)","decl":{"start":{"line":231,"column":12},"end":{"line":231,"column":13}},"loc":{"start":{"line":231,"column":25},"end":{"line":231,"column":84}}},"4":{"name":"(anonymous_4)","decl":{"start":{"line":232,"column":9},"end":{"line":232,"column":10}},"loc":{"start":{"line":232,"column":23},"end":{"line":236,"column":6}}},"5":{"name":"(anonymous_5)","decl":{"start":{"line":248,"column":28},"end":{"line":248,"column":29}},"loc":{"start":{"line":248,"column":41},"end":{"line":261,"column":3}}},"6":{"name":"(anonymous_6)","decl":{"start":{"line":271,"column":1},"end":{"line":271,"column":17}},"loc":{"start":{"line":271,"column":36},"end":{"line":307,"column":2}}},"7":{"name":"(anonymous_7)","decl":{"start":{"line":280,"column":21},"end":{"line":280,"column":22}},"loc":{"start":{"line":280,"column":34},"end":{"line":285,"column":3}}},"8":{"name":"(anonymous_8)","decl":{"start":{"line":319,"column":1},"end":{"line":319,"column":6}},"loc":{"start":{"line":319,"column":83},"end":{"line":378,"column":2}}},"9":{"name":"(anonymous_9)","decl":{"start":{"line":326,"column":40},"end":{"line":326,"column":45}},"loc":{"start":{"line":326,"column":59},"end":{"line":354,"column":4}}},"10":{"name":"(anonymous_10)","decl":{"start":{"line":387,"column":1},"end":{"line":387,"column":17}},"loc":{"start":{"line":387,"column":66},"end":{"line":454,"column":2}}},"11":{"name":"(anonymous_11)","decl":{"start":{"line":394,"column":36},"end":{"line":394,"column":37}},"loc":{"start":{"line":394,"column":45},"end":{"line":396,"column":3}}},"12":{"name":"(anonymous_12)","decl":{"start":{"line":399,"column":46},"end":{"line":399,"column":47}},"loc":{"start":{"line":399,"column":57},"end":{"line":413,"column":4}}},"13":{"name":"(anonymous_13)","decl":{"start":{"line":422,"column":21},"end":{"line":422,"column":22}},"loc":{"start":{"line":422,"column":34},"end":{"line":451,"column":3}}},"14":{"name":"(anonymous_14)","decl":{"start":{"line":428,"column":57},"end":{"line":428,"column":58}},"loc":{"start":{"line":428,"column":66},"end":{"line":445,"column":5}}},"15":{"name":"(anonymous_15)","decl":{"start":{"line":456,"column":1},"end":{"line":456,"column":11}},"loc":{"start":{"line":456,"column":70},"end":{"line":485,"column":2}}},"16":{"name":"(anonymous_16)","decl":{"start":{"line":476,"column":75},"end":{"line":476,"column":76}},"loc":{"start":{"line":476,"column":84},"end":{"line":478,"column":3}}}},"branchMap":{"0":{"loc":{"start":{"line":218,"column":32},"end":{"line":218,"column":55}},"type":"default-arg","locations":[{"start":{"line":218,"column":53},"end":{"line":218,"column":55}}]},"1":{"loc":{"start":{"line":221,"column":2},"end":{"line":245,"column":null}},"type":"if","locations":[{"start":{"line":221,"column":2},"end":{"line":245,"column":null}}]},"2":{"loc":{"start":{"line":224,"column":3},"end":{"line":226,"column":null}},"type":"if","locations":[{"start":{"line":224,"column":3},"end":{"line":226,"column":null}}]},"3":{"loc":{"start":{"line":228,"column":20},"end":{"line":228,"column":59}},"type":"binary-expr","locations":[{"start":{"line":228,"column":20},"end":{"line":228,"column":39}},{"start":{"line":228,"column":43},"end":{"line":228,"column":59}}]},"4":{"loc":{"start":{"line":231,"column":25},"end":{"line":231,"column":84}},"type":"binary-expr","locations":[{"start":{"line":231,"column":25},"end":{"line":231,"column":48}},{"start":{"line":231,"column":52},"end":{"line":231,"column":84}}]},"5":{"loc":{"start":{"line":249,"column":16},"end":{"line":249,"column":50}},"type":"binary-expr","locations":[{"start":{"line":249,"column":16},"end":{"line":249,"column":33}},{"start":{"line":249,"column":37},"end":{"line":249,"column":50}}]},"6":{"loc":{"start":{"line":281,"column":16},"end":{"line":281,"column":49}},"type":"binary-expr","locations":[{"start":{"line":281,"column":16},"end":{"line":281,"column":32}},{"start":{"line":281,"column":36},"end":{"line":281,"column":49}}]},"7":{"loc":{"start":{"line":282,"column":3},"end":{"line":284,"column":null}},"type":"if","locations":[{"start":{"line":282,"column":3},"end":{"line":284,"column":null}}]},"8":{"loc":{"start":{"line":287,"column":2},"end":{"line":297,"column":null}},"type":"if","locations":[{"start":{"line":287,"column":2},"end":{"line":297,"column":null}}]},"9":{"loc":{"start":{"line":290,"column":3},"end":{"line":294,"column":null}},"type":"if","locations":[{"start":{"line":290,"column":3},"end":{"line":294,"column":null}}]},"10":{"loc":{"start":{"line":302,"column":2},"end":{"line":304,"column":null}},"type":"if","locations":[{"start":{"line":302,"column":2},"end":{"line":304,"column":null}}]},"11":{"loc":{"start":{"line":302,"column":6},"end":{"line":302,"column":88}},"type":"binary-expr","locations":[{"start":{"line":302,"column":6},"end":{"line":302,"column":19}},{"start":{"line":302,"column":23},"end":{"line":302,"column":56}},{"start":{"line":302,"column":60},"end":{"line":302,"column":88}}]},"12":{"loc":{"start":{"line":319,"column":48},"end":{"line":319,"column":83}},"type":"default-arg","locations":[{"start":{"line":319,"column":81},"end":{"line":319,"column":83}}]},"13":{"loc":{"start":{"line":320,"column":10},"end":{"line":320,"column":28}},"type":"default-arg","locations":[{"start":{"line":320,"column":23},"end":{"line":320,"column":28}}]},"14":{"loc":{"start":{"line":325,"column":2},"end":{"line":355,"column":null}},"type":"if","locations":[{"start":{"line":325,"column":2},"end":{"line":355,"column":null}}]},"15":{"loc":{"start":{"line":327,"column":22},"end":{"line":327,"column":56}},"type":"binary-expr","locations":[{"start":{"line":327,"column":22},"end":{"line":327,"column":39}},{"start":{"line":327,"column":43},"end":{"line":327,"column":56}}]},"16":{"loc":{"start":{"line":328,"column":22},"end":{"line":328,"column":58}},"type":"binary-expr","locations":[{"start":{"line":328,"column":22},"end":{"line":328,"column":41}},{"start":{"line":328,"column":45},"end":{"line":328,"column":58}}]},"17":{"loc":{"start":{"line":330,"column":4},"end":{"line":332,"column":null}},"type":"if","locations":[{"start":{"line":330,"column":4},"end":{"line":332,"column":null}}]},"18":{"loc":{"start":{"line":334,"column":4},"end":{"line":353,"column":null}},"type":"if","locations":[{"start":{"line":334,"column":4},"end":{"line":353,"column":null}},{"start":{"line":337,"column":11},"end":{"line":353,"column":null}}]},"19":{"loc":{"start":{"line":344,"column":5},"end":{"line":352,"column":null}},"type":"if","locations":[{"start":{"line":344,"column":5},"end":{"line":352,"column":null}},{"start":{"line":348,"column":12},"end":{"line":352,"column":null}}]},"20":{"loc":{"start":{"line":361,"column":2},"end":{"line":375,"column":null}},"type":"if","locations":[{"start":{"line":361,"column":2},"end":{"line":375,"column":null}}]},"21":{"loc":{"start":{"line":361,"column":6},"end":{"line":361,"column":88}},"type":"binary-expr","locations":[{"start":{"line":361,"column":6},"end":{"line":361,"column":19}},{"start":{"line":361,"column":23},"end":{"line":361,"column":56}},{"start":{"line":361,"column":60},"end":{"line":361,"column":88}}]},"22":{"loc":{"start":{"line":368,"column":3},"end":{"line":374,"column":null}},"type":"if","locations":[{"start":{"line":368,"column":3},"end":{"line":374,"column":null}},{"start":{"line":372,"column":10},"end":{"line":374,"column":null}}]},"23":{"loc":{"start":{"line":390,"column":2},"end":{"line":392,"column":null}},"type":"if","locations":[{"start":{"line":390,"column":2},"end":{"line":392,"column":null}}]},"24":{"loc":{"start":{"line":398,"column":2},"end":{"line":418,"column":null}},"type":"if","locations":[{"start":{"line":398,"column":2},"end":{"line":418,"column":null}}]},"25":{"loc":{"start":{"line":398,"column":6},"end":{"line":398,"column":38}},"type":"binary-expr","locations":[{"start":{"line":398,"column":6},"end":{"line":398,"column":19}},{"start":{"line":398,"column":23},"end":{"line":398,"column":38}}]},"26":{"loc":{"start":{"line":400,"column":4},"end":{"line":402,"column":null}},"type":"if","locations":[{"start":{"line":400,"column":4},"end":{"line":402,"column":null}}]},"27":{"loc":{"start":{"line":404,"column":4},"end":{"line":406,"column":null}},"type":"if","locations":[{"start":{"line":404,"column":4},"end":{"line":406,"column":null}}]},"28":{"loc":{"start":{"line":404,"column":8},"end":{"line":404,"column":76}},"type":"binary-expr","locations":[{"start":{"line":404,"column":8},"end":{"line":404,"column":41}},{"start":{"line":404,"column":45},"end":{"line":404,"column":76}}]},"29":{"loc":{"start":{"line":408,"column":4},"end":{"line":410,"column":null}},"type":"if","locations":[{"start":{"line":408,"column":4},"end":{"line":410,"column":null}}]},"30":{"loc":{"start":{"line":415,"column":3},"end":{"line":417,"column":null}},"type":"if","locations":[{"start":{"line":415,"column":3},"end":{"line":417,"column":null}}]},"31":{"loc":{"start":{"line":424,"column":24},"end":{"line":424,"column":57}},"type":"binary-expr","locations":[{"start":{"line":424,"column":24},"end":{"line":424,"column":40}},{"start":{"line":424,"column":44},"end":{"line":424,"column":57}}]},"32":{"loc":{"start":{"line":427,"column":3},"end":{"line":450,"column":null}},"type":"if","locations":[{"start":{"line":427,"column":3},"end":{"line":450,"column":null}}]},"33":{"loc":{"start":{"line":427,"column":7},"end":{"line":427,"column":47}},"type":"binary-expr","locations":[{"start":{"line":427,"column":7},"end":{"line":427,"column":16}},{"start":{"line":427,"column":20},"end":{"line":427,"column":47}}]},"34":{"loc":{"start":{"line":429,"column":5},"end":{"line":434,"column":null}},"type":"if","locations":[{"start":{"line":429,"column":5},"end":{"line":434,"column":null}}]},"35":{"loc":{"start":{"line":431,"column":27},"end":{"line":431,"column":53}},"type":"binary-expr","locations":[{"start":{"line":431,"column":27},"end":{"line":431,"column":47}},{"start":{"line":431,"column":51},"end":{"line":431,"column":53}}]},"36":{"loc":{"start":{"line":432,"column":27},"end":{"line":432,"column":53}},"type":"binary-expr","locations":[{"start":{"line":432,"column":27},"end":{"line":432,"column":47}},{"start":{"line":432,"column":51},"end":{"line":432,"column":53}}]},"37":{"loc":{"start":{"line":436,"column":5},"end":{"line":438,"column":null}},"type":"if","locations":[{"start":{"line":436,"column":5},"end":{"line":438,"column":null}}]},"38":{"loc":{"start":{"line":440,"column":5},"end":{"line":442,"column":null}},"type":"if","locations":[{"start":{"line":440,"column":5},"end":{"line":442,"column":null}}]},"39":{"loc":{"start":{"line":447,"column":4},"end":{"line":449,"column":null}},"type":"if","locations":[{"start":{"line":447,"column":4},"end":{"line":449,"column":null}}]},"40":{"loc":{"start":{"line":457,"column":2},"end":{"line":459,"column":null}},"type":"if","locations":[{"start":{"line":457,"column":2},"end":{"line":459,"column":null}}]},"41":{"loc":{"start":{"line":465,"column":2},"end":{"line":470,"column":null}},"type":"if","locations":[{"start":{"line":465,"column":2},"end":{"line":470,"column":null}}]},"42":{"loc":{"start":{"line":472,"column":2},"end":{"line":474,"column":null}},"type":"if","locations":[{"start":{"line":472,"column":2},"end":{"line":474,"column":null}}]}},"s":{"0":11,"1":11,"2":11,"3":11,"4":11,"5":11,"6":11,"7":11,"8":121,"9":65,"10":147,"11":147,"12":54,"13":54,"14":1,"15":53,"16":53,"17":212,"18":53,"19":53,"20":53,"21":93,"22":93,"23":224,"24":224,"25":224,"26":93,"27":91,"28":91,"29":91,"30":91,"31":220,"32":220,"33":10,"34":91,"35":4,"36":4,"37":1,"38":3,"39":90,"40":2,"41":90,"42":51,"43":51,"44":51,"45":51,"46":51,"47":51,"48":134,"49":134,"50":134,"51":106,"52":28,"53":19,"54":9,"55":9,"56":5,"57":4,"58":47,"59":1,"60":1,"61":1,"62":0,"63":47,"64":41,"65":41,"66":0,"67":41,"68":162,"69":41,"70":3,"71":3,"72":1,"73":2,"74":2,"75":0,"76":0,"77":0,"78":3,"79":3,"80":41,"81":41,"82":112,"83":112,"84":112,"85":112,"86":7,"87":12,"88":11,"89":1,"90":1,"91":0,"92":0,"93":0,"94":7,"95":7,"96":41,"97":0,"98":0,"99":0,"100":0,"101":0,"102":0,"103":0,"104":0,"105":0,"106":0,"107":0,"108":11},"f":{"0":121,"1":65,"2":147,"3":212,"4":53,"5":224,"6":91,"7":220,"8":51,"9":134,"10":41,"11":162,"12":3,"13":112,"14":12,"15":0,"16":0},"b":{"0":[53],"1":[54],"2":[1],"3":[53,49],"4":[212,159],"5":[224,131],"6":[220,127],"7":[10],"8":[4],"9":[1],"10":[2],"11":[90,11,9],"12":[44],"13":[51],"14":[51],"15":[134,84],"16":[134,35],"17":[106],"18":[19,9],"19":[5,4],"20":[1],"21":[47,5,4],"22":[1,0],"23":[0],"24":[3],"25":[41,5],"26":[1],"27":[2],"28":[2,2],"29":[0],"30":[3],"31":[112,69],"32":[7],"33":[112,20],"34":[11],"35":[11,0],"36":[11,0],"37":[1],"38":[0],"39":[7],"40":[0],"41":[0],"42":[0]}}
,"/home/nicholas_io/projects/headless/packages/core/src/data/strategies/SearchFetchStrategy.ts": {"path":"/home/nicholas_io/projects/headless/packages/core/src/data/strategies/SearchFetchStrategy.ts","statementMap":{"0":{"start":{"line":1,"column":0},"end":{"line":1,"column":51}},"1":{"start":{"line":2,"column":0},"end":{"line":2,"column":47}},"2":{"start":{"line":3,"column":0},"end":{"line":3,"column":92}},"3":{"start":{"line":4,"column":0},"end":{"line":4,"column":37}},"4":{"start":{"line":5,"column":0},"end":{"line":5,"column":32}},"5":{"start":{"line":6,"column":0},"end":{"line":6,"column":53}},"6":{"start":{"line":25,"column":2},"end":{"line":25,"column":25}},"7":{"start":{"line":33,"column":2},"end":{"line":33,"column":55}},"8":{"start":{"line":47,"column":33},"end":{"line":47,"column":40}},"9":{"start":{"line":48,"column":38},"end":{"line":48,"column":40}},"10":{"start":{"line":49,"column":20},"end":{"line":49,"column":22}},"11":{"start":{"line":51,"column":2},"end":{"line":64,"column":null}},"12":{"start":{"line":52,"column":18},"end":{"line":57,"column":null}},"13":{"start":{"line":60,"column":3},"end":{"line":60,"column":26}},"14":{"start":{"line":61,"column":3},"end":{"line":61,"column":38}},"15":{"start":{"line":66,"column":39},"end":{"line":76,"column":4}},"16":{"start":{"line":78,"column":19},"end":{"line":78,"column":91}},"17":{"start":{"line":80,"column":2},"end":{"line":83,"column":4}},"18":{"start":{"line":20,"column":0},"end":{"line":20,"column":13}}},"fnMap":{"0":{"name":"(anonymous_0)","decl":{"start":{"line":24,"column":1},"end":{"line":24,"column":19}},"loc":{"start":{"line":24,"column":19},"end":{"line":26,"column":2}}},"1":{"name":"(anonymous_1)","decl":{"start":{"line":28,"column":1},"end":{"line":28,"column":17}},"loc":{"start":{"line":31,"column":31},"end":{"line":34,"column":2}}},"2":{"name":"(anonymous_2)","decl":{"start":{"line":46,"column":1},"end":{"line":46,"column":6}},"loc":{"start":{"line":46,"column":83},"end":{"line":84,"column":2}}}},"branchMap":{"0":{"loc":{"start":{"line":31,"column":2},"end":{"line":31,"column":31}},"type":"default-arg","locations":[{"start":{"line":31,"column":29},"end":{"line":31,"column":31}}]},"1":{"loc":{"start":{"line":46,"column":48},"end":{"line":46,"column":83}},"type":"default-arg","locations":[{"start":{"line":46,"column":81},"end":{"line":46,"column":83}}]},"2":{"loc":{"start":{"line":47,"column":10},"end":{"line":47,"column":28}},"type":"default-arg","locations":[{"start":{"line":47,"column":23},"end":{"line":47,"column":28}}]},"3":{"loc":{"start":{"line":68,"column":19},"end":{"line":68,"column":38}},"type":"binary-expr","locations":[{"start":{"line":68,"column":19},"end":{"line":68,"column":32}},{"start":{"line":68,"column":36},"end":{"line":68,"column":38}}]},"4":{"loc":{"start":{"line":70,"column":13},"end":{"line":70,"column":38}},"type":"binary-expr","locations":[{"start":{"line":70,"column":13},"end":{"line":70,"column":28}},{"start":{"line":70,"column":32},"end":{"line":70,"column":38}}]}},"s":{"0":8,"1":8,"2":8,"3":8,"4":8,"5":8,"6":24,"7":23,"8":7,"9":7,"10":7,"11":7,"12":7,"13":6,"14":6,"15":6,"16":6,"17":6,"18":8},"f":{"0":24,"1":23,"2":7},"b":{"0":[5],"1":[7],"2":[7],"3":[6,0],"4":[6,6]}}
,"/home/nicholas_io/projects/headless/packages/core/src/data/strategies/SinglePostFetchStrategy.ts": {"path":"/home/nicholas_io/projects/headless/packages/core/src/data/strategies/SinglePostFetchStrategy.ts","statementMap":{"0":{"start":{"line":1,"column":0},"end":{"line":1,"column":null}},"1":{"start":{"line":10,"column":0},"end":{"line":10,"column":49}},"2":{"start":{"line":11,"column":0},"end":{"line":11,"column":47}},"3":{"start":{"line":12,"column":0},"end":{"line":12,"column":null}},"4":{"start":{"line":19,"column":0},"end":{"line":19,"column":70}},"5":{"start":{"line":20,"column":0},"end":{"line":20,"column":51}},"6":{"start":{"line":21,"column":0},"end":{"line":21,"column":32}},"7":{"start":{"line":83,"column":20},"end":{"line":83,"column":26}},"8":{"start":{"line":87,"column":16},"end":{"line":87,"column":18}},"9":{"start":{"line":89,"column":18},"end":{"line":89,"column":20}},"10":{"start":{"line":91,"column":50},"end":{"line":91,"column":54}},"11":{"start":{"line":94,"column":2},"end":{"line":94,"column":25}},"12":{"start":{"line":98,"column":2},"end":{"line":98,"column":60}},"13":{"start":{"line":103,"column":17},"end":{"line":103,"column":49}},"14":{"start":{"line":106,"column":2},"end":{"line":107,"column":87}},"15":{"start":{"line":109,"column":2},"end":{"line":109,"column":44}},"16":{"start":{"line":112,"column":42},"end":{"line":112,"column":71}},"17":{"start":{"line":115,"column":2},"end":{"line":116,"column":77}},"18":{"start":{"line":119,"column":2},"end":{"line":119,"column":30}},"19":{"start":{"line":130,"column":3},"end":{"line":130,"column":9}},"20":{"start":{"line":132,"column":2},"end":{"line":147,"column":null}},"21":{"start":{"line":134,"column":24},"end":{"line":136,"column":21}},"22":{"start":{"line":138,"column":20},"end":{"line":138,"column":65}},"23":{"start":{"line":140,"column":3},"end":{"line":144,"column":null}},"24":{"start":{"line":141,"column":4},"end":{"line":143,"column":6}},"25":{"start":{"line":145,"column":3},"end":{"line":145,"column":33}},"26":{"start":{"line":146,"column":3},"end":{"line":146,"column":39}},"27":{"start":{"line":149,"column":2},"end":{"line":154,"column":null}},"28":{"start":{"line":150,"column":3},"end":{"line":150,"column":51}},"29":{"start":{"line":151,"column":3},"end":{"line":153,"column":null}},"30":{"start":{"line":152,"column":4},"end":{"line":152,"column":31}},"31":{"start":{"line":156,"column":2},"end":{"line":156,"column":53}},"32":{"start":{"line":167,"column":2},"end":{"line":195,"column":5}},"33":{"start":{"line":168,"column":20},"end":{"line":173,"column":26}},"34":{"start":{"line":175,"column":23},"end":{"line":175,"column":73}},"35":{"start":{"line":177,"column":3},"end":{"line":192,"column":null}},"36":{"start":{"line":178,"column":30},"end":{"line":180,"column":24}},"37":{"start":{"line":181,"column":21},"end":{"line":181,"column":36}},"38":{"start":{"line":183,"column":4},"end":{"line":191,"column":null}},"39":{"start":{"line":184,"column":28},"end":{"line":184,"column":69}},"40":{"start":{"line":185,"column":26},"end":{"line":185,"column":75}},"41":{"start":{"line":187,"column":5},"end":{"line":190,"column":7}},"42":{"start":{"line":194,"column":3},"end":{"line":194,"column":83}},"43":{"start":{"line":206,"column":21},"end":{"line":206,"column":29}},"44":{"start":{"line":208,"column":2},"end":{"line":222,"column":null}},"45":{"start":{"line":213,"column":27},"end":{"line":217,"column":5}},"46":{"start":{"line":218,"column":3},"end":{"line":221,"column":5}},"47":{"start":{"line":224,"column":2},"end":{"line":230,"column":null}},"48":{"start":{"line":225,"column":3},"end":{"line":225,"column":47}},"49":{"start":{"line":226,"column":3},"end":{"line":229,"column":5}},"50":{"start":{"line":234,"column":2},"end":{"line":260,"column":null}},"51":{"start":{"line":235,"column":3},"end":{"line":240,"column":null}},"52":{"start":{"line":236,"column":4},"end":{"line":239,"column":6}},"53":{"start":{"line":242,"column":4},"end":{"line":244,"column":46}},"54":{"start":{"line":246,"column":16},"end":{"line":248,"column":15}},"55":{"start":{"line":250,"column":3},"end":{"line":254,"column":null}},"56":{"start":{"line":251,"column":4},"end":{"line":253,"column":6}},"57":{"start":{"line":256,"column":3},"end":{"line":259,"column":5}},"58":{"start":{"line":262,"column":2},"end":{"line":265,"column":4}},"59":{"start":{"line":276,"column":33},"end":{"line":276,"column":40}},"60":{"start":{"line":278,"column":2},"end":{"line":280,"column":null}},"61":{"start":{"line":279,"column":3},"end":{"line":279,"column":42}},"62":{"start":{"line":283,"column":2},"end":{"line":301,"column":null}},"63":{"start":{"line":284,"column":3},"end":{"line":300,"column":null}},"64":{"start":{"line":285,"column":21},"end":{"line":292,"column":null}},"65":{"start":{"line":295,"column":4},"end":{"line":297,"column":null}},"66":{"start":{"line":296,"column":5},"end":{"line":296,"column":38}},"67":{"start":{"line":299,"column":4},"end":{"line":299,"column":63}},"68":{"start":{"line":303,"column":2},"end":{"line":309,"column":null}},"69":{"start":{"line":304,"column":18},"end":{"line":304,"column":59}},"70":{"start":{"line":306,"column":3},"end":{"line":306,"column":17}},"71":{"start":{"line":308,"column":3},"end":{"line":308,"column":13}},"72":{"start":{"line":312,"column":2},"end":{"line":314,"column":null}},"73":{"start":{"line":313,"column":3},"end":{"line":313,"column":15}},"74":{"start":{"line":317,"column":27},"end":{"line":317,"column":42}},"75":{"start":{"line":319,"column":2},"end":{"line":330,"column":null}},"76":{"start":{"line":320,"column":3},"end":{"line":329,"column":null}},"77":{"start":{"line":321,"column":4},"end":{"line":321,"column":29}},"78":{"start":{"line":322,"column":22},"end":{"line":322,"column":45}},"79":{"start":{"line":323,"column":24},"end":{"line":323,"column":73}},"80":{"start":{"line":325,"column":19},"end":{"line":325,"column":71}},"81":{"start":{"line":326,"column":4},"end":{"line":326,"column":18}},"82":{"start":{"line":328,"column":4},"end":{"line":328,"column":14}},"83":{"start":{"line":333,"column":2},"end":{"line":333,"column":14}},"84":{"start":{"line":337,"column":2},"end":{"line":339,"column":null}},"85":{"start":{"line":338,"column":3},"end":{"line":338,"column":47}},"86":{"start":{"line":341,"column":25},"end":{"line":341,"column":35}},"87":{"start":{"line":343,"column":15},"end":{"line":343,"column":70}},"88":{"start":{"line":345,"column":2},"end":{"line":348,"column":4}},"89":{"start":{"line":79,"column":0},"end":{"line":79,"column":13}}},"fnMap":{"0":{"name":"(anonymous_0)","decl":{"start":{"line":93,"column":1},"end":{"line":93,"column":19}},"loc":{"start":{"line":93,"column":19},"end":{"line":95,"column":2}}},"1":{"name":"(anonymous_1)","decl":{"start":{"line":97,"column":1},"end":{"line":97,"column":17}},"loc":{"start":{"line":97,"column":17},"end":{"line":99,"column":2}}},"2":{"name":"(anonymous_2)","decl":{"start":{"line":102,"column":1},"end":{"line":102,"column":17}},"loc":{"start":{"line":102,"column":61},"end":{"line":120,"column":2}}},"3":{"name":"(anonymous_3)","decl":{"start":{"line":127,"column":1},"end":{"line":127,"column":17}},"loc":{"start":{"line":127,"column":27},"end":{"line":157,"column":2}}},"4":{"name":"(anonymous_4)","decl":{"start":{"line":166,"column":1},"end":{"line":166,"column":30}},"loc":{"start":{"line":166,"column":62},"end":{"line":196,"column":2}}},"5":{"name":"(anonymous_5)","decl":{"start":{"line":167,"column":21},"end":{"line":167,"column":22}},"loc":{"start":{"line":167,"column":30},"end":{"line":195,"column":3}}},"6":{"name":"(anonymous_6)","decl":{"start":{"line":205,"column":1},"end":{"line":205,"column":16}},"loc":{"start":{"line":205,"column":69},"end":{"line":266,"column":2}}},"7":{"name":"(anonymous_7)","decl":{"start":{"line":275,"column":1},"end":{"line":275,"column":6}},"loc":{"start":{"line":275,"column":74},"end":{"line":334,"column":2}}},"8":{"name":"(anonymous_8)","decl":{"start":{"line":336,"column":1},"end":{"line":336,"column":11}},"loc":{"start":{"line":336,"column":90},"end":{"line":349,"column":2}}}},"branchMap":{"0":{"loc":{"start":{"line":102,"column":32},"end":{"line":102,"column":61}},"type":"default-arg","locations":[{"start":{"line":102,"column":59},"end":{"line":102,"column":61}}]},"1":{"loc":{"start":{"line":107,"column":3},"end":{"line":107,"column":86}},"type":"cond-expr","locations":[{"start":{"line":107,"column":64},"end":{"line":107,"column":81}},{"start":{"line":107,"column":84},"end":{"line":107,"column":86}}]},"2":{"loc":{"start":{"line":107,"column":3},"end":{"line":107,"column":61}},"type":"binary-expr","locations":[{"start":{"line":107,"column":3},"end":{"line":107,"column":40}},{"start":{"line":107,"column":44},"end":{"line":107,"column":61}}]},"3":{"loc":{"start":{"line":109,"column":14},"end":{"line":109,"column":43}},"type":"binary-expr","locations":[{"start":{"line":109,"column":14},"end":{"line":109,"column":35}},{"start":{"line":109,"column":39},"end":{"line":109,"column":43}}]},"4":{"loc":{"start":{"line":116,"column":3},"end":{"line":116,"column":76}},"type":"binary-expr","locations":[{"start":{"line":116,"column":3},"end":{"line":116,"column":32}},{"start":{"line":116,"column":36},"end":{"line":116,"column":76}}]},"5":{"loc":{"start":{"line":132,"column":2},"end":{"line":147,"column":null}},"type":"if","locations":[{"start":{"line":132,"column":2},"end":{"line":147,"column":null}}]},"6":{"loc":{"start":{"line":134,"column":24},"end":{"line":136,"column":21}},"type":"cond-expr","locations":[{"start":{"line":135,"column":6},"end":{"line":135,"column":24}},{"start":{"line":136,"column":6},"end":{"line":136,"column":21}}]},"7":{"loc":{"start":{"line":140,"column":3},"end":{"line":144,"column":null}},"type":"if","locations":[{"start":{"line":140,"column":3},"end":{"line":144,"column":null}}]},"8":{"loc":{"start":{"line":149,"column":2},"end":{"line":154,"column":null}},"type":"if","locations":[{"start":{"line":149,"column":2},"end":{"line":154,"column":null}}]},"9":{"loc":{"start":{"line":151,"column":3},"end":{"line":153,"column":null}},"type":"if","locations":[{"start":{"line":151,"column":3},"end":{"line":153,"column":null}}]},"10":{"loc":{"start":{"line":177,"column":3},"end":{"line":192,"column":null}},"type":"if","locations":[{"start":{"line":177,"column":3},"end":{"line":192,"column":null}}]},"11":{"loc":{"start":{"line":177,"column":7},"end":{"line":177,"column":52}},"type":"binary-expr","locations":[{"start":{"line":177,"column":7},"end":{"line":177,"column":22}},{"start":{"line":177,"column":26},"end":{"line":177,"column":52}}]},"12":{"loc":{"start":{"line":178,"column":30},"end":{"line":180,"column":24}},"type":"cond-expr","locations":[{"start":{"line":179,"column":7},"end":{"line":179,"column":22}},{"start":{"line":180,"column":7},"end":{"line":180,"column":24}}]},"13":{"loc":{"start":{"line":181,"column":21},"end":{"line":181,"column":36}},"type":"binary-expr","locations":[{"start":{"line":181,"column":21},"end":{"line":181,"column":30}},{"start":{"line":181,"column":34},"end":{"line":181,"column":36}}]},"14":{"loc":{"start":{"line":183,"column":4},"end":{"line":191,"column":null}},"type":"if","locations":[{"start":{"line":183,"column":4},"end":{"line":191,"column":null}}]},"15":{"loc":{"start":{"line":185,"column":26},"end":{"line":185,"column":75}},"type":"binary-expr","locations":[{"start":{"line":185,"column":26},"end":{"line":185,"column":69}},{"start":{"line":185,"column":73},"end":{"line":185,"column":75}}]},"16":{"loc":{"start":{"line":188,"column":6},"end":{"line":189,"column":65}},"type":"binary-expr","locations":[{"start":{"line":188,"column":6},"end":{"line":188,"column":50}},{"start":{"line":189,"column":6},"end":{"line":189,"column":65}}]},"17":{"loc":{"start":{"line":194,"column":10},"end":{"line":194,"column":82}},"type":"binary-expr","locations":[{"start":{"line":194,"column":10},"end":{"line":194,"column":34}},{"start":{"line":194,"column":38},"end":{"line":194,"column":82}}]},"18":{"loc":{"start":{"line":208,"column":2},"end":{"line":222,"column":null}},"type":"if","locations":[{"start":{"line":208,"column":2},"end":{"line":222,"column":null}}]},"19":{"loc":{"start":{"line":209,"column":3},"end":{"line":211,"column":34}},"type":"binary-expr","locations":[{"start":{"line":209,"column":3},"end":{"line":209,"column":39}},{"start":{"line":210,"column":3},"end":{"line":210,"column":35}},{"start":{"line":211,"column":3},"end":{"line":211,"column":34}}]},"20":{"loc":{"start":{"line":224,"column":2},"end":{"line":230,"column":null}},"type":"if","locations":[{"start":{"line":224,"column":2},"end":{"line":230,"column":null}}]},"21":{"loc":{"start":{"line":224,"column":6},"end":{"line":224,"column":41}},"type":"binary-expr","locations":[{"start":{"line":224,"column":6},"end":{"line":224,"column":15}},{"start":{"line":224,"column":19},"end":{"line":224,"column":41}}]},"22":{"loc":{"start":{"line":234,"column":2},"end":{"line":260,"column":null}},"type":"if","locations":[{"start":{"line":234,"column":2},"end":{"line":260,"column":null}}]},"23":{"loc":{"start":{"line":235,"column":3},"end":{"line":240,"column":null}},"type":"if","locations":[{"start":{"line":235,"column":3},"end":{"line":240,"column":null}}]},"24":{"loc":{"start":{"line":242,"column":4},"end":{"line":244,"column":46}},"type":"binary-expr","locations":[{"start":{"line":242,"column":4},"end":{"line":242,"column":24}},{"start":{"line":243,"column":4},"end":{"line":243,"column":21}},{"start":{"line":244,"column":4},"end":{"line":244,"column":46}}]},"25":{"loc":{"start":{"line":246,"column":16},"end":{"line":248,"column":15}},"type":"cond-expr","locations":[{"start":{"line":247,"column":6},"end":{"line":247,"column":56}},{"start":{"line":248,"column":6},"end":{"line":248,"column":15}}]},"26":{"loc":{"start":{"line":250,"column":3},"end":{"line":254,"column":null}},"type":"if","locations":[{"start":{"line":250,"column":3},"end":{"line":254,"column":null}}]},"27":{"loc":{"start":{"line":275,"column":39},"end":{"line":275,"column":74}},"type":"default-arg","locations":[{"start":{"line":275,"column":72},"end":{"line":275,"column":74}}]},"28":{"loc":{"start":{"line":276,"column":10},"end":{"line":276,"column":28}},"type":"default-arg","locations":[{"start":{"line":276,"column":23},"end":{"line":276,"column":28}}]},"29":{"loc":{"start":{"line":278,"column":2},"end":{"line":280,"column":null}},"type":"if","locations":[{"start":{"line":278,"column":2},"end":{"line":280,"column":null}}]},"30":{"loc":{"start":{"line":283,"column":2},"end":{"line":301,"column":null}},"type":"if","locations":[{"start":{"line":283,"column":2},"end":{"line":301,"column":null}}]},"31":{"loc":{"start":{"line":283,"column":6},"end":{"line":283,"column":34}},"type":"binary-expr","locations":[{"start":{"line":283,"column":6},"end":{"line":283,"column":21}},{"start":{"line":283,"column":25},"end":{"line":283,"column":34}}]},"32":{"loc":{"start":{"line":295,"column":4},"end":{"line":297,"column":null}},"type":"if","locations":[{"start":{"line":295,"column":4},"end":{"line":297,"column":null}}]},"33":{"loc":{"start":{"line":295,"column":8},"end":{"line":295,"column":64}},"type":"binary-expr","locations":[{"start":{"line":295,"column":8},"end":{"line":295,"column":36}},{"start":{"line":295,"column":40},"end":{"line":295,"column":64}}]},"34":{"loc":{"start":{"line":312,"column":2},"end":{"line":314,"column":null}},"type":"if","locations":[{"start":{"line":312,"column":2},"end":{"line":314,"column":null}}]},"35":{"loc":{"start":{"line":337,"column":2},"end":{"line":339,"column":null}},"type":"if","locations":[{"start":{"line":337,"column":2},"end":{"line":339,"column":null}}]}},"s":{"0":9,"1":9,"2":9,"3":9,"4":9,"5":9,"6":9,"7":62,"8":62,"9":62,"10":62,"11":109,"12":55,"13":137,"14":137,"15":137,"16":137,"17":137,"18":137,"19":89,"20":89,"21":19,"22":19,"23":19,"24":4,"25":15,"26":15,"27":85,"28":17,"29":17,"30":4,"31":85,"32":24,"33":25,"34":25,"35":25,"36":7,"37":7,"38":7,"39":4,"40":4,"41":4,"42":21,"43":39,"44":39,"45":0,"46":0,"47":39,"48":1,"49":1,"50":38,"51":38,"52":1,"53":37,"54":37,"55":37,"56":4,"57":33,"58":0,"59":48,"60":48,"61":4,"62":48,"63":3,"64":3,"65":3,"66":3,"67":0,"68":48,"69":48,"70":34,"71":13,"72":13,"73":10,"74":3,"75":3,"76":4,"77":4,"78":4,"79":4,"80":1,"81":1,"82":3,"83":2,"84":0,"85":0,"86":0,"87":0,"88":0,"89":9},"f":{"0":109,"1":55,"2":137,"3":89,"4":24,"5":25,"6":39,"7":48,"8":0},"b":{"0":[50],"1":[4,133],"2":[137,6],"3":[137,131],"4":[137,109],"5":[19],"6":[5,14],"7":[4],"8":[17],"9":[4],"10":[7],"11":[25,7],"12":[0,7],"13":[7,3],"14":[4],"15":[4,0],"16":[4,2],"17":[21,7],"18":[0],"19":[39,2,2],"20":[1],"21":[39,7],"22":[38],"23":[1],"24":[37,33,30],"25":[24,13],"26":[4],"27":[46],"28":[47],"29":[4],"30":[3],"31":[48,3],"32":[3],"33":[3,3],"34":[10],"35":[0]}}
,"/home/nicholas_io/projects/headless/packages/core/src/data/strategies/TaxonomyTermsStrategy.ts": {"path":"/home/nicholas_io/projects/headless/packages/core/src/data/strategies/TaxonomyTermsStrategy.ts","statementMap":{"0":{"start":{"line":1,"column":0},"end":{"line":1,"column":61}},"1":{"start":{"line":2,"column":0},"end":{"line":2,"column":37}},"2":{"start":{"line":4,"column":0},"end":{"line":4,"column":null}},"3":{"start":{"line":11,"column":0},"end":{"line":11,"column":51}},"4":{"start":{"line":103,"column":19},"end":{"line":103,"column":29}},"5":{"start":{"line":106,"column":2},"end":{"line":106,"column":28}},"6":{"start":{"line":110,"column":2},"end":{"line":110,"column":60}},"7":{"start":{"line":119,"column":2},"end":{"line":119,"column":26}},"8":{"start":{"line":123,"column":65},"end":{"line":123,"column":71}},"9":{"start":{"line":125,"column":22},"end":{"line":125,"column":63}},"10":{"start":{"line":127,"column":2},"end":{"line":131,"column":null}},"11":{"start":{"line":128,"column":3},"end":{"line":130,"column":5}},"12":{"start":{"line":133,"column":2},"end":{"line":133,"column":41}},"13":{"start":{"line":135,"column":2},"end":{"line":135,"column":53}},"14":{"start":{"line":143,"column":2},"end":{"line":143,"column":76}},"15":{"start":{"line":150,"column":2},"end":{"line":152,"column":null}},"16":{"start":{"line":151,"column":3},"end":{"line":151,"column":70}},"17":{"start":{"line":154,"column":2},"end":{"line":157,"column":4}},"18":{"start":{"line":99,"column":0},"end":{"line":99,"column":13}}},"fnMap":{"0":{"name":"(anonymous_0)","decl":{"start":{"line":105,"column":1},"end":{"line":105,"column":19}},"loc":{"start":{"line":105,"column":19},"end":{"line":107,"column":2}}},"1":{"name":"(anonymous_1)","decl":{"start":{"line":109,"column":1},"end":{"line":109,"column":17}},"loc":{"start":{"line":109,"column":17},"end":{"line":111,"column":2}}},"2":{"name":"(anonymous_2)","decl":{"start":{"line":113,"column":1},"end":{"line":113,"column":17}},"loc":{"start":{"line":117,"column":25},"end":{"line":120,"column":2}}},"3":{"name":"(anonymous_3)","decl":{"start":{"line":122,"column":1},"end":{"line":122,"column":17}},"loc":{"start":{"line":122,"column":36},"end":{"line":136,"column":2}}},"4":{"name":"(anonymous_4)","decl":{"start":{"line":138,"column":1},"end":{"line":138,"column":8}},"loc":{"start":{"line":141,"column":33},"end":{"line":144,"column":2}}},"5":{"name":"(anonymous_5)","decl":{"start":{"line":146,"column":1},"end":{"line":146,"column":11}},"loc":{"start":{"line":148,"column":40},"end":{"line":158,"column":2}}}},"branchMap":{"0":{"loc":{"start":{"line":117,"column":2},"end":{"line":117,"column":25}},"type":"default-arg","locations":[{"start":{"line":117,"column":23},"end":{"line":117,"column":25}}]},"1":{"loc":{"start":{"line":123,"column":10},"end":{"line":123,"column":41}},"type":"default-arg","locations":[{"start":{"line":123,"column":21},"end":{"line":123,"column":41}}]},"2":{"loc":{"start":{"line":127,"column":2},"end":{"line":131,"column":null}},"type":"if","locations":[{"start":{"line":127,"column":2},"end":{"line":131,"column":null}}]},"3":{"loc":{"start":{"line":150,"column":2},"end":{"line":152,"column":null}},"type":"if","locations":[{"start":{"line":150,"column":2},"end":{"line":152,"column":null}}]}},"s":{"0":8,"1":8,"2":8,"3":8,"4":5,"5":1,"6":2,"7":5,"8":4,"9":4,"10":4,"11":1,"12":3,"13":3,"14":1,"15":0,"16":0,"17":0,"18":8},"f":{"0":1,"1":2,"2":5,"3":4,"4":1,"5":0},"b":{"0":[3],"1":[1],"2":[1],"3":[0]}}
,"/home/nicholas_io/projects/headless/packages/core/src/data/strategies/VerifyTokenFetchStrategy.ts": {"path":"/home/nicholas_io/projects/headless/packages/core/src/data/strategies/VerifyTokenFetchStrategy.ts","statementMap":{"0":{"start":{"line":2,"column":0},"end":{"line":2,"column":94}},"1":{"start":{"line":3,"column":0},"end":{"line":3,"column":37}},"2":{"start":{"line":24,"column":2},"end":{"line":24,"column":31}},"3":{"start":{"line":29,"column":2},"end":{"line":29,"column":12}},"4":{"start":{"line":34,"column":33},"end":{"line":34,"column":39}},"5":{"start":{"line":36,"column":2},"end":{"line":36,"column":60}},"6":{"start":{"line":40,"column":2},"end":{"line":42,"column":null}},"7":{"start":{"line":41,"column":3},"end":{"line":41,"column":42}},"8":{"start":{"line":44,"column":2},"end":{"line":44,"column":45}},"9":{"start":{"line":18,"column":0},"end":{"line":18,"column":13}}},"fnMap":{"0":{"name":"(anonymous_0)","decl":{"start":{"line":23,"column":1},"end":{"line":23,"column":19}},"loc":{"start":{"line":23,"column":19},"end":{"line":25,"column":2}}},"1":{"name":"(anonymous_1)","decl":{"start":{"line":28,"column":1},"end":{"line":28,"column":17}},"loc":{"start":{"line":28,"column":68},"end":{"line":30,"column":2}}},"2":{"name":"(anonymous_2)","decl":{"start":{"line":32,"column":1},"end":{"line":32,"column":17}},"loc":{"start":{"line":32,"column":52},"end":{"line":37,"column":2}}},"3":{"name":"(anonymous_3)","decl":{"start":{"line":39,"column":1},"end":{"line":39,"column":6}},"loc":{"start":{"line":39,"column":90},"end":{"line":45,"column":2}}}},"branchMap":{"0":{"loc":{"start":{"line":28,"column":32},"end":{"line":28,"column":68}},"type":"default-arg","locations":[{"start":{"line":28,"column":66},"end":{"line":28,"column":68}}]},"1":{"loc":{"start":{"line":39,"column":55},"end":{"line":39,"column":90}},"type":"default-arg","locations":[{"start":{"line":39,"column":88},"end":{"line":39,"column":90}}]},"2":{"loc":{"start":{"line":40,"column":2},"end":{"line":42,"column":null}},"type":"if","locations":[{"start":{"line":40,"column":2},"end":{"line":42,"column":null}}]}},"s":{"0":7,"1":7,"2":0,"3":0,"4":0,"5":0,"6":0,"7":0,"8":0,"9":7},"f":{"0":0,"1":0,"2":0,"3":0},"b":{"0":[0],"1":[0],"2":[0]}}
,"/home/nicholas_io/projects/headless/packages/core/src/data/strategies/index.ts": {"path":"/home/nicholas_io/projects/headless/packages/core/src/data/strategies/index.ts","statementMap":{"0":{"start":{"line":1,"column":0},"end":{"line":1,"column":40}},"1":{"start":{"line":2,"column":0},"end":{"line":2,"column":42}},"2":{"start":{"line":3,"column":0},"end":{"line":3,"column":44}},"3":{"start":{"line":4,"column":0},"end":{"line":4,"column":38}},"4":{"start":{"line":5,"column":0},"end":{"line":5,"column":38}},"5":{"start":{"line":6,"column":0},"end":{"line":6,"column":40}},"6":{"start":{"line":7,"column":0},"end":{"line":7,"column":45}},"7":{"start":{"line":8,"column":0},"end":{"line":8,"column":43}},"8":{"start":{"line":9,"column":0},"end":{"line":9,"column":43}}},"fnMap":{},"branchMap":{},"s":{"0":7,"1":7,"2":7,"3":7,"4":7,"5":7,"6":7,"7":7,"8":7},"f":{},"b":{}}
,"/home/nicholas_io/projects/headless/packages/core/src/data/types/index.ts": {"path":"/home/nicholas_io/projects/headless/packages/core/src/data/types/index.ts","statementMap":{"0":{"start":{"line":1,"column":0},"end":{"line":1,"column":27}}},"fnMap":{},"branchMap":{},"s":{"0":7},"f":{},"b":{}}
[...]
r","locations":[{"start":{"line":35,"column":44},"end":{"line":35,"column":46}},{"start":{"line":35,"column":49},"end":{"line":35,"column":51}}]},"6":{"loc":{"start":{"line":37,"column":2},"end":{"line":41,"column":null}},"type":"if","locations":[{"start":{"line":37,"column":2},"end":{"line":41,"column":null}}]},"7":{"loc":{"start":{"line":37,"column":6},"end":{"line":37,"column":56}},"type":"binary-expr","locations":[{"start":{"line":37,"column":6},"end":{"line":37,"column":32}},{"start":{"line":37,"column":36},"end":{"line":37,"column":56}}]},"8":{"loc":{"start":{"line":57,"column":1},"end":{"line":59,"column":null}},"type":"if","locations":[{"start":{"line":57,"column":1},"end":{"line":59,"column":null}}]},"9":{"loc":{"start":{"line":80,"column":3},"end":{"line":80,"column":28}},"type":"binary-expr","locations":[{"start":{"line":80,"column":3},"end":{"line":80,"column":22}},{"start":{"line":80,"column":26},"end":{"line":80,"column":28}}]},"10":{"loc":{"start":{"line":88,"column":16},"end":{"line":88,"column":26}},"type":"default-arg","locations":[{"start":{"line":88,"column":24},"end":{"line":88,"column":26}}]},"11":{"loc":{"start":{"line":95,"column":4},"end":{"line":98,"column":null}},"type":"if","locations":[{"start":{"line":95,"column":4},"end":{"line":98,"column":null}}]},"12":{"loc":{"start":{"line":141,"column":24},"end":{"line":141,"column":87}},"type":"binary-expr","locations":[{"start":{"line":141,"column":24},"end":{"line":141,"column":44}},{"start":{"line":141,"column":49},"end":{"line":141,"column":54}},{"start":{"line":141,"column":58},"end":{"line":141,"column":86}}]},"13":{"loc":{"start":{"line":143,"column":2},"end":{"line":158,"column":null}},"type":"if","locations":[{"start":{"line":143,"column":2},"end":{"line":158,"column":null}},{"start":{"line":151,"column":9},"end":{"line":158,"column":null}}]},"14":{"loc":{"start":{"line":151,"column":9},"end":{"line":158,"column":null}},"type":"if","locations":[{"start":{"line":151,"column":9},"end":{"line":158,"column":null}}]},"15":{"loc":{"start":{"line":153,"column":3},"end":{"line":155,"column":null}},"type":"if","locations":[{"start":{"line":153,"column":3},"end":{"line":155,"column":null}}]},"16":{"loc":{"start":{"line":169,"column":1},"end":{"line":171,"column":null}},"type":"if","locations":[{"start":{"line":169,"column":1},"end":{"line":171,"column":null}}]},"17":{"loc":{"start":{"line":169,"column":5},"end":{"line":169,"column":39}},"type":"binary-expr","locations":[{"start":{"line":169,"column":5},"end":{"line":169,"column":10}},{"start":{"line":169,"column":14},"end":{"line":169,"column":39}}]},"18":{"loc":{"start":{"line":178,"column":1},"end":{"line":184,"column":null}},"type":"if","locations":[{"start":{"line":178,"column":1},"end":{"line":184,"column":null}}]}},"s":{"0":86,"1":86,"2":86,"3":86,"4":86,"5":86,"6":0,"7":86,"8":86,"9":86,"10":86,"11":0,"12":86,"13":80,"14":80,"15":80,"16":80,"17":0,"18":28,"19":80,"20":86,"21":86,"22":86,"23":86,"24":86,"25":28,"26":262,"27":262,"28":262,"29":410,"30":410,"31":410,"32":16,"33":16,"34":29,"35":394,"36":391,"37":1,"38":391,"39":262,"40":28,"41":408,"42":146,"43":262,"44":262,"45":262,"46":262,"47":80,"48":80,"49":262,"50":28},"f":{"0":86,"1":80,"2":80,"3":86,"4":262,"5":408},"b":{"0":[0],"1":[86,0],"2":[0,86],"3":[86,0],"4":[0,0],"5":[0,0],"6":[0],"7":[86,0],"8":[80],"9":[80,0],"10":[0],"11":[86],"12":[410,409,400],"13":[16,394],"14":[391],"15":[1],"16":[146],"17":[408,408],"18":[80]}}
,"/home/nicholas_io/projects/headless/packages/core/test/server-handlers.ts": {"path":"/home/nicholas_io/projects/headless/packages/core/test/server-handlers.ts","statementMap":{"0":{"start":{"line":1,"column":0},"end":{"line":1,"column":47}},"1":{"start":{"line":2,"column":0},"end":{"line":2,"column":44}},"2":{"start":{"line":3,"column":0},"end":{"line":3,"column":52}},"3":{"start":{"line":9,"column":13},"end":{"line":9,"column":55}},"4":{"start":{"line":10,"column":13},"end":{"line":10,"column":32}},"5":{"start":{"line":12,"column":17},"end":{"line":196,"column":2}},"6":{"start":{"line":14,"column":2},"end":{"line":14,"column":66}},"7":{"start":{"line":18,"column":2},"end":{"line":18,"column":64}},"8":{"start":{"line":22,"column":2},"end":{"line":22,"column":63}},"9":{"start":{"line":26,"column":2},"end":{"line":26,"column":79}},"10":{"start":{"line":30,"column":2},"end":{"line":30,"column":78}},"11":{"start":{"line":34,"column":2},"end":{"line":34,"column":37}},"12":{"start":{"line":38,"column":2},"end":{"line":38,"column":37}},"13":{"start":{"line":42,"column":2},"end":{"line":42,"column":37}},"14":{"start":{"line":46,"column":16},"end":{"line":46,"column":36}},"15":{"start":{"line":47,"column":17},"end":{"line":47,"column":36}},"16":{"start":{"line":48,"column":15},"end":{"line":48,"column":32}},"17":{"start":{"line":49,"column":18},"end":{"line":49,"column":53}},"18":{"start":{"line":50,"column":19},"end":{"line":50,"column":42}},"19":{"start":{"line":51,"column":17},"end":{"line":51,"column":36}},"20":{"start":{"line":52,"column":16},"end":{"line":52,"column":35}},"21":{"start":{"line":54,"column":16},"end":{"line":54,"column":26}},"22":{"start":{"line":56,"column":2},"end":{"line":59,"column":null}},"23":{"start":{"line":58,"column":3},"end":{"line":58,"column":65}},"24":{"start":{"line":58,"column":36},"end":{"line":58,"column":62}},"25":{"start":{"line":61,"column":2},"end":{"line":63,"column":null}},"26":{"start":{"line":62,"column":3},"end":{"line":62,"column":58}},"27":{"start":{"line":62,"column":38},"end":{"line":62,"column":56}},"28":{"start":{"line":65,"column":2},"end":{"line":71,"column":null}},"29":{"start":{"line":66,"column":3},"end":{"line":70,"column":6}},"30":{"start":{"line":67,"column":4},"end":{"line":69,"column":6}},"31":{"start":{"line":73,"column":2},"end":{"line":90,"column":null}},"32":{"start":{"line":74,"column":3},"end":{"line":89,"column":6}},"33":{"start":{"line":75,"column":4},"end":{"line":88,"column":7}},"34":{"start":{"line":76,"column":5},"end":{"line":78,"column":null}},"35":{"start":{"line":77,"column":6},"end":{"line":77,"column":74}},"36":{"start":{"line":80,"column":5},"end":{"line":85,"column":null}},"37":{"start":{"line":81,"column":6},"end":{"line":84,"column":8}},"38":{"start":{"line":87,"column":5},"end":{"line":87,"column":18}},"39":{"start":{"line":92,"column":2},"end":{"line":106,"column":null}},"40":{"start":{"line":93,"column":3},"end":{"line":105,"column":6}},"41":{"start":{"line":94,"column":4},"end":{"line":104,"column":7}},"42":{"start":{"line":95,"column":5},"end":{"line":97,"column":null}},"43":{"start":{"line":96,"column":6},"end":{"line":96,"column":37}},"44":{"start":{"line":99,"column":5},"end":{"line":101,"column":null}},"45":{"start":{"line":100,"column":6},"end":{"line":100,"column":71}},"46":{"start":{"line":103,"column":5},"end":{"line":103,"column":18}},"47":{"start":{"line":108,"column":23},"end":{"line":108,"column":37}},"48":{"start":{"line":110,"column":2},"end":{"line":112,"column":null}},"49":{"start":{"line":111,"column":3},"end":{"line":111,"column":39}},"50":{"start":{"line":114,"column":2},"end":{"line":120,"column":4}},"51":{"start":{"line":124,"column":16},"end":{"line":124,"column":26}},"52":{"start":{"line":125,"column":13},"end":{"line":125,"column":34}},"53":{"start":{"line":128,"column":2},"end":{"line":130,"column":null}},"54":{"start":{"line":129,"column":3},"end":{"line":129,"column":78}},"55":{"start":{"line":132,"column":2},"end":{"line":142,"column":null}},"56":{"start":{"line":134,"column":3},"end":{"line":141,"column":8}},"57":{"start":{"line":135,"column":22},"end":{"line":135,"column":36}},"58":{"start":{"line":136,"column":24},"end":{"line":141,"column":6}},"59":{"start":{"line":144,"column":2},"end":{"line":144,"column":32}},"60":{"start":{"line":148,"column":2},"end":{"line":155,"column":4}},"61":{"start":{"line":159,"column":16},"end":{"line":159,"column":36}},"62":{"start":{"line":160,"column":16},"end":{"line":160,"column":35}},"63":{"start":{"line":162,"column":16},"end":{"line":162,"column":26}},"64":{"start":{"line":164,"column":2},"end":{"line":167,"column":null}},"65":{"start":{"line":166,"column":3},"end":{"line":166,"column":65}},"66":{"start":{"line":166,"column":36},"end":{"line":166,"column":62}},"67":{"start":{"line":168,"column":13},"end":{"line":168,"column":34}},"68":{"start":{"line":170,"column":2},"end":{"line":172,"column":null}},"69":{"start":{"line":171,"column":3},"end":{"line":171,"column":54}},"70":{"start":{"line":171,"column":38},"end":{"line":171,"column":52}},"71":{"start":{"line":175,"column":2},"end":{"line":192,"column":null}},"72":{"start":{"line":176,"column":3},"end":{"line":181,"column":null}},"73":{"start":{"line":180,"column":4},"end":{"line":180,"column":34}},"74":{"start":{"line":183,"column":3},"end":{"line":191,"column":5}},"75":{"start":{"line":194,"column":2},"end":{"line":194,"column":32}},"76":{"start":{"line":198,"column":9},"end":{"line":198,"column":17}}},"fnMap":{"0":{"name":"(anonymous_1)","decl":{"start":{"line":13,"column":47},"end":{"line":13,"column":48}},"loc":{"start":{"line":13,"column":60},"end":{"line":15,"column":2}}},"1":{"name":"(anonymous_2)","decl":{"start":{"line":17,"column":47},"end":{"line":17,"column":48}},"loc":{"start":{"line":17,"column":60},"end":{"line":19,"column":2}}},"2":{"name":"(anonymous_3)","decl":{"start":{"line":21,"column":50},"end":{"line":21,"column":51}},"loc":{"start":{"line":21,"column":63},"end":{"line":23,"column":2}}},"3":{"name":"(anonymous_4)","decl":{"start":{"line":25,"column":61},"end":{"line":25,"column":62}},"loc":{"start":{"line":25,"column":74},"end":{"line":27,"column":2}}},"4":{"name":"(anonymous_5)","decl":{"start":{"line":29,"column":62},"end":{"line":29,"column":63}},"loc":{"start":{"line":29,"column":75},"end":{"line":31,"column":2}}},"5":{"name":"(anonymous_6)","decl":{"start":{"line":33,"column":71},"end":{"line":33,"column":72}},"loc":{"start":{"line":33,"column":89},"end":{"line":35,"column":2}}},"6":{"name":"(anonymous_7)","decl":{"start":{"line":37,"column":39},"end":{"line":37,"column":40}},"loc":{"start":{"line":37,"column":57},"end":{"line":39,"column":2}}},"7":{"name":"(anonymous_8)","decl":{"start":{"line":41,"column":41},"end":{"line":41,"column":42}},"loc":{"start":{"line":41,"column":59},"end":{"line":43,"column":2}}},"8":{"name":"(anonymous_9)","decl":{"start":{"line":45,"column":34},"end":{"line":45,"column":35}},"loc":{"start":{"line":45,"column":52},"end":{"line":121,"column":2}}},"9":{"name":"(anonymous_10)","decl":{"start":{"line":58,"column":25},"end":{"line":58,"column":26}},"loc":{"start":{"line":58,"column":36},"end":{"line":58,"column":62}}},"10":{"name":"(anonymous_11)","decl":{"start":{"line":62,"column":28},"end":{"line":62,"column":29}},"loc":{"start":{"line":62,"column":38},"end":{"line":62,"column":56}}},"11":{"name":"(anonymous_12)","decl":{"start":{"line":66,"column":28},"end":{"line":66,"column":29}},"loc":{"start":{"line":66,"column":37},"end":{"line":70,"column":4}}},"12":{"name":"(anonymous_13)","decl":{"start":{"line":74,"column":28},"end":{"line":74,"column":29}},"loc":{"start":{"line":74,"column":37},"end":{"line":89,"column":4}}},"13":{"name":"(anonymous_14)","decl":{"start":{"line":75,"column":49},"end":{"line":75,"column":50}},"loc":{"start":{"line":75,"column":58},"end":{"line":88,"column":5}}},"14":{"name":"(anonymous_15)","decl":{"start":{"line":93,"column":28},"end":{"line":93,"column":29}},"loc":{"start":{"line":93,"column":37},"end":{"line":105,"column":4}}},"15":{"name":"(anonymous_16)","decl":{"start":{"line":94,"column":38},"end":{"line":94,"column":39}},"loc":{"start":{"line":94,"column":44},"end":{"line":104,"column":5}}},"16":{"name":"(anonymous_17)","decl":{"start":{"line":123,"column":48},"end":{"line":123,"column":49}},"loc":{"start":{"line":123,"column":66},"end":{"line":145,"column":2}}},"17":{"name":"(anonymous_18)","decl":{"start":{"line":135,"column":12},"end":{"line":135,"column":13}},"loc":{"start":{"line":135,"column":22},"end":{"line":135,"column":36}}},"18":{"name":"(anonymous_19)","decl":{"start":{"line":136,"column":9},"end":{"line":136,"column":10}},"loc":{"start":{"line":136,"column":24},"end":{"line":141,"column":6}}},"19":{"name":"(anonymous_20)","decl":{"start":{"line":147,"column":40},"end":{"line":147,"column":41}},"loc":{"start":{"line":147,"column":58},"end":{"line":156,"column":2}}},"20":{"name":"(anonymous_21)","decl":{"start":{"line":158,"column":38},"end":{"line":158,"column":39}},"loc":{"start":{"line":158,"column":56},"end":{"line":195,"column":2}}},"21":{"name":"(anonymous_22)","decl":{"start":{"line":166,"column":25},"end":{"line":166,"column":26}},"loc":{"start":{"line":166,"column":36},"end":{"line":166,"column":62}}},"22":{"name":"(anonymous_23)","decl":{"start":{"line":171,"column":28},"end":{"line":171,"column":29}},"loc":{"start":{"line":171,"column":38},"end":{"line":171,"column":52}}}},"branchMap":{"0":{"loc":{"start":{"line":49,"column":25},"end":{"line":49,"column":52}},"type":"binary-expr","locations":[{"start":{"line":49,"column":25},"end":{"line":49,"column":46}},{"start":{"line":49,"column":50},"end":{"line":49,"column":52}}]},"1":{"loc":{"start":{"line":56,"column":2},"end":{"line":59,"column":null}},"type":"if","locations":[{"start":{"line":56,"column":2},"end":{"line":59,"column":null}}]},"2":{"loc":{"start":{"line":61,"column":2},"end":{"line":63,"column":null}},"type":"if","locations":[{"start":{"line":61,"column":2},"end":{"line":63,"column":null}}]},"3":{"loc":{"start":{"line":61,"column":6},"end":{"line":61,"column":29}},"type":"binary-expr","locations":[{"start":{"line":61,"column":6},"end":{"line":61,"column":10}},{"start":{"line":61,"column":14},"end":{"line":61,"column":29}}]},"4":{"loc":{"start":{"line":65,"column":2},"end":{"line":71,"column":null}},"type":"if","locations":[{"start":{"line":65,"column":2},"end":{"line":71,"column":null}}]},"5":{"loc":{"start":{"line":68,"column":5},"end":{"line":68,"column":83}},"type":"binary-expr","locations":[{"start":{"line":68,"column":5},"end":{"line":68,"column":41}},{"start":{"line":68,"column":45},"end":{"line":68,"column":83}}]},"6":{"loc":{"start":{"line":73,"column":2},"end":{"line":90,"column":null}},"type":"if","locations":[{"start":{"line":73,"column":2},"end":{"line":90,"column":null}}]},"7":{"loc":{"start":{"line":76,"column":5},"end":{"line":78,"column":null}},"type":"if","locations":[{"start":{"line":76,"column":5},"end":{"line":78,"column":null}}]},"8":{"loc":{"start":{"line":77,"column":13},"end":{"line":77,"column":73}},"type":"binary-expr","locations":[{"start":{"line":77,"column":13},"end":{"line":77,"column":41}},{"start":{"line":77,"column":45},"end":{"line":77,"column":73}}]},"9":{"loc":{"start":{"line":80,"column":5},"end":{"line":85,"column":null}},"type":"if","locations":[{"start":{"line":80,"column":5},"end":{"line":85,"column":null}}]},"10":{"loc":{"start":{"line":82,"column":7},"end":{"line":83,"column":69}},"type":"binary-expr","locations":[{"start":{"line":82,"column":7},"end":{"line":82,"column":35}},{"start":{"line":83,"column":7},"end":{"line":83,"column":69}}]},"11":{"loc":{"start":{"line":92,"column":2},"end":{"line":106,"column":null}},"type":"if","locations":[{"start":{"line":92,"column":2},"end":{"line":106,"column":null}}]},"12":{"loc":{"start":{"line":95,"column":5},"end":{"line":97,"column":null}},"type":"if","locations":[{"start":{"line":95,"column":5},"end":{"line":97,"column":null}}]},"13":{"loc":{"start":{"line":99,"column":5},"end":{"line":101,"column":null}},"type":"if","locations":[{"start":{"line":99,"column":5},"end":{"line":101,"column":null}}]},"14":{"loc":{"start":{"line":110,"column":2},"end":{"line":112,"column":null}},"type":"if","locations":[{"start":{"line":110,"column":2},"end":{"line":112,"column":null}}]},"15":{"loc":{"start":{"line":128,"column":2},"end":{"line":130,"column":null}},"type":"if","locations":[{"start":{"line":128,"column":2},"end":{"line":130,"column":null}}]},"16":{"loc":{"start":{"line":132,"column":2},"end":{"line":142,"column":null}},"type":"if","locations":[{"start":{"line":132,"column":2},"end":{"line":142,"column":null}}]},"17":{"loc":{"start":{"line":164,"column":2},"end":{"line":167,"column":null}},"type":"if","locations":[{"start":{"line":164,"column":2},"end":{"line":167,"column":null}}]},"18":{"loc":{"start":{"line":170,"column":2},"end":{"line":172,"column":null}},"type":"if","locations":[{"start":{"line":170,"column":2},"end":{"line":172,"column":null}}]},"19":{"loc":{"start":{"line":175,"column":2},"end":{"line":192,"column":null}},"type":"if","locations":[{"start":{"line":175,"column":2},"end":{"line":192,"column":null}}]},"20":{"loc":{"start":{"line":176,"column":3},"end":{"line":181,"column":null}},"type":"if","locations":[{"start":{"line":176,"column":3},"end":{"line":181,"column":null}}]},"21":{"loc":{"start":{"line":177,"column":4},"end":{"line":178,"column":69}},"type":"binary-expr","locations":[{"start":{"line":177,"column":4},"end":{"line":177,"column":36}},{"start":{"line":178,"column":4},"end":{"line":178,"column":69}}]}},"s":{"0":38,"1":38,"2":38,"3":38,"4":38,"5":38,"6":1,"7":1,"8":1,"9":2,"10":0,"11":1,"12":1,"13":1,"14":50,"15":50,"16":50,"17":50,"18":50,"19":50,"20":50,"21":50,"22":50,"23":2,"24":20,"25":50,"26":15,"27":150,"28":50,"29":6,"30":60,"31":50,"32":12,"33":120,"34":210,"35":10,"36":200,"37":200,"38":0,"39":50,"40":3,"41":30,"42":30,"43":10,"44":20,"45":20,"46":0,"47":50,"48":50,"49":50,"50":50,"51":2,"52":2,"53":2,"54":0,"55":2,"56":2,"57":20,"58":2,"59":2,"60":7,"61":5,"62":5,"63":5,"64":5,"65":0,"66":0,"67":5,"68":5,"69":5,"70":50,"71":5,"72":3,"73":1,"74":2,"75":2,"76":38},"f":{"0":1,"1":1,"2":1,"3":2,"4":0,"5":1,"6":1,"7":1,"8":50,"9":20,"10":150,"11":60,"12":120,"13":210,"14":30,"15":30,"16":2,"17":20,"18":2,"19":7,"20":5,"21":0,"22":50},"b":{"0":[50,45],"1":[2],"2":[15],"3":[50,15],"4":[6],"5":[60,60],"6":[12],"7":[10],"8":[10,10],"9":[200],"10":[200,200],"11":[3],"12":[10],"13":[20],"14":[50],"15":[0],"16":[2],"17":[0],"18":[5],"19":[3],"20":[1],"21":[3,1]}}
,"/home/nicholas_io/projects/headless/packages/core/test/server.ts": {"path":"/home/nicholas_io/projects/headless/packages/core/test/server.ts","statementMap":{"0":{"start":{"line":1,"column":0},"end":{"line":1,"column":9}},"1":{"start":{"line":6,"column":17},"end":{"line":1,"column":27}},"2":{"start":{"line":2,"column":0},"end":{"line":2,"column":39}},"3":{"start":{"line":3,"column":0},"end":{"line":3,"column":19}},"4":{"start":{"line":6,"column":23},"end":{"line":3,"column":37}},"5":{"start":{"line":6,"column":41},"end":{"line":3,"column":78}},"6":{"start":{"line":5,"column":15},"end":{"line":5,"column":39}},"7":{"start":{"line":6,"column":9},"end":{"line":6,"column":15}}},"fnMap":{"0":{"name":"(anonymous_0)","decl":{"start":{"line":6,"column":17},"end":{"line":6,"column":21}},"loc":{"start":{"line":6,"column":17},"end":{"line":1,"column":27}}},"1":{"name":"(anonymous_1)","decl":{"start":{"line":6,"column":23},"end":{"line":6,"column":39}},"loc":{"start":{"line":6,"column":23},"end":{"line":3,"column":37}}},"2":{"name":"(anonymous_2)","decl":{"start":{"line":6,"column":41},"end":{"line":6,"column":54}},"loc":{"start":{"line":6,"column":41},"end":{"line":3,"column":78}}}},"branchMap":{},"s":{"0":38,"1":38,"2":38,"3":38,"4":40,"5":40,"6":38,"7":38},"f":{"0":0,"1":2,"2":2},"b":{}}
,"/home/nicholas_io/projects/headless/packages/core/test/mocks/redirect.ts": {"path":"/home/nicholas_io/projects/headless/packages/core/test/mocks/redirect.ts","statementMap":{"0":{"start":{"line":1,"column":0},"end":{"line":1,"column":39}},"1":{"start":{"line":4,"column":1},"end":{"line":4,"column":82}},"2":{"start":{"line":3,"column":0},"end":{"line":3,"column":16}}},"fnMap":{"0":{"name":"redirect","decl":{"start":{"line":3,"column":16},"end":{"line":3,"column":24}},"loc":{"start":{"line":3,"column":48},"end":{"line":5,"column":1}}}},"branchMap":{},"s":{"0":38,"1":5,"2":38},"f":{"0":5},"b":{}}
}
