TN:
SF:src/data/index.ts
FNF:0
FNH:0
DA:1,7
DA:2,7
DA:3,7
DA:4,7
LF:4
LH:4
BRF:0
BRH:0
end_of_record
TN:
SF:src/data/api/fetch-utils.ts
FN:3,(anonymous_0)
FN:17,(anonymous_1)
FN:46,(anonymous_2)
FN:76,(anonymous_3)
FNF:4
FNH:3
FNDA:67,(anonymous_0)
FNDA:0,(anonymous_1)
FNDA:67,(anonymous_2)
FNDA:216,(anonymous_3)
DA:1,15
DA:3,15
DA:4,67
DA:17,15
DA:18,0
DA:26,0
DA:28,0
DA:29,0
DA:32,0
DA:46,15
DA:51,67
DA:53,67
DA:54,0
DA:57,67
DA:63,67
DA:65,67
DA:67,67
DA:68,0
DA:71,67
DA:73,61
DA:76,216
DA:83,61
DA:85,61
LF:23
LH:16
BRDA:17,0,0,0
BRDA:28,1,0,0
BRDA:48,2,0,1
BRDA:49,3,0,1
BRDA:53,4,0,0
BRDA:57,5,0,0
BRDA:57,5,1,67
BRDA:67,6,0,0
BRF:8
BRH:3
end_of_record
TN:
SF:src/data/api/index.ts
FNF:0
FNH:0
DA:1,14
LF:1
LH:1
BRF:0
BRH:0
end_of_record
TN:
SF:src/data/strategies/AbstractFetchStrategy.ts
FN:129,(anonymous_0)
FN:146,(anonymous_1)
FN:150,(anonymous_2)
FN:160,(anonymous_3)
FN:168,(anonymous_4)
FN:191,(anonymous_5)
FN:194,(anonymous_6)
FN:206,(anonymous_7)
FN:219,(anonymous_8)
FN:240,(anonymous_9)
FN:296,(anonymous_10)
FN:308,(anonymous_11)
FN:338,(anonymous_12)
FN:348,(anonymous_13)
FN:373,(anonymous_14)
FNF:15
FNH:12
FNDA:158,(anonymous_0)
FNDA:39,(anonymous_1)
FNDA:89,(anonymous_2)
FNDA:207,(anonymous_3)
FNDA:130,(anonymous_4)
FNDA:81,(anonymous_5)
FNDA:45,(anonymous_6)
FNDA:187,(anonymous_7)
FNDA:41,(anonymous_8)
FNDA:99,(anonymous_9)
FNDA:0,(anonymous_10)
FNDA:0,(anonymous_11)
FNDA:110,(anonymous_12)
FNDA:21,(anonymous_13)
FNDA:0,(anonymous_14)
DA:2,14
DA:3,14
DA:4,14
DA:100,14
DA:105,158
DA:110,158
DA:115,158
DA:130,158
DA:131,3
DA:134,158
DA:135,3
DA:147,39
DA:151,89
DA:161,207
DA:162,165
DA:165,42
DA:169,130
DA:192,81
DA:194,45
DA:207,187
DA:209,187
DA:211,187
DA:212,115
DA:215,72
DA:220,41
DA:245,99
DA:247,99
DA:248,99
DA:250,4
DA:253,99
DA:254,94
DA:257,94
DA:262,3
DA:263,3
DA:264,1
DA:267,3
DA:268,2
DA:271,3
DA:275,91
DA:277,91
DA:278,11
DA:281,80
DA:282,80
DA:292,80
DA:297,0
DA:309,0
DA:311,0
DA:313,0
DA:314,0
DA:315,0
DA:318,0
DA:321,0
DA:322,0
DA:328,0
DA:339,110
DA:352,21
DA:374,0
LF:57
LH:46
BRDA:130,0,0,3
BRDA:134,1,0,3
BRDA:150,2,0,6
BRDA:161,3,0,165
BRDA:211,4,0,115
BRDA:243,5,0,2
BRDA:245,6,0,98
BRDA:248,7,0,4
BRDA:257,8,0,3
BRDA:258,9,0,94
BRDA:258,9,1,3
BRDA:258,9,2,3
BRDA:263,10,0,1
BRDA:267,11,0,2
BRDA:275,12,0,8
BRDA:275,12,1,83
BRDA:277,13,0,11
BRDA:277,14,0,91
BRDA:277,14,1,83
BRDA:277,14,2,72
BRDA:281,15,0,80
BRDA:281,15,1,74
BRDA:285,16,0,80
BRDA:285,16,1,24
BRDA:286,17,0,80
BRDA:286,17,1,24
BRDA:309,18,0,0
BRDA:309,18,1,0
BRDA:313,19,0,0
BRDA:314,20,0,0
BRDA:321,21,0,0
BRDA:373,22,0,0
BRF:32
BRH:26
end_of_record
TN:
SF:src/data/strategies/AppSettingsStrategy.ts
FN:15,(anonymous_0)
FN:20,(anonymous_1)
FNF:2
FNH:2
FNDA:3,(anonymous_0)
FNDA:5,(anonymous_1)
DA:2,8
DA:3,8
DA:11,8
DA:16,3
DA:21,5
LF:5
LH:5
BRDA:20,0,0,3
BRF:1
BRH:1
end_of_record
TN:
SF:src/data/strategies/AuthorArchiveFetchStrategy.ts
FN:20,(anonymous_0)
FN:28,(anonymous_1)
FNF:2
FNH:2
FNDA:7,(anonymous_0)
FNDA:14,(anonymous_1)
DA:1,8
DA:3,8
DA:4,8
DA:5,8
DA:16,8
DA:25,7
DA:26,7
DA:28,7
DA:29,14
DA:30,14
DA:36,14
DA:43,7
LF:12
LH:12
BRDA:23,0,0,5
BRDA:29,1,0,14
BRDA:29,1,1,7
BRF:3
BRH:3
end_of_record
TN:
SF:src/data/strategies/PostOrPostsFetchStrategy.ts
FN:64,(anonymous_0)
FN:68,(anonymous_1)
FN:77,(anonymous_2)
FN:132,(anonymous_3)
FNF:4
FNH:4
FNDA:19,(anonymous_0)
FNDA:43,(anonymous_1)
FNDA:4,(anonymous_2)
FNDA:21,(anonymous_3)
DA:2,8
DA:9,8
DA:10,8
DA:11,8
DA:53,8
DA:58,16
DA:60,16
DA:62,16
DA:65,19
DA:69,43
DA:74,43
DA:78,4
DA:80,4
DA:85,2
DA:90,2
DA:102,4
DA:107,2
DA:108,2
DA:119,4
DA:137,21
DA:138,21
DA:140,21
DA:141,21
DA:143,21
DA:144,21
DA:146,21
DA:148,21
DA:150,21
DA:154,21
DA:156,21
DA:157,21
DA:161,21
DA:162,9
DA:163,8
DA:164,8
DA:170,5
DA:179,3
DA:184,4
DA:185,3
DA:186,3
DA:192,3
DA:201,0
DA:202,0
DA:211,1
DA:212,1
DA:215,0
DA:218,12
DA:219,9
DA:220,9
DA:226,5
DA:235,4
DA:239,7
DA:240,6
DA:241,6
DA:243,4
DA:252,2
DA:253,2
DA:262,1
DA:263,0
DA:266,1
LF:60
LH:56
BRDA:68,0,0,22
BRDA:80,1,0,2
BRDA:81,2,0,4
BRDA:81,2,1,2
BRDA:81,2,2,2
BRDA:102,3,0,2
BRDA:103,4,0,4
BRDA:103,4,1,2
BRDA:103,4,2,2
BRDA:137,5,0,21
BRDA:137,5,1,3
BRDA:140,6,0,21
BRDA:140,6,1,0
BRDA:141,7,0,21
BRDA:141,7,1,0
BRDA:143,8,0,21
BRDA:143,8,1,14
BRDA:144,9,0,21
BRDA:144,9,1,10
BRDA:146,10,0,21
BRDA:146,10,1,10
BRDA:146,10,2,14
BRDA:148,11,0,21
BRDA:148,11,1,14
BRDA:148,11,2,13
BRDA:161,12,0,9
BRDA:162,13,0,8
BRDA:184,14,0,3
BRDA:201,15,0,0
BRDA:211,16,0,1
BRDA:218,17,0,9
BRDA:239,18,0,6
BRDA:252,19,0,2
BRDA:262,20,0,0
BRF:34
BRH:30
end_of_record
TN:
SF:src/data/strategies/PostsArchiveFetchStrategy.ts
FN:202,(anonymous_0)
FN:206,(anonymous_1)
FN:218,(anonymous_2)
FN:231,(anonymous_3)
FN:232,(anonymous_4)
FN:248,(anonymous_5)
FN:271,(anonymous_6)
FN:280,(anonymous_7)
FN:319,(anonymous_8)
FN:326,(anonymous_9)
FN:387,(anonymous_10)
FN:394,(anonymous_11)
FN:399,(anonymous_12)
FN:422,(anonymous_13)
FN:428,(anonymous_14)
FN:456,(anonymous_15)
FN:476,(anonymous_16)
FNF:17
FNH:15
FNDA:121,(anonymous_0)
FNDA:65,(anonymous_1)
FNDA:147,(anonymous_2)
FNDA:212,(anonymous_3)
FNDA:53,(anonymous_4)
FNDA:224,(anonymous_5)
FNDA:91,(anonymous_6)
FNDA:220,(anonymous_7)
FNDA:51,(anonymous_8)
FNDA:134,(anonymous_9)
FNDA:41,(anonymous_10)
FNDA:162,(anonymous_11)
FNDA:3,(anonymous_12)
FNDA:112,(anonymous_13)
FNDA:12,(anonymous_14)
FNDA:0,(anonymous_15)
FNDA:0,(anonymous_16)
DA:1,11
DA:11,11
DA:12,11
DA:14,11
DA:15,11
DA:16,11
DA:23,11
DA:25,11
DA:198,11
DA:203,121
DA:207,65
DA:219,147
DA:221,147
DA:222,54
DA:224,54
DA:225,1
DA:228,53
DA:230,53
DA:231,212
DA:232,53
DA:238,53
DA:244,53
DA:247,93
DA:248,93
DA:249,224
DA:250,224
DA:256,224
DA:263,93
DA:272,91
DA:276,91
DA:278,91
DA:280,91
DA:281,220
DA:282,220
DA:283,10
DA:287,91
DA:288,4
DA:290,4
DA:291,1
DA:296,3
DA:302,90
DA:303,2
DA:306,90
DA:320,51
DA:321,51
DA:322,51
DA:324,51
DA:325,51
DA:326,51
DA:327,134
DA:328,134
DA:330,134
DA:331,106
DA:334,28
DA:336,19
DA:338,9
DA:344,9
DA:345,5
DA:349,4
DA:361,47
DA:362,1
DA:368,1
DA:369,1
DA:373,0
DA:377,47
DA:388,41
DA:390,41
DA:391,0
DA:394,41
DA:395,162
DA:398,41
DA:399,3
DA:400,3
DA:401,1
DA:404,2
DA:405,2
DA:408,0
DA:409,0
DA:412,0
DA:415,3
DA:416,3
DA:420,41
DA:422,41
DA:423,112
DA:424,112
DA:425,112
DA:427,112
DA:428,7
DA:429,12
DA:430,11
DA:436,1
DA:437,1
DA:440,0
DA:441,0
DA:444,0
DA:447,7
DA:448,7
DA:453,41
DA:457,0
DA:458,0
DA:461,0
DA:463,0
DA:465,0
DA:466,0
DA:472,0
DA:473,0
DA:476,0
DA:477,0
DA:480,0
LF:109
LH:90
BRDA:218,0,0,53
BRDA:221,1,0,54
BRDA:224,2,0,1
BRDA:228,3,0,53
BRDA:228,3,1,49
BRDA:231,4,0,212
BRDA:231,4,1,159
BRDA:249,5,0,224
BRDA:249,5,1,131
BRDA:281,6,0,220
BRDA:281,6,1,127
BRDA:282,7,0,10
BRDA:287,8,0,4
BRDA:290,9,0,1
BRDA:302,10,0,2
BRDA:302,11,0,90
BRDA:302,11,1,11
BRDA:302,11,2,9
BRDA:319,12,0,44
BRDA:320,13,0,51
BRDA:325,14,0,51
BRDA:327,15,0,134
BRDA:327,15,1,84
BRDA:328,16,0,134
BRDA:328,16,1,35
BRDA:330,17,0,106
BRDA:334,18,0,19
BRDA:334,18,1,9
BRDA:344,19,0,5
BRDA:344,19,1,4
BRDA:361,20,0,1
BRDA:361,21,0,47
BRDA:361,21,1,5
BRDA:361,21,2,4
BRDA:368,22,0,1
BRDA:368,22,1,0
BRDA:390,23,0,0
BRDA:398,24,0,3
BRDA:398,25,0,41
BRDA:398,25,1,5
BRDA:400,26,0,1
BRDA:404,27,0,2
BRDA:404,28,0,2
BRDA:404,28,1,2
BRDA:408,29,0,0
BRDA:415,30,0,3
BRDA:424,31,0,112
BRDA:424,31,1,69
BRDA:427,32,0,7
BRDA:427,33,0,112
BRDA:427,33,1,20
BRDA:429,34,0,11
BRDA:431,35,0,11
BRDA:431,35,1,0
BRDA:432,36,0,11
BRDA:432,36,1,0
BRDA:436,37,0,1
BRDA:440,38,0,0
BRDA:447,39,0,7
BRDA:457,40,0,0
BRDA:465,41,0,0
BRDA:472,42,0,0
BRF:62
BRH:53
end_of_record
TN:
SF:src/data/strategies/SearchFetchStrategy.ts
FN:24,(anonymous_0)
FN:28,(anonymous_1)
FN:46,(anonymous_2)
FNF:3
FNH:3
FNDA:24,(anonymous_0)
FNDA:23,(anonymous_1)
FNDA:7,(anonymous_2)
DA:1,8
DA:2,8
DA:3,8
DA:4,8
DA:5,8
DA:6,8
DA:20,8
DA:25,24
DA:33,23
DA:47,7
DA:48,7
DA:49,7
DA:51,7
DA:52,7
DA:60,6
DA:61,6
DA:66,6
DA:78,6
DA:80,6
LF:19
LH:19
BRDA:31,0,0,5
BRDA:46,1,0,7
BRDA:47,2,0,7
BRDA:68,3,0,6
BRDA:68,3,1,0
BRDA:70,4,0,6
BRDA:70,4,1,6
BRF:7
BRH:6
end_of_record
TN:
SF:src/data/strategies/SinglePostFetchStrategy.ts
FN:93,(anonymous_0)
FN:97,(anonymous_1)
FN:102,(anonymous_2)
FN:127,(anonymous_3)
FN:166,(anonymous_4)
FN:167,(anonymous_5)
FN:205,(anonymous_6)
FN:275,(anonymous_7)
FN:336,(anonymous_8)
FNF:9
FNH:8
FNDA:109,(anonymous_0)
FNDA:55,(anonymous_1)
FNDA:137,(anonymous_2)
FNDA:89,(anonymous_3)
FNDA:24,(anonymous_4)
FNDA:25,(anonymous_5)
FNDA:39,(anonymous_6)
FNDA:48,(anonymous_7)
FNDA:0,(anonymous_8)
DA:1,9
DA:10,9
DA:11,9
DA:12,9
DA:19,9
DA:20,9
DA:21,9
DA:79,9
DA:83,62
DA:87,62
DA:89,62
DA:91,62
DA:94,109
DA:98,55
DA:103,137
DA:106,137
DA:109,137
DA:112,137
DA:115,137
DA:119,137
DA:130,89
DA:132,89
DA:134,19
DA:138,19
DA:140,19
DA:141,4
DA:145,15
DA:146,15
DA:149,85
DA:150,17
DA:151,17
DA:152,4
DA:156,85
DA:167,24
DA:168,25
DA:175,25
DA:177,25
DA:178,7
DA:181,7
DA:183,7
DA:184,4
DA:185,4
DA:187,4
DA:194,21
DA:206,39
DA:208,39
DA:213,0
DA:218,0
DA:224,39
DA:225,1
DA:226,1
DA:234,38
DA:235,38
DA:236,1
DA:242,37
DA:246,37
DA:250,37
DA:251,4
DA:256,33
DA:262,0
DA:276,48
DA:278,48
DA:279,4
DA:283,48
DA:284,3
DA:285,3
DA:295,3
DA:296,3
DA:299,0
DA:303,48
DA:304,48
DA:306,34
DA:308,13
DA:312,13
DA:313,10
DA:317,3
DA:319,3
DA:320,4
DA:321,4
DA:322,4
DA:323,4
DA:325,1
DA:326,1
DA:328,3
DA:333,2
DA:337,0
DA:338,0
DA:341,0
DA:343,0
DA:345,0
LF:90
LH:81
BRDA:102,0,0,50
BRDA:107,1,0,4
BRDA:107,1,1,133
BRDA:107,2,0,137
BRDA:107,2,1,6
BRDA:109,3,0,137
BRDA:109,3,1,131
BRDA:116,4,0,137
BRDA:116,4,1,109
BRDA:132,5,0,19
BRDA:134,6,0,5
BRDA:134,6,1,14
BRDA:140,7,0,4
BRDA:149,8,0,17
BRDA:151,9,0,4
BRDA:177,10,0,7
BRDA:177,11,0,25
BRDA:177,11,1,7
BRDA:178,12,0,0
BRDA:178,12,1,7
BRDA:181,13,0,7
BRDA:181,13,1,3
BRDA:183,14,0,4
BRDA:185,15,0,4
BRDA:185,15,1,0
BRDA:188,16,0,4
BRDA:188,16,1,2
BRDA:194,17,0,21
BRDA:194,17,1,7
BRDA:208,18,0,0
BRDA:209,19,0,39
BRDA:209,19,1,2
BRDA:209,19,2,2
BRDA:224,20,0,1
BRDA:224,21,0,39
BRDA:224,21,1,7
BRDA:234,22,0,38
BRDA:235,23,0,1
BRDA:242,24,0,37
BRDA:242,24,1,33
BRDA:242,24,2,30
BRDA:246,25,0,24
BRDA:246,25,1,13
BRDA:250,26,0,4
BRDA:275,27,0,46
BRDA:276,28,0,47
BRDA:278,29,0,4
BRDA:283,30,0,3
BRDA:283,31,0,48
BRDA:283,31,1,3
BRDA:295,32,0,3
BRDA:295,33,0,3
BRDA:295,33,1,3
BRDA:312,34,0,10
BRDA:337,35,0,0
BRF:55
BRH:51
end_of_record
TN:
SF:src/data/strategies/TaxonomyTermsStrategy.ts
FN:105,(anonymous_0)
FN:109,(anonymous_1)
FN:113,(anonymous_2)
FN:122,(anonymous_3)
FN:138,(anonymous_4)
FN:146,(anonymous_5)
FNF:6
FNH:5
FNDA:1,(anonymous_0)
FNDA:2,(anonymous_1)
FNDA:5,(anonymous_2)
FNDA:4,(anonymous_3)
FNDA:1,(anonymous_4)
FNDA:0,(anonymous_5)
DA:1,8
DA:2,8
DA:4,8
DA:11,8
DA:99,8
DA:103,5
DA:106,1
DA:110,2
DA:119,5
DA:123,4
DA:125,4
DA:127,4
DA:128,1
DA:133,3
DA:135,3
DA:143,1
DA:150,0
DA:151,0
DA:154,0
LF:19
LH:16
BRDA:117,0,0,3
BRDA:123,1,0,1
BRDA:127,2,0,1
BRDA:150,3,0,0
BRF:4
BRH:3
end_of_record
TN:
SF:src/data/strategies/VerifyTokenFetchStrategy.ts
FN:23,(anonymous_0)
FN:28,(anonymous_1)
FN:32,(anonymous_2)
FN:39,(anonymous_3)
FNF:4
FNH:0
FNDA:0,(anonymous_0)
FNDA:0,(anonymous_1)
FNDA:0,(anonymous_2)
FNDA:0,(anonymous_3)
DA:2,7
DA:3,7
DA:18,7
DA:24,0
DA:29,0
DA:34,0
DA:36,0
DA:40,0
DA:41,0
DA:44,0
LF:10
LH:3
BRDA:28,0,0,0
BRDA:39,1,0,0
BRDA:40,2,0,0
BRF:3
BRH:0
end_of_record
TN:
SF:src/data/strategies/index.ts
FNF:0
FNH:0
DA:1,7
DA:2,7
DA:3,7
DA:4,7
DA:5,7
DA:6,7
DA:7,7
DA:8,7
DA:9,7
LF:9
LH:9
BRF:0
BRH:0
end_of_record
TN:
SF:src/data/types/index.ts
FNF:0
FNH:0
DA:1,7
LF:1
LH:1
BRF:0
BRH:0
end_of_record
TN:
SF:src/data/utils/dataFilter.ts
FN:9,removeFields
FN:12,(anonymous_1)
FN:14,(anonymous_2)
FN:35,acceptFields
FN:38,(anonymous_4)
FN:40,(anonymous_5)
FNF:6
FNH:6
FNDA:2,removeFields
FNDA:4,(anonymous_1)
FNDA:2,(anonymous_2)
FNDA:2,acceptFields
FNDA:4,(anonymous_4)
FNDA:6,(anonymous_5)
DA:9,15
DA:10,2
DA:12,2
DA:13,4
DA:14,2
DA:15,2
DA:16,2
DA:19,2
DA:20,2
DA:24,2
DA:35,15
DA:36,2
DA:38,2
DA:39,4
DA:40,2
DA:41,6
DA:42,5
DA:43,3
DA:45,5
DA:48,2
DA:53,2
DA:57,2
LF:22
LH:22
BRDA:13,0,0,2
BRDA:13,0,1,2
BRDA:15,1,0,2
BRDA:19,2,0,2
BRDA:36,3,0,1
BRDA:36,3,1,1
BRDA:39,4,0,2
BRDA:39,4,1,2
BRDA:39,5,0,4
BRDA:39,5,1,2
BRDA:41,6,0,5
BRDA:42,7,0,3
BRDA:48,8,0,2
BRDA:49,9,0,2
BRDA:49,9,1,2
BRDA:49,9,2,2
BRF:16
BRH:16
end_of_record
TN:
SF:src/data/utils/index.ts
FNF:0
FNH:0
DA:1,14
DA:2,14
DA:3,14
DA:4,14
LF:4
LH:4
BRF:0
BRH:0
end_of_record
TN:
SF:src/data/utils/matchers.ts
FNF:0
FNH:0
DA:7,15
DA:20,15
DA:43,15
DA:56,15
LF:4
LH:4
BRF:0
BRH:0
end_of_record
TN:
SF:src/data/utils/parsePath.ts
FN:14,(anonymous_0)
FN:21,(anonymous_1)
FN:46,parsePath
FN:48,(anonymous_3)
FN:49,(anonymous_4)
FN:57,(anonymous_5)
FNF:6
FNH:6
FNDA:205,(anonymous_0)
FNDA:431,(anonymous_1)
FNDA:315,parsePath
FNDA:1873,(anonymous_3)
FNDA:1292,(anonymous_4)
FNDA:1057,(anonymous_5)
DA:1,15
DA:14,15
DA:15,205
DA:17,205
DA:18,0
DA:21,205
DA:22,431
DA:23,431
DA:24,302
DA:27,431
DA:34,15
DA:46,15
DA:47,315
DA:48,1873
DA:50,1292
DA:52,1292
DA:55,1292
DA:57,1057
DA:59,315
DA:60,110
DA:63,205
DA:64,0
DA:66,0
DA:67,0
DA:70,0
DA:73,205
LF:26
LH:21
BRDA:17,0,0,0
BRDA:23,1,0,302
BRDA:52,2,0,0
BRDA:52,2,1,1292
BRDA:59,3,0,110
BRDA:63,4,0,0
BRDA:66,5,0,0
BRF:7
BRH:3
end_of_record
TN:
SF:src/data/utils/postHandling.ts
FN:11,getPostAuthor
FN:22,getPostTerms
FN:32,(anonymous_2)
FN:33,(anonymous_3)
FN:47,removeFieldsFromPostRelatedData
FN:57,(anonymous_5)
FN:66,(anonymous_6)
FNF:7
FNH:4
FNDA:276,getPostAuthor
FNDA:276,getPostTerms
FNDA:516,(anonymous_2)
FNDA:492,(anonymous_3)
FNDA:0,removeFieldsFromPostRelatedData
FNDA:0,(anonymous_5)
FNDA:0,(anonymous_6)
DA:2,14
DA:11,14
DA:12,276
DA:22,14
DA:23,276
DA:25,276
DA:29,18
DA:32,258
DA:33,516
DA:34,492
DA:36,492
DA:37,258
DA:40,492
DA:44,258
DA:47,14
DA:51,0
DA:52,0
DA:58,0
DA:66,0
DA:73,0
LF:20
LH:15
BRDA:25,0,0,18
BRDA:26,1,0,276
BRDA:26,1,1,260
BRDA:36,2,0,258
BRDA:51,3,0,0
BRDA:56,4,0,0
BRDA:56,4,1,0
BRDA:61,5,0,0
BRDA:61,5,1,0
BRDA:64,6,0,0
BRDA:64,6,1,0
BRF:11
BRH:4
end_of_record
TN:
SF:src/dom/index.ts
FN:25,isElement
FN:40,getAttributes
FN:77,isAnchorTag
FN:141,isImageTag
FN:187,isYoutubeEmbed
FN:227,isTwitterEmbed
FN:278,isBlock
FN:294,(anonymous_11)
FN:334,isBlockByName
FNF:9
FNH:8
FNDA:38,isElement
FNDA:4,getAttributes
FNDA:10,isAnchorTag
FNDA:4,isImageTag
FNDA:12,isYoutubeEmbed
FNDA:4,isTwitterEmbed
FNDA:8,isBlock
FNDA:4,(anonymous_11)
FNDA:0,isBlockByName
DA:1,6
DA:3,6
DA:25,6
DA:26,38
DA:28,38
DA:40,6
DA:41,4
DA:42,4
DA:44,4
DA:45,2
DA:46,2
DA:49,4
DA:77,6
DA:82,10
DA:83,2
DA:87,8
DA:89,8
DA:90,2
DA:93,6
DA:94,5
DA:97,5
DA:98,1
DA:101,4
DA:104,1
DA:141,6
DA:142,4
DA:143,0
DA:147,4
DA:149,4
DA:150,3
DA:153,1
DA:154,0
DA:157,1
DA:160,6
DA:187,6
DA:188,12
DA:189,5
DA:192,7
DA:194,7
DA:195,2
DA:198,5
DA:200,5
DA:227,6
DA:228,4
DA:229,0
DA:232,4
DA:233,4
DA:235,4
DA:278,6
DA:279,8
DA:280,4
DA:283,4
DA:284,4
DA:286,4
DA:287,0
DA:290,4
DA:292,4
DA:293,4
DA:294,4
DA:299,0
DA:300,0
DA:303,0
DA:334,6
DA:335,0
DA:336,0
DA:339,0
DA:341,0
DA:344,6
DA:345,6
LF:69
LH:58
BRDA:26,0,0,38
BRDA:26,0,1,11
BRDA:26,0,2,11
BRDA:28,1,0,38
BRDA:28,1,1,11
BRDA:28,1,2,0
BRDA:44,2,0,2
BRDA:79,3,0,3
BRDA:80,4,0,6
BRDA:82,5,0,2
BRDA:87,6,0,8
BRDA:87,6,1,8
BRDA:87,6,2,7
BRDA:89,7,0,2
BRDA:93,8,0,5
BRDA:97,9,0,1
BRDA:141,10,0,2
BRDA:142,11,0,0
BRDA:147,12,0,4
BRDA:147,12,1,4
BRDA:147,12,2,4
BRDA:149,13,0,3
BRDA:153,14,0,0
BRDA:154,15,0,0
BRDA:154,15,1,0
BRDA:188,16,0,5
BRDA:192,17,0,7
BRDA:192,17,1,7
BRDA:194,18,0,2
BRDA:198,19,0,5
BRDA:198,19,1,0
BRDA:228,20,0,0
BRDA:232,21,0,4
BRDA:232,21,1,4
BRDA:233,22,0,4
BRDA:233,22,1,0
BRDA:235,23,0,4
BRDA:235,23,1,3
BRDA:279,24,0,4
BRDA:284,25,0,4
BRDA:284,25,1,4
BRDA:286,26,0,0
BRDA:292,27,0,4
BRDA:299,28,0,0
BRDA:335,29,0,0
BRF:45
BRH:34
end_of_record
TN:
SF:src/dom/stripTags.ts
FN:8,stripTags
FNF:1
FNH:1
FNDA:5,stripTags
DA:8,7
DA:9,5
LF:2
LH:2
BRF:0
BRH:0
end_of_record
TN:
SF:src/dom/svg.ts
FN:289,(anonymous_0)
FN:328,(anonymous_1)
FNF:2
FNH:2
FNDA:18,(anonymous_0)
FNDA:130,(anonymous_1)
DA:6,8
DA:190,8
DA:202,8
DA:279,8
DA:289,8
DA:291,18
DA:292,0
DA:296,18
DA:297,3
DA:301,15
DA:302,0
DA:306,15
DA:307,2
DA:311,13
DA:314,13
DA:328,13
DA:329,130
DA:330,2
DA:334,13
LF:19
LH:17
BRDA:289,0,0,8
BRDA:291,1,0,0
BRDA:296,2,0,3
BRDA:301,3,0,0
BRDA:306,4,0,2
BRDA:306,5,0,15
BRDA:306,5,1,7
BRDA:306,5,2,6
BRDA:329,6,0,2
BRDA:329,7,0,130
BRDA:329,7,1,128
BRF:11
BRH:9
end_of_record
TN:
SF:src/dom/wpKsesPost.ts
FN:30,(anonymous_6)
FN:52,(anonymous_7)
FN:60,(anonymous_8)
FN:89,(anonymous_9)
FNF:4
FNH:4
FNDA:33,(anonymous_6)
FNDA:128,(anonymous_7)
FNDA:7,(anonymous_8)
FNDA:2,(anonymous_9)
DA:2,7
DA:4,7
DA:30,7
DA:35,33
DA:36,25
DA:39,33
DA:40,33
DA:41,33
DA:44,33
DA:46,32
DA:52,32
DA:53,128
DA:54,0
DA:56,128
DA:60,32
DA:62,7
DA:64,4
DA:65,2
DA:71,2
DA:72,2
DA:75,0
DA:79,3
DA:83,33
DA:91,2
DA:92,1
DA:94,1
DA:101,7
DA:236,7
DA:251,7
DA:253,7
DA:254,469
DA:255,469
DA:266,7
LF:33
LH:31
BRDA:35,0,0,25
BRDA:39,1,0,33
BRDA:39,1,1,29
BRDA:41,2,0,33
BRDA:41,2,1,30
BRDA:44,3,0,32
BRDA:53,4,0,0
BRDA:56,5,0,128
BRDA:56,5,1,80
BRDA:56,6,0,128
BRDA:56,6,1,0
BRDA:62,7,0,4
BRDA:64,8,0,2
BRDA:65,9,0,1
BRDA:65,9,1,1
BRDA:71,10,0,2
BRDA:91,11,0,1
BRDA:254,12,0,469
BRDA:254,13,0,469
BRDA:254,13,1,469
BRDA:255,14,0,469
BRDA:255,14,1,0
BRDA:268,15,0,7
BRDA:268,15,1,0
BRDA:269,16,0,7
BRDA:269,16,1,0
BRDA:270,17,0,7
BRDA:270,17,1,0
BRF:28
BRH:22
end_of_record
TN:
SF:src/react/blocks/YoutubeLiteBlock.tsx
FN:41,YoutubeLiteBlock
FN:42,(anonymous_7)
FN:43,(anonymous_8)
FN:69,(anonymous_9)
FN:71,(anonymous_10)
FNF:5
FNH:5
FNDA:1,YoutubeLiteBlock
FNDA:1,(anonymous_7)
FNDA:1,(anonymous_8)
FNDA:1,(anonymous_9)
FNDA:8,(anonymous_10)
DA:1,1
DA:2,1
DA:3,1
DA:41,1
DA:42,1
DA:43,2
DA:46,1
DA:47,0
DA:50,1
DA:52,1
DA:53,0
DA:54,0
DA:58,1
DA:60,1
DA:62,1
DA:69,1
DA:70,1
DA:71,8
LF:18
LH:15
BRDA:46,0,0,0
BRDA:50,1,0,0
BRDA:52,2,0,0
BRDA:52,3,0,1
BRDA:52,3,1,1
BRDA:53,4,0,0
BRDA:69,5,0,1
BRDA:69,5,1,0
BRF:8
BRH:3
end_of_record
TN:
SF:src/react/blocks/utils.ts
FN:5,getAlignStyle
FN:39,getBlockStyle
FN:62,getColorStyles
FN:80,(anonymous_4)
FN:81,(anonymous_5)
FN:82,(anonymous_6)
FN:120,getInlineStyles
FN:129,(anonymous_8)
FN:149,getWidthStyles
FN:154,(anonymous_10)
FN:177,getTypographyStyles
FN:191,(anonymous_12)
FNF:12
FNH:12
FNDA:12,getAlignStyle
FNDA:4,getBlockStyle
FNDA:3,getColorStyles
FNDA:3,(anonymous_4)
FNDA:11,(anonymous_5)
FNDA:8,(anonymous_6)
FNDA:12,getInlineStyles
FNDA:12,(anonymous_8)
FNDA:1,getWidthStyles
FNDA:1,(anonymous_10)
FNDA:3,getTypographyStyles
FNDA:3,(anonymous_12)
DA:2,4
DA:5,4
DA:6,12
DA:7,0
DA:10,12
DA:12,12
DA:13,30
DA:15,3
DA:17,2
DA:19,2
DA:21,2
DA:23,2
DA:25,19
DA:29,1
DA:39,4
DA:40,4
DA:41,0
DA:43,4
DA:44,4
DA:46,4
DA:47,7
DA:48,2
DA:52,2
DA:62,4
DA:63,3
DA:74,3
DA:75,0
DA:78,3
DA:80,3
DA:81,11
DA:82,8
DA:84,3
DA:85,12
DA:86,6
DA:87,5
DA:89,5
DA:90,2
DA:94,6
DA:95,3
DA:96,3
DA:97,1
DA:101,6
DA:102,3
DA:103,3
DA:104,3
DA:110,3
DA:120,4
DA:121,12
DA:123,12
DA:124,7
DA:126,5
DA:127,5
DA:129,5
DA:130,12
DA:131,4
DA:133,8
DA:134,8
DA:135,8
DA:136,8
DA:139,5
DA:149,4
DA:150,1
DA:151,0
DA:153,1
DA:154,1
DA:156,1
DA:157,0
DA:160,1
DA:161,2
DA:162,2
DA:163,1
DA:167,0
DA:177,4
DA:178,3
DA:186,3
DA:187,0
DA:190,3
DA:191,3
DA:195,3
DA:196,5
DA:197,2
DA:198,2
DA:199,2
DA:205,3
DA:206,1
DA:208,1
DA:209,1
DA:212,1
DA:213,0
DA:217,3
LF:90
LH:82
BRDA:6,0,0,0
BRDA:13,1,0,3
BRDA:13,1,1,2
BRDA:13,1,2,2
BRDA:13,1,3,2
BRDA:13,1,4,2
BRDA:13,1,5,19
BRDA:40,2,0,0
BRDA:47,3,0,2
BRDA:74,4,0,0
BRDA:85,5,0,6
BRDA:86,6,0,5
BRDA:89,7,0,2
BRDA:90,8,0,2
BRDA:90,8,1,0
BRDA:94,9,0,3
BRDA:96,10,0,1
BRDA:97,11,0,1
BRDA:97,11,1,0
BRDA:101,12,0,3
BRDA:101,13,0,6
BRDA:101,13,1,6
BRDA:101,13,2,4
BRDA:103,14,0,3
BRDA:104,15,0,3
BRDA:104,15,1,0
BRDA:123,16,0,7
BRDA:130,17,0,4
BRDA:150,18,0,0
BRDA:156,19,0,0
BRDA:162,20,0,1
BRDA:186,21,0,0
BRDA:196,22,0,2
BRDA:198,23,0,2
BRDA:199,24,0,2
BRDA:199,24,1,0
BRDA:205,25,0,1
BRDA:205,26,0,3
BRDA:205,26,1,3
BRDA:208,27,0,1
BRDA:208,28,0,1
BRDA:208,28,1,1
BRDA:212,29,0,0
BRDA:212,30,0,1
BRDA:212,30,1,1
BRF:45
BRH:34
end_of_record
TN:
SF:src/react/blocks/hooks/useBlock.ts
FN:19,safeParsing
FN:38,useBlock
FNF:2
FNH:2
FNDA:2,safeParsing
FNDA:3,useBlock
DA:1,2
DA:2,2
DA:3,2
DA:6,2
DA:8,2
DA:20,2
DA:22,2
DA:23,2
DA:28,2
DA:38,2
DA:39,3
DA:41,3
DA:42,0
DA:45,3
DA:50,1
DA:52,1
DA:54,0
DA:60,3
DA:62,3
DA:63,0
DA:64,0
DA:68,3
DA:72,3
DA:73,1
DA:74,1
DA:77,3
LF:26
LH:22
BRDA:41,0,0,0
BRDA:45,1,0,1
BRDA:46,2,0,3
BRDA:46,2,1,1
BRDA:52,3,0,0
BRDA:60,4,0,3
BRDA:60,4,1,1
BRDA:62,5,0,0
BRDA:63,6,0,0
BRDA:68,7,0,2
BRDA:68,7,1,1
BRDA:72,8,0,1
BRF:12
BRH:8
end_of_record
TN:
SF:src/react/blocks/hooks/useBlockAlign.ts
FN:16,useBlockAlign
FNF:1
FNH:0
FNDA:0,useBlockAlign
DA:3,1
DA:4,1
DA:16,1
DA:17,0
DA:19,0
DA:20,0
DA:23,0
LF:7
LH:3
BRDA:19,0,0,0
BRF:1
BRH:0
end_of_record
TN:
SF:src/react/blocks/hooks/useBlockAttributes.ts
FN:19,useBlockAttributes
FNF:1
FNH:0
FNDA:0,useBlockAttributes
DA:2,1
DA:3,1
DA:4,1
DA:5,1
DA:6,1
DA:7,1
DA:8,1
DA:9,1
DA:19,1
DA:20,0
DA:21,0
DA:24,0
DA:25,0
DA:26,0
DA:27,0
DA:28,0
DA:29,0
DA:30,0
DA:32,0
LF:19
LH:9
BRDA:20,0,0,0
BRF:1
BRH:0
end_of_record
TN:
SF:src/react/blocks/hooks/useBlockBorder.ts
FN:17,useBlockBorder
FNF:1
FNH:0
FNDA:0,useBlockBorder
DA:3,1
DA:17,1
DA:18,0
DA:20,0
LF:4
LH:2
BRF:0
BRH:0
end_of_record
TN:
SF:src/react/blocks/hooks/useBlockColors.ts
FN:25,useBlockColors
FN:66,(anonymous_1)
FN:72,(anonymous_2)
FN:78,(anonymous_3)
FN:85,(anonymous_4)
FNF:5
FNH:0
FNDA:0,useBlockColors
FNDA:0,(anonymous_1)
FNDA:0,(anonymous_2)
FNDA:0,(anonymous_3)
FNDA:0,(anonymous_4)
DA:2,1
DA:4,1
DA:5,1
DA:25,1
DA:26,0
DA:28,0
DA:29,0
DA:30,0
DA:31,0
DA:32,0
DA:33,0
DA:35,0
DA:36,0
DA:38,0
DA:44,0
DA:51,0
DA:62,0
DA:63,0
DA:64,0
DA:65,0
DA:66,0
DA:69,0
DA:70,0
DA:71,0
DA:72,0
DA:75,0
DA:76,0
DA:77,0
DA:78,0
DA:81,0
DA:82,0
DA:83,0
DA:85,0
DA:88,0
DA:89,0
DA:92,0
LF:36
LH:4
BRDA:63,0,0,0
BRDA:69,1,0,0
BRDA:75,2,0,0
BRDA:81,3,0,0
BRDA:84,4,0,0
BRDA:84,4,1,0
BRDA:88,5,0,0
BRF:7
BRH:0
end_of_record
TN:
SF:src/react/blocks/hooks/useBlockSpacing.ts
FN:21,useBlockSpacing
FNF:1
FNH:0
FNDA:0,useBlockSpacing
DA:2,1
DA:4,1
DA:21,1
DA:22,0
DA:23,0
DA:24,0
DA:25,0
DA:26,0
DA:28,0
LF:9
LH:3
BRDA:34,0,0,0
BRDA:34,0,1,0
BRDA:34,1,0,0
BRDA:34,1,1,0
BRF:4
BRH:0
end_of_record
TN:
SF:src/react/blocks/hooks/useBlockStyle.ts
FN:10,useBlockStyle
FNF:1
FNH:0
FNDA:0,useBlockStyle
DA:2,1
DA:10,1
DA:11,0
LF:3
LH:2
BRF:0
BRH:0
end_of_record
TN:
SF:src/react/blocks/hooks/useBlockTypography.ts
FN:24,useBlockTypography
FN:53,(anonymous_1)
FNF:2
FNH:0
FNDA:0,useBlockTypography
FNDA:0,(anonymous_1)
DA:2,1
DA:4,1
DA:24,1
DA:25,0
DA:26,0
DA:27,0
DA:28,0
DA:29,0
DA:31,0
DA:32,0
DA:33,0
DA:34,0
DA:35,0
DA:36,0
DA:37,0
DA:39,0
DA:46,0
DA:48,0
DA:49,0
DA:53,0
DA:69,0
LF:21
LH:3
BRDA:48,0,0,0
BRDA:51,1,0,0
BRDA:51,1,1,0
BRDA:53,2,0,0
BRDA:53,2,1,0
BRF:5
BRH:0
end_of_record
TN:
SF:src/react/blocks/hooks/useBlockWidth.ts
FN:16,useBlockWidth
FNF:1
FNH:0
FNDA:0,useBlockWidth
DA:3,1
DA:4,1
DA:16,1
DA:17,0
DA:19,0
DA:20,0
DA:23,0
LF:7
LH:3
BRDA:19,0,0,0
BRF:1
BRH:0
end_of_record
TN:
SF:src/react/components/BlocksRenderer.tsx
FN:113,(anonymous_6)
FN:165,BlocksRenderer
FN:172,(anonymous_8)
FN:205,(anonymous_9)
FN:208,(anonymous_10)
FN:225,(anonymous_11)
FN:257,(anonymous_12)
FNF:7
FNH:7
FNDA:28,(anonymous_6)
FNDA:9,BlocksRenderer
FNDA:6,(anonymous_8)
FNDA:36,(anonymous_9)
FNDA:28,(anonymous_10)
FNDA:9,(anonymous_11)
FNDA:2,(anonymous_12)
DA:1,2
DA:2,2
DA:4,2
DA:6,2
DA:8,2
DA:9,2
DA:113,2
DA:114,28
DA:115,0
DA:118,28
DA:119,28
DA:121,28
DA:122,20
DA:125,8
DA:126,8
DA:129,0
DA:165,2
DA:166,9
DA:167,9
DA:172,9
DA:173,6
DA:174,0
DA:177,6
DA:178,6
DA:181,6
DA:182,4
DA:187,2
DA:188,2
DA:192,0
DA:195,9
DA:196,0
DA:200,9
DA:204,9
DA:206,36
DA:208,36
DA:209,28
DA:213,8
DA:215,8
DA:226,9
DA:227,0
DA:230,9
DA:235,1
DA:238,8
DA:246,36
DA:250,9
DA:257,2
DA:258,2
LF:47
LH:41
BRDA:114,0,0,0
BRDA:121,1,0,20
BRDA:125,2,0,8
BRDA:125,3,0,8
BRDA:125,3,1,8
BRDA:173,4,0,0
BRDA:181,5,0,4
BRDA:187,6,0,2
BRDA:187,7,0,2
BRDA:187,7,1,2
BRDA:195,8,0,0
BRDA:200,9,0,0
BRDA:200,9,1,9
BRDA:209,10,0,8
BRDA:210,11,0,28
BRDA:210,11,1,28
BRDA:220,12,0,8
BRDA:220,12,1,6
BRDA:222,13,0,8
BRDA:222,13,1,0
BRDA:226,14,0,0
BRDA:230,15,0,1
BRDA:231,16,0,9
BRDA:231,16,1,2
BRDA:257,17,0,2
BRDA:257,17,1,0
BRF:26
BRH:19
end_of_record
TN:
SF:src/react/components/HtmlDecoder.tsx
FN:31,(anonymous_1)
FNF:1
FNH:1
FNDA:2,(anonymous_1)
DA:2,2
DA:3,2
DA:31,2
DA:32,2
LF:4
LH:4
BRF:0
BRH:0
end_of_record
TN:
SF:src/react/components/Link.tsx
FN:7,(anonymous_0)
FNF:1
FNH:0
FNDA:0,(anonymous_0)
DA:7,1
DA:8,0
LF:2
LH:1
BRF:0
BRH:0
end_of_record
TN:
SF:src/react/components/Menu.tsx
FN:38,(anonymous_0)
FN:42,(anonymous_1)
FN:46,(anonymous_2)
FN:54,(anonymous_3)
FN:66,(anonymous_4)
FN:109,Menu
FN:138,(anonymous_6)
FNF:7
FNH:1
FNDA:0,(anonymous_0)
FNDA:0,(anonymous_1)
FNDA:0,(anonymous_2)
FNDA:0,(anonymous_3)
FNDA:0,(anonymous_4)
FNDA:0,Menu
FNDA:1,(anonymous_6)
DA:5,1
DA:7,1
DA:8,1
DA:38,1
DA:39,0
DA:42,1
DA:43,0
DA:46,1
DA:47,0
DA:49,0
DA:51,0
DA:54,1
DA:62,0
DA:64,0
DA:67,0
DA:71,0
DA:72,0
DA:74,0
DA:109,1
DA:118,0
DA:119,0
DA:120,0
DA:138,1
DA:139,1
LF:24
LH:10
BRDA:49,0,0,0
BRDA:49,0,1,0
BRDA:69,1,0,0
BRDA:69,1,1,0
BRDA:71,2,0,0
BRDA:71,2,1,0
BRDA:76,3,0,0
BRDA:76,3,1,0
BRDA:83,4,0,0
BRDA:83,4,1,0
BRDA:112,5,0,0
BRDA:113,6,0,0
BRDA:114,7,0,0
BRDA:115,8,0,0
BRDA:116,9,0,0
BRDA:138,10,0,1
BRDA:138,10,1,0
BRF:17
BRH:1
end_of_record
TN:
SF:src/react/components/SafeHtml.tsx
FN:44,(anonymous_1)
FNF:1
FNH:1
FNDA:2,(anonymous_1)
DA:2,2
DA:4,2
DA:44,2
DA:45,2
LF:4
LH:4
BRF:0
BRH:0
end_of_record
TN:
SF:src/react/components/index.ts
FNF:0
FNH:0
DA:1,1
DA:2,1
DA:3,1
DA:4,1
LF:4
LH:4
BRF:0
BRH:0
end_of_record
TN:
SF:src/react/hooks/useFetch.ts
FN:27,useFetch
FN:68,(anonymous_8)
FN:82,(anonymous_9)
FNF:3
FNH:3
FNDA:81,useFetch
FNDA:32,(anonymous_8)
FNDA:2,(anonymous_9)
DA:1,7
DA:2,7
DA:6,7
DA:8,7
DA:27,7
DA:33,81
DA:34,81
DA:36,81
DA:38,81
DA:39,81
DA:40,81
DA:42,81
DA:44,81
DA:48,81
DA:49,1
DA:56,1
DA:59,81
DA:60,81
DA:62,81
DA:63,0
DA:66,81
DA:69,32
DA:75,23
DA:81,23
DA:82,2
DA:83,2
DA:87,23
DA:92,81
DA:93,0
DA:100,81
LF:30
LH:28
BRDA:30,0,0,0
BRDA:31,1,0,1
BRDA:44,2,0,67
BRDA:48,3,0,1
BRDA:48,4,0,81
BRDA:48,4,1,80
BRDA:62,5,0,0
BRDA:67,6,0,72
BRDA:67,6,1,9
BRDA:81,7,0,2
BRDA:92,8,0,0
BRF:11
BRH:8
end_of_record
TN:
SF:src/react/hooks/useFetchAppSettings.ts
FN:21,useFetchAppSettings
FN:48,(anonymous_1)
FN:49,(anonymous_2)
FNF:3
FNH:3
FNDA:1,useFetchAppSettings
FNDA:1,(anonymous_1)
FNDA:1,(anonymous_2)
DA:1,1
DA:2,1
DA:4,1
DA:5,1
DA:21,1
DA:28,1
DA:34,1
DA:35,1
DA:36,1
DA:39,0
DA:41,0
DA:48,1
DA:49,1
DA:55,1
LF:14
LH:12
BRDA:25,0,0,0
BRDA:26,1,0,1
BRDA:34,2,0,1
BRDA:34,3,0,1
BRDA:34,3,1,1
BRDA:55,4,0,1
BRDA:55,4,1,1
BRDA:48,5,0,1
BRDA:48,5,1,0
BRF:9
BRH:7
end_of_record
TN:
SF:src/react/hooks/useFetchAuthorArchive.ts
FN:22,useFetchAuthorArchive
FN:33,(anonymous_1)
FN:34,(anonymous_2)
FNF:3
FNH:3
FNDA:1,useFetchAuthorArchive
FNDA:1,(anonymous_1)
FNDA:1,(anonymous_2)
DA:1,1
DA:7,1
DA:9,1
DA:22,1
DA:26,1
DA:33,1
DA:34,1
DA:40,1
LF:8
LH:8
BRDA:25,0,0,0
BRDA:25,1,0,1
BRDA:25,2,0,1
BRDA:40,3,0,1
BRDA:40,3,1,1
BRDA:33,4,0,1
BRDA:33,4,1,0
BRF:7
BRH:5
end_of_record
TN:
SF:src/react/hooks/useFetchPost.ts
FN:30,useFetchPost
FN:60,(anonymous_1)
FN:61,(anonymous_2)
FNF:3
FNH:3
FNDA:31,useFetchPost
FNDA:2,(anonymous_1)
FNDA:31,(anonymous_2)
DA:1,2
DA:3,2
DA:11,2
DA:12,2
DA:30,2
DA:35,31
DA:42,31
DA:43,18
DA:44,18
DA:47,13
DA:53,13
DA:60,2
DA:61,2
DA:64,31
LF:14
LH:14
BRDA:31,0,0,0
BRDA:32,1,0,16
BRDA:33,2,0,17
BRDA:42,3,0,18
BRDA:42,4,0,31
BRDA:42,4,1,28
BRDA:44,5,0,3
BRDA:44,5,1,15
BRDA:64,6,0,31
BRDA:64,6,1,31
BRDA:60,7,0,2
BRDA:60,7,1,0
BRF:12
BRH:10
end_of_record
TN:
SF:src/react/hooks/useFetchPostOrPosts.ts
FN:32,useFetchPostOrPosts
FN:101,(anonymous_1)
FN:102,(anonymous_2)
FNF:3
FNH:3
FNDA:7,useFetchPostOrPosts
FNDA:1,(anonymous_1)
FNDA:7,(anonymous_2)
DA:1,1
DA:4,1
DA:5,1
DA:6,1
DA:11,1
DA:12,1
DA:32,1
DA:40,7
DA:47,7
DA:54,7
DA:62,7
DA:63,2
DA:68,2
DA:78,5
DA:79,3
DA:88,2
DA:101,1
DA:102,1
DA:109,7
LF:19
LH:19
BRDA:36,0,0,0
BRDA:37,1,0,7
BRDA:38,2,0,0
BRDA:50,3,0,7
BRDA:50,3,1,2
BRDA:57,4,0,7
BRDA:57,4,1,2
BRDA:62,5,0,2
BRDA:62,6,0,7
BRDA:62,6,1,7
BRDA:70,7,0,0
BRDA:70,7,1,2
BRDA:78,8,0,3
BRDA:109,9,0,7
BRDA:109,9,1,7
BRDA:101,10,0,1
BRDA:101,10,1,0
BRF:17
BRH:13
end_of_record
TN:
SF:src/react/hooks/useFetchPosts.ts
FN:79,useFetchPosts
FN:133,(anonymous_1)
FN:153,(anonymous_2)
FN:169,(anonymous_3)
FN:170,(anonymous_4)
FNF:5
FNH:5
FNDA:32,useFetchPosts
FNDA:64,(anonymous_1)
FNDA:90,(anonymous_2)
FNDA:3,(anonymous_3)
FNDA:31,(anonymous_4)
DA:1,3
DA:4,3
DA:14,3
DA:15,3
DA:16,3
DA:17,3
DA:79,3
DA:93,32
DA:94,32
DA:96,32
DA:108,32
DA:109,7
DA:110,7
DA:113,32
DA:114,19
DA:115,19
DA:118,32
DA:119,0
DA:120,0
DA:123,32
DA:124,0
DA:125,0
DA:126,0
DA:128,32
DA:131,32
DA:133,32
DA:134,64
DA:135,64
DA:136,19
DA:137,19
DA:141,32
DA:142,17
DA:148,17
DA:151,15
DA:153,15
DA:154,90
DA:157,15
DA:169,3
DA:170,3
DA:176,31
LF:40
LH:35
BRDA:83,0,0,2
BRDA:84,1,0,17
BRDA:85,2,0,18
BRDA:86,3,0,31
BRDA:93,4,0,32
BRDA:93,4,1,31
BRDA:108,5,0,7
BRDA:113,6,0,19
BRDA:118,7,0,0
BRDA:123,8,0,0
BRDA:123,8,1,32
BRDA:135,9,0,19
BRDA:141,10,0,17
BRDA:141,11,0,32
BRDA:141,11,1,32
BRDA:158,12,0,15
BRDA:158,12,1,0
BRDA:176,13,0,31
BRDA:176,13,1,31
BRDA:169,14,0,3
BRDA:169,14,1,0
BRF:21
BRH:17
end_of_record
TN:
SF:src/react/hooks/useFetchSearch.ts
FN:32,useFetchSearch
FN:58,(anonymous_1)
FN:72,(anonymous_2)
FN:73,(anonymous_3)
FNF:4
FNH:4
FNDA:9,useFetchSearch
FNDA:11,(anonymous_1)
FNDA:1,(anonymous_2)
FNDA:9,(anonymous_3)
DA:1,1
DA:4,1
DA:14,1
DA:15,1
DA:32,1
DA:40,9
DA:47,9
DA:48,5
DA:53,5
DA:56,4
DA:58,4
DA:59,11
DA:60,11
DA:62,11
DA:65,4
DA:72,1
DA:73,1
DA:79,9
LF:18
LH:18
BRDA:36,0,0,0
BRDA:37,1,0,5
BRDA:38,2,0,5
BRDA:47,3,0,5
BRDA:47,4,0,9
BRDA:47,4,1,9
BRDA:79,5,0,9
BRDA:79,5,1,9
BRDA:72,6,0,1
BRDA:72,6,1,0
BRF:10
BRH:8
end_of_record
TN:
SF:src/react/hooks/useFetchTerms.ts
FN:29,useFetchTerms
FN:61,(anonymous_1)
FN:62,(anonymous_2)
FNF:3
FNH:3
FNDA:1,useFetchTerms
FNDA:1,(anonymous_1)
FNDA:1,(anonymous_2)
DA:1,1
DA:4,1
DA:11,1
DA:12,1
DA:29,1
DA:37,1
DA:44,1
DA:45,1
DA:49,1
DA:52,0
DA:54,0
DA:61,1
DA:62,1
DA:68,1
LF:14
LH:12
BRDA:34,0,0,1
BRDA:35,1,0,1
BRDA:44,2,0,1
BRDA:44,3,0,1
BRDA:44,3,1,1
BRDA:68,4,0,1
BRDA:68,4,1,1
BRDA:61,5,0,1
BRDA:61,5,1,0
BRF:9
BRH:8
end_of_record
TN:
SF:src/react/hooks/util.ts
FN:5,makeErrorCatchProxy
FN:7,(anonymous_1)
FNF:2
FNH:2
FNDA:91,makeErrorCatchProxy
FNDA:20,(anonymous_1)
DA:1,7
DA:3,7
DA:5,7
DA:6,91
DA:8,20
DA:9,0
DA:12,20
LF:7
LH:6
BRDA:5,0,0,0
BRDA:8,1,0,0
BRF:2
BRH:0
end_of_record
TN:
SF:src/react/provider/DataFetchingProvider.tsx
FN:4,(anonymous_0)
FN:17,(anonymous_1)
FNF:2
FNH:0
FNDA:0,(anonymous_0)
FNDA:0,(anonymous_1)
DA:2,11
DA:4,11
DA:17,11
DA:22,0
LF:4
LH:3
BRF:0
BRH:0
end_of_record
TN:
SF:src/react/provider/Provider.tsx
FN:11,(anonymous_0)
FN:13,(anonymous_1)
FNF:2
FNH:2
FNDA:40,(anonymous_0)
FNDA:40,(anonymous_1)
DA:1,11
DA:2,11
DA:5,11
DA:11,11
DA:12,40
DA:13,40
DA:20,40
LF:7
LH:7
BRF:0
BRH:0
end_of_record
TN:
SF:src/react/provider/ThemeSettingsProvider.tsx
FN:10,(anonymous_0)
FNF:1
FNH:1
FNDA:5,(anonymous_0)
DA:1,12
DA:4,12
DA:10,12
DA:11,5
LF:4
LH:4
BRF:0
BRH:0
end_of_record
TN:
SF:src/react/provider/index.ts
FNF:0
FNH:0
DA:1,11
DA:2,11
DA:3,11
DA:4,11
DA:5,11
DA:6,11
DA:7,11
DA:8,11
LF:8
LH:8
BRF:0
BRH:0
end_of_record
TN:
SF:src/react/provider/useSettings.ts
FN:4,useSettings
FNF:1
FNH:1
FNDA:125,useSettings
DA:1,11
DA:2,11
DA:4,11
DA:5,125
LF:4
LH:4
BRF:0
BRH:0
end_of_record
TN:
SF:src/react/provider/useThemeSetting.ts
FN:3,(anonymous_0)
FN:4,(anonymous_1)
FN:8,(anonymous_2)
FN:22,useThemeSetting
FNF:4
FNH:4
FNDA:8,(anonymous_0)
FNDA:16,(anonymous_1)
FNDA:31,(anonymous_2)
FNDA:6,useThemeSetting
DA:1,12
DA:3,12
DA:4,8
DA:5,16
DA:8,31
DA:9,8
DA:10,8
DA:22,12
DA:28,6
DA:30,6
DA:31,1
DA:35,5
DA:36,0
DA:39,5
LF:14
LH:13
BRDA:3,0,0,3
BRDA:8,1,0,25
BRDA:8,1,1,6
BRDA:8,2,0,31
BRDA:8,2,1,31
BRDA:9,3,0,8
BRDA:9,3,1,8
BRDA:10,4,0,4
BRDA:10,4,1,4
BRDA:10,5,0,8
BRDA:10,5,1,4
BRDA:24,6,0,0
BRDA:25,7,0,0
BRDA:26,8,0,6
BRDA:30,9,0,1
BRDA:30,10,0,6
BRDA:30,10,1,2
BRDA:35,11,0,0
BRDA:35,12,0,5
BRDA:35,12,1,1
BRF:20
BRH:17
end_of_record
TN:
SF:src/react/provider/useThemeSettings.ts
FN:9,useThemeSettings
FNF:1
FNH:1
FNDA:6,useThemeSettings
DA:1,12
DA:2,12
DA:9,12
DA:10,6
DA:12,6
LF:5
LH:5
BRF:0
BRH:0
end_of_record
TN:
SF:src/react/provider/useThemeStyles.ts
FN:9,useThemeStyles
FNF:1
FNH:0
FNDA:0,useThemeStyles
DA:1,11
DA:2,11
DA:9,11
DA:10,0
DA:12,0
LF:5
LH:3
BRF:0
BRH:0
end_of_record
TN:
SF:src/react/utils/parseSeo.ts
FN:4,parseSeo
FNF:1
FNH:1
FNDA:1,parseSeo
DA:1,1
DA:2,1
DA:4,1
DA:5,1
LF:4
LH:4
BRDA:4,0,0,1
BRF:1
BRH:1
end_of_record
TN:
SF:src/utils/asyncForEach.ts
FN:1,asyncForEach
FNF:1
FNH:1
FNDA:51,asyncForEach
DA:1,27
DA:5,51
DA:7,134
LF:3
LH:3
BRF:0
BRH:0
end_of_record
TN:
SF:src/utils/camelcase.ts
FN:14,(anonymous_0)
FN:45,(anonymous_1)
FN:48,(anonymous_2)
FN:51,(anonymous_3)
FN:56,(anonymous_4)
FN:57,(anonymous_5)
FN:60,(anonymous_6)
FN:73,(anonymous_7)
FN:74,(anonymous_8)
FN:86,(anonymous_9)
FN:87,(anonymous_10)
FN:90,(anonymous_11)
FN:91,(anonymous_12)
FNF:13
FNH:5
FNDA:0,(anonymous_0)
FNDA:0,(anonymous_1)
FNDA:0,(anonymous_2)
FNDA:8,(anonymous_3)
FNDA:4,(anonymous_4)
FNDA:0,(anonymous_5)
FNDA:8,(anonymous_6)
FNDA:0,(anonymous_7)
FNDA:0,(anonymous_8)
FNDA:0,(anonymous_9)
FNDA:16,(anonymous_10)
FNDA:0,(anonymous_11)
FNDA:4,(anonymous_12)
DA:4,4
DA:5,4
DA:6,4
DA:7,4
DA:8,4
DA:10,4
DA:11,4
DA:12,4
DA:14,4
DA:15,0
DA:16,0
DA:17,0
DA:19,0
DA:20,0
DA:22,0
DA:23,0
DA:24,0
DA:25,0
DA:26,0
DA:27,0
DA:28,0
DA:29,0
DA:30,0
DA:31,0
DA:32,0
DA:34,0
DA:36,0
DA:37,0
DA:42,0
DA:45,4
DA:46,0
DA:48,0
DA:51,4
DA:52,8
DA:53,8
DA:55,8
DA:56,4
DA:57,0
DA:60,4
DA:61,8
DA:62,0
DA:65,8
DA:71,8
DA:72,0
DA:73,0
DA:74,0
DA:77,8
DA:80,8
DA:81,0
DA:85,8
DA:86,0
DA:87,16
DA:89,8
DA:90,0
DA:91,4
DA:93,8
DA:94,0
DA:97,8
DA:99,8
DA:100,0
DA:103,8
DA:105,8
DA:106,0
DA:108,8
DA:111,8
DA:112,0
DA:115,8
DA:118,4
LF:68
LH:34
BRDA:22,0,0,0
BRDA:22,0,1,0
BRDA:22,1,0,0
BRDA:22,1,1,0
BRDA:28,2,0,0
BRDA:28,2,1,0
BRDA:28,3,0,0
BRDA:28,3,1,0
BRDA:28,3,2,0
BRDA:35,4,0,0
BRDA:35,4,1,0
BRDA:38,5,0,0
BRDA:38,5,1,0
BRDA:61,6,0,0
BRDA:61,7,0,8
BRDA:61,7,1,0
BRDA:71,8,0,0
BRDA:71,8,1,8
BRDA:80,9,0,0
BRDA:85,10,0,0
BRDA:85,10,1,8
BRDA:89,11,0,0
BRDA:89,11,1,8
BRDA:93,12,0,0
BRDA:94,13,0,0
BRDA:94,13,1,0
BRDA:99,14,0,0
BRDA:105,15,0,0
BRDA:105,15,1,8
BRDA:111,16,0,0
BRF:30
BRH:5
end_of_record
TN:
SF:src/utils/decodeHtmlSpeciaChars.ts
FN:8,decodeHtmlSpeciaChars
FNF:1
FNH:1
FNDA:5,decodeHtmlSpeciaChars
DA:8,28
DA:9,5
DA:10,0
DA:13,5
LF:4
LH:3
BRDA:9,0,0,0
BRF:1
BRH:0
end_of_record
TN:
SF:src/utils/endpoints.ts
FNF:0
FNH:0
DA:1,31
LF:1
LH:1
BRF:0
BRH:0
end_of_record
TN:
SF:src/utils/errors.ts
FN:4,(anonymous_0)
FN:11,(anonymous_1)
FN:18,(anonymous_2)
FN:25,(anonymous_3)
FN:32,(anonymous_4)
FN:45,(anonymous_5)
FNF:6
FNH:5
FNDA:19,(anonymous_0)
FNDA:0,(anonymous_1)
FNDA:7,(anonymous_2)
FNDA:3,(anonymous_3)
FNDA:21,(anonymous_4)
FNDA:3,(anonymous_5)
DA:3,32
DA:5,19
DA:6,19
DA:10,32
DA:12,0
DA:13,0
DA:17,32
DA:19,7
DA:20,7
DA:24,32
DA:26,3
DA:27,3
DA:31,32
DA:33,21
DA:34,21
DA:45,32
DA:46,3
DA:48,2
LF:18
LH:16
BRDA:46,0,0,2
BRF:1
BRH:1
end_of_record
TN:
SF:src/utils/fetchRedirect.ts
FN:23,shouldSkipRedirect
FN:27,(anonymous_1)
FN:51,fetchRedirect
FNF:3
FNH:3
FNDA:5,shouldSkipRedirect
FNDA:13,(anonymous_1)
FNDA:6,fetchRedirect
DA:1,28
DA:2,28
DA:3,28
DA:21,28
DA:24,5
DA:25,5
DA:27,13
DA:28,1
DA:31,4
DA:32,4
DA:34,4
DA:35,4
DA:37,4
DA:51,28
DA:52,6
DA:54,6
DA:56,6
DA:64,6
DA:66,6
DA:67,0
DA:73,6
DA:79,5
DA:80,5
DA:85,5
DA:86,4
DA:89,1
DA:94,4
DA:98,1
LF:28
LH:27
BRDA:27,0,0,1
BRDA:38,1,0,4
BRDA:38,1,1,3
BRDA:66,2,0,0
BRDA:69,3,0,0
BRDA:69,3,1,0
BRDA:73,4,0,5
BRDA:74,5,0,6
BRDA:74,5,1,1
BRDA:74,5,2,1
BRDA:74,5,3,1
BRDA:81,6,0,5
BRDA:81,6,1,0
BRDA:85,7,0,4
BRF:14
BRH:10
end_of_record
TN:
SF:src/utils/getHeadlessConfig.ts
FN:6,setHeadstartWPConfig
FN:22,getHeadstartWPConfig
FN:44,(anonymous_2)
FN:73,getSite
FN:97,getSiteByHost
FN:112,(anonymous_5)
FN:135,getSiteBySourceUrl
FN:137,(anonymous_7)
FN:147,getCustomTaxonomySlugs
FN:154,(anonymous_9)
FN:162,getCustomTaxonomies
FN:167,(anonymous_11)
FN:168,(anonymous_12)
FN:197,getCustomTaxonomy
FN:200,(anonymous_14)
FN:208,getCustomPostTypesSlugs
FN:215,(anonymous_16)
FN:223,getCustomPostTypes
FN:228,(anonymous_18)
FN:229,(anonymous_19)
FN:257,getCustomPostType
FN:260,(anonymous_21)
FN:266,getWPUrl
FN:274,getHostUrl
FNF:24
FNH:18
FNDA:54,setHeadstartWPConfig
FNDA:1188,getHeadstartWPConfig
FNDA:26,(anonymous_2)
FNDA:292,getSite
FNDA:7,getSiteByHost
FNDA:11,(anonymous_5)
FNDA:287,getSiteBySourceUrl
FNDA:0,(anonymous_7)
FNDA:0,getCustomTaxonomySlugs
FNDA:0,(anonymous_9)
FNDA:373,getCustomTaxonomies
FNDA:228,(anonymous_11)
FNDA:303,(anonymous_12)
FNDA:58,getCustomTaxonomy
FNDA:62,(anonymous_14)
FNDA:0,getCustomPostTypesSlugs
FNDA:0,(anonymous_16)
FNDA:27,getCustomPostTypes
FNDA:62,(anonymous_18)
FNDA:44,(anonymous_19)
FNDA:27,getCustomPostType
FNDA:39,(anonymous_21)
FNDA:95,getWPUrl
FNDA:0,getHostUrl
DA:1,31
DA:4,31
DA:6,31
DA:7,54
DA:10,31
DA:22,31
DA:33,1188
DA:35,1188
DA:46,26
DA:47,14
DA:48,14
DA:50,14
DA:55,0
DA:59,12
DA:63,1188
DA:66,31
DA:73,31
DA:74,292
DA:75,292
DA:86,292
DA:97,31
DA:98,7
DA:99,7
DA:101,7
DA:102,2
DA:103,2
DA:104,2
DA:111,7
DA:113,11
DA:115,11
DA:116,7
DA:119,4
DA:122,7
DA:123,2
DA:126,5
DA:135,31
DA:136,287
DA:137,287
DA:139,287
DA:147,31
DA:148,0
DA:150,0
DA:151,0
DA:154,0
DA:162,31
DA:163,373
DA:165,373
DA:167,373
DA:168,373
DA:170,373
DA:171,298
DA:178,373
DA:179,298
DA:187,373
DA:197,31
DA:198,58
DA:200,62
DA:208,31
DA:209,0
DA:211,0
DA:212,0
DA:215,0
DA:223,31
DA:224,27
DA:226,27
DA:228,62
DA:229,44
DA:231,27
DA:232,9
DA:239,27
DA:240,9
DA:248,27
DA:257,31
DA:258,27
DA:260,39
DA:266,31
DA:267,95
DA:268,95
DA:274,31
DA:275,0
DA:276,0
LF:81
LH:70
BRDA:37,0,0,1188
BRDA:37,0,1,1174
BRDA:40,1,0,1188
BRDA:40,1,1,1188
BRDA:41,2,0,1188
BRDA:41,2,1,467
BRDA:44,3,0,1188
BRDA:44,3,1,1174
BRDA:46,4,0,14
BRDA:46,5,0,26
BRDA:46,5,1,14
BRDA:76,6,0,292
BRDA:76,6,1,287
BRDA:79,7,0,292
BRDA:79,7,1,292
BRDA:80,8,0,292
BRDA:80,8,1,292
BRDA:81,9,0,292
BRDA:81,9,1,292
BRDA:81,9,2,0
BRDA:82,10,0,292
BRDA:82,10,1,292
BRDA:82,10,2,136
BRDA:83,11,0,292
BRDA:83,11,1,292
BRDA:101,12,0,2
BRDA:101,13,0,7
BRDA:101,13,1,5
BRDA:111,14,0,7
BRDA:111,14,1,7
BRDA:115,15,0,7
BRDA:115,16,0,11
BRDA:115,16,1,7
BRDA:116,17,0,7
BRDA:116,17,1,4
BRDA:122,18,0,2
BRDA:137,19,0,287
BRDA:137,19,1,287
BRDA:148,20,0,0
BRDA:148,20,1,0
BRDA:150,21,0,0
BRDA:163,22,0,0
BRDA:163,22,1,373
BRDA:165,23,0,373
BRDA:165,23,1,291
BRDA:170,24,0,298
BRDA:178,25,0,298
BRDA:209,26,0,0
BRDA:209,26,1,0
BRDA:211,27,0,0
BRDA:224,28,0,8
BRDA:224,28,1,19
BRDA:226,29,0,27
BRDA:226,29,1,1
BRDA:231,30,0,9
BRDA:239,31,0,9
BRDA:268,32,0,95
BRDA:268,32,1,95
BRDA:276,33,0,0
BRDA:276,33,1,0
BRF:60
BRH:50
end_of_record
TN:
SF:src/utils/index.ts
FNF:0
FNH:0
DA:1,27
DA:2,27
DA:3,27
DA:4,27
DA:5,27
DA:6,27
DA:7,27
DA:8,27
DA:9,27
DA:10,27
LF:10
LH:10
BRF:0
BRH:0
end_of_record
TN:
SF:src/utils/isExternalUrl.ts
FN:12,isExternalUrl
FNF:1
FNH:1
FNDA:32,isExternalUrl
DA:12,31
DA:13,32
DA:14,32
DA:15,15
DA:17,17
LF:5
LH:5
BRF:0
BRH:0
end_of_record
TN:
SF:src/utils/isInternalLink.ts
FN:14,isInternalLink
FN:25,(anonymous_1)
FNF:2
FNH:2
FNDA:23,isInternalLink
FNDA:42,(anonymous_1)
DA:1,31
DA:2,31
DA:3,31
DA:14,31
DA:15,23
DA:21,23
DA:22,8
DA:25,42
LF:8
LH:8
BRDA:17,0,0,23
BRDA:17,0,1,19
BRDA:18,1,0,23
BRDA:18,1,1,21
BRDA:21,2,0,8
BRF:5
BRH:5
end_of_record
TN:
SF:src/utils/log.ts
FN:2,(anonymous_0)
FN:9,(anonymous_1)
FNF:2
FNH:1
FNDA:28,(anonymous_0)
FNDA:0,(anonymous_1)
DA:2,28
DA:3,28
DA:4,28
DA:5,28
DA:6,28
DA:9,28
DA:10,0
DA:11,0
DA:14,0
DA:15,0
DA:17,0
DA:18,0
DA:20,0
DA:21,0
DA:23,0
DA:24,0
DA:26,0
DA:27,0
DA:29,0
LF:19
LH:6
BRDA:2,0,0,28
BRDA:2,0,1,28
BRDA:10,1,0,0
BRDA:15,2,0,0
BRDA:15,2,1,0
BRDA:15,2,2,0
BRDA:15,2,3,0
BRDA:15,2,4,0
BRF:8
BRH:2
end_of_record
TN:
SF:src/utils/removeSourceUrl.ts
FN:30,removeSourceUrl
FNF:1
FNH:1
FNDA:73,removeSourceUrl
DA:1,32
DA:30,32
DA:31,73
DA:32,0
DA:33,0
DA:36,73
DA:37,0
DA:38,0
DA:43,73
DA:44,73
DA:46,73
DA:47,13
DA:50,60
DA:51,60
DA:53,60
DA:57,60
DA:58,52
DA:62,8
LF:18
LH:14
BRDA:30,0,0,44
BRDA:31,1,0,0
BRDA:36,2,0,0
BRDA:46,3,0,13
BRDA:46,4,0,73
BRDA:46,4,1,61
BRDA:57,5,0,52
BRDA:57,6,0,60
BRDA:57,6,1,54
BRF:9
BRH:7
end_of_record
TN:
SF:src/utils/url.ts
FN:11,setPath
FN:49,getQueryString
FN:78,getQueryArgs
FN:87,(anonymous_3)
FN:129,buildQueryString
FN:167,addQueryArgs
FNF:6
FNH:6
FNDA:86,setPath
FNDA:80,getQueryString
FNDA:80,getQueryArgs
FNDA:86,(anonymous_3)
FNDA:262,buildQueryString
FNDA:408,addQueryArgs
DA:12,86
DA:13,86
DA:14,86
DA:15,86
DA:17,86
DA:20,0
DA:23,86
DA:27,86
DA:29,86
DA:37,86
DA:40,0
DA:45,86
DA:49,28
DA:51,80
DA:52,80
DA:57,80
DA:58,80
DA:61,0
DA:78,28
DA:79,80
DA:88,86
DA:95,86
DA:96,86
DA:97,86
DA:100,86
DA:129,28
DA:130,262
DA:132,262
DA:136,262
DA:138,410
DA:141,410
DA:143,410
DA:147,16
DA:148,16
DA:149,29
DA:151,394
DA:153,391
DA:154,1
DA:157,391
DA:164,262
DA:167,28
DA:169,408
DA:170,146
DA:173,262
DA:175,262
DA:177,262
DA:178,262
DA:180,80
DA:183,80
DA:186,262
LF:50
LH:47
BRDA:17,0,0,0
BRDA:17,1,0,86
BRDA:17,1,1,0
BRDA:23,2,0,0
BRDA:23,2,1,86
BRDA:30,3,0,86
BRDA:30,3,1,0
BRDA:35,4,0,0
BRDA:35,4,1,0
BRDA:35,5,0,0
BRDA:35,5,1,0
BRDA:37,6,0,0
BRDA:37,7,0,86
BRDA:37,7,1,0
BRDA:57,8,0,80
BRDA:80,9,0,80
BRDA:80,9,1,0
BRDA:88,10,0,0
BRDA:95,11,0,86
BRDA:141,12,0,410
BRDA:141,12,1,409
BRDA:141,12,2,400
BRDA:143,13,0,16
BRDA:143,13,1,394
BRDA:151,14,0,391
BRDA:153,15,0,1
BRDA:169,16,0,146
BRDA:169,17,0,408
BRDA:169,17,1,408
BRDA:178,18,0,80
BRF:30
BRH:18
end_of_record
TN:
SF:test/server-handlers.ts
FN:13,(anonymous_1)
FN:17,(anonymous_2)
FN:21,(anonymous_3)
FN:25,(anonymous_4)
FN:29,(anonymous_5)
FN:33,(anonymous_6)
FN:37,(anonymous_7)
FN:41,(anonymous_8)
FN:45,(anonymous_9)
FN:58,(anonymous_10)
FN:62,(anonymous_11)
FN:66,(anonymous_12)
FN:74,(anonymous_13)
FN:75,(anonymous_14)
FN:93,(anonymous_15)
FN:94,(anonymous_16)
FN:123,(anonymous_17)
FN:135,(anonymous_18)
FN:136,(anonymous_19)
FN:147,(anonymous_20)
FN:158,(anonymous_21)
FN:166,(anonymous_22)
FN:171,(anonymous_23)
FNF:23
FNH:21
FNDA:1,(anonymous_1)
FNDA:1,(anonymous_2)
FNDA:1,(anonymous_3)
FNDA:2,(anonymous_4)
FNDA:0,(anonymous_5)
FNDA:1,(anonymous_6)
FNDA:1,(anonymous_7)
FNDA:1,(anonymous_8)
FNDA:50,(anonymous_9)
FNDA:20,(anonymous_10)
FNDA:150,(anonymous_11)
FNDA:60,(anonymous_12)
FNDA:120,(anonymous_13)
FNDA:210,(anonymous_14)
FNDA:30,(anonymous_15)
FNDA:30,(anonymous_16)
FNDA:2,(anonymous_17)
FNDA:20,(anonymous_18)
FNDA:2,(anonymous_19)
FNDA:7,(anonymous_20)
FNDA:5,(anonymous_21)
FNDA:0,(anonymous_22)
FNDA:50,(anonymous_23)
DA:1,38
DA:2,38
DA:3,38
DA:9,38
DA:10,38
DA:12,38
DA:14,1
DA:18,1
DA:22,1
DA:26,2
DA:30,0
DA:34,1
DA:38,1
DA:42,1
DA:46,50
DA:47,50
DA:48,50
DA:49,50
DA:50,50
DA:51,50
DA:52,50
DA:54,50
DA:56,50
DA:58,20
DA:61,50
DA:62,150
DA:65,50
DA:66,6
DA:67,60
DA:73,50
DA:74,12
DA:75,120
DA:76,210
DA:77,10
DA:80,200
DA:81,200
DA:87,0
DA:92,50
DA:93,3
DA:94,30
DA:95,30
DA:96,10
DA:99,20
DA:100,20
DA:103,0
DA:108,50
DA:110,50
DA:111,50
DA:114,50
DA:124,2
DA:125,2
DA:128,2
DA:129,0
DA:132,2
DA:134,2
DA:135,20
DA:136,2
DA:144,2
DA:148,7
DA:159,5
DA:160,5
DA:162,5
DA:164,5
DA:166,0
DA:168,5
DA:170,5
DA:171,50
DA:175,5
DA:176,3
DA:180,1
DA:183,2
DA:194,2
DA:198,38
LF:73
LH:68
BRDA:49,0,0,50
BRDA:49,0,1,45
BRDA:56,1,0,2
BRDA:61,2,0,15
BRDA:61,3,0,50
BRDA:61,3,1,15
BRDA:65,4,0,6
BRDA:68,5,0,60
BRDA:68,5,1,60
BRDA:73,6,0,12
BRDA:76,7,0,10
BRDA:77,8,0,10
BRDA:77,8,1,10
BRDA:80,9,0,200
BRDA:82,10,0,200
BRDA:82,10,1,200
BRDA:92,11,0,3
BRDA:95,12,0,10
BRDA:99,13,0,20
BRDA:110,14,0,50
BRDA:128,15,0,0
BRDA:132,16,0,2
BRDA:164,17,0,0
BRDA:170,18,0,5
BRDA:175,19,0,3
BRDA:176,20,0,1
BRDA:177,21,0,3
BRDA:177,21,1,1
BRF:28
BRH:26
end_of_record
TN:
SF:test/server.ts
FN:6,(anonymous_0)
FN:6,(anonymous_1)
FN:6,(anonymous_2)
FNF:3
FNH:2
FNDA:0,(anonymous_0)
FNDA:2,(anonymous_1)
FNDA:2,(anonymous_2)
DA:1,38
DA:2,38
DA:3,38
DA:5,38
DA:6,40
LF:5
LH:5
BRF:0
BRH:0
end_of_record
TN:
SF:test/mocks/redirect.ts
FN:3,redirect
FNF:1
FNH:1
FNDA:5,redirect
DA:1,38
DA:3,38
DA:4,5
LF:3
LH:3
BRF:0
BRH:0
end_of_record
