{"/home/nicholas_io/projects/headless/packages/next/src/data/hooks/useAuthorArchive.ts": {"path":"/home/nicholas_io/projects/headless/packages/next/src/data/hooks/useAuthorArchive.ts","statementMap":{"0":{"start":{"line":2,"column":0},"end":{"line":2,"column":82}},"1":{"start":{"line":3,"column":0},"end":{"line":3,"column":52}},"2":{"start":{"line":33,"column":27},"end":{"line":33,"column":59}},"3":{"start":{"line":35,"column":1},"end":{"line":39,"column":3}},"4":{"start":{"line":29,"column":0},"end":{"line":29,"column":16}},"5":{"start":{"line":46,"column":0},"end":{"line":46,"column":null}},"6":{"start":{"line":47,"column":16},"end":{"line":47,"column":28}}},"fnMap":{"0":{"name":"useAuthorArchive","decl":{"start":{"line":29,"column":16},"end":{"line":29,"column":32}},"loc":{"start":{"line":32,"column":77},"end":{"line":40,"column":1}}},"1":{"name":"(anonymous_1)","decl":{"start":{"line":46,"column":0},"end":{"line":46,"column":17}},"loc":{"start":{"line":46,"column":33},"end":{"line":48,"column":1}}}},"branchMap":{"0":{"loc":{"start":{"line":32,"column":2},"end":{"line":32,"column":25}},"type":"default-arg","locations":[{"start":{"line":32,"column":23},"end":{"line":32,"column":25}}]},"1":{"loc":{"start":{"line":32,"column":27},"end":{"line":32,"column":77}},"type":"default-arg","locations":[{"start":{"line":32,"column":75},"end":{"line":32,"column":77}}]},"2":{"loc":{"start":{"line":46,"column":17},"end":{"line":46,"column":null}},"type":"binary-expr","locations":[{"start":{"line":46,"column":17},"end":{"line":46,"column":33}},{"start":{"line":46,"column":17},"end":{"line":46,"column":null}}]}},"s":{"0":1,"1":1,"2":0,"3":0,"4":1,"5":1,"6":1},"f":{"0":0,"1":1},"b":{"0":[0],"1":[0],"2":[1,0]}}
,"/home/nicholas_io/projects/headless/packages/next/src/data/hooks/usePost.ts": {"path":"/home/nicholas_io/projects/headless/packages/next/src/data/hooks/usePost.ts","statementMap":{"0":{"start":{"line":2,"column":0},"end":{"line":2,"column":73}},"1":{"start":{"line":3,"column":0},"end":{"line":3,"column":52}},"2":{"start":{"line":22,"column":27},"end":{"line":22,"column":59}},"3":{"start":{"line":24,"column":1},"end":{"line":28,"column":3}},"4":{"start":{"line":18,"column":0},"end":{"line":18,"column":16}},"5":{"start":{"line":35,"column":0},"end":{"line":35,"column":null}},"6":{"start":{"line":36,"column":16},"end":{"line":36,"column":28}}},"fnMap":{"0":{"name":"usePost","decl":{"start":{"line":18,"column":16},"end":{"line":18,"column":23}},"loc":{"start":{"line":20,"column":49},"end":{"line":29,"column":1}}},"1":{"name":"(anonymous_1)","decl":{"start":{"line":35,"column":0},"end":{"line":35,"column":17}},"loc":{"start":{"line":35,"column":24},"end":{"line":37,"column":1}}}},"branchMap":{"0":{"loc":{"start":{"line":19,"column":1},"end":{"line":19,"column":24}},"type":"default-arg","locations":[{"start":{"line":19,"column":22},"end":{"line":19,"column":24}}]},"1":{"loc":{"start":{"line":20,"column":1},"end":{"line":20,"column":49}},"type":"default-arg","locations":[{"start":{"line":20,"column":47},"end":{"line":20,"column":49}}]},"2":{"loc":{"start":{"line":35,"column":17},"end":{"line":35,"column":null}},"type":"binary-expr","locations":[{"start":{"line":35,"column":17},"end":{"line":35,"column":24}},{"start":{"line":35,"column":17},"end":{"line":35,"column":null}}]}},"s":{"0":1,"1":1,"2":0,"3":0,"4":1,"5":1,"6":1},"f":{"0":0,"1":1},"b":{"0":[0],"1":[0],"2":[1,0]}}
,"/home/nicholas_io/projects/headless/packages/next/src/data/hooks/usePostOrPosts.ts": {"path":"/home/nicholas_io/projects/headless/packages/next/src/data/hooks/usePostOrPosts.ts","statementMap":{"0":{"start":{"line":7,"column":0},"end":{"line":7,"column":80}},"1":{"start":{"line":8,"column":0},"end":{"line":8,"column":52}},"2":{"start":{"line":25,"column":27},"end":{"line":25,"column":59}},"3":{"start":{"line":27,"column":1},"end":{"line":31,"column":3}},"4":{"start":{"line":18,"column":0},"end":{"line":18,"column":16}},"5":{"start":{"line":38,"column":0},"end":{"line":38,"column":null}},"6":{"start":{"line":39,"column":16},"end":{"line":39,"column":28}}},"fnMap":{"0":{"name":"usePostOrPosts","decl":{"start":{"line":18,"column":16},"end":{"line":18,"column":30}},"loc":{"start":{"line":23,"column":81},"end":{"line":32,"column":1}}},"1":{"name":"(anonymous_1)","decl":{"start":{"line":38,"column":0},"end":{"line":38,"column":17}},"loc":{"start":{"line":38,"column":31},"end":{"line":40,"column":1}}}},"branchMap":{"0":{"loc":{"start":{"line":22,"column":1},"end":{"line":22,"column":24}},"type":"default-arg","locations":[{"start":{"line":22,"column":22},"end":{"line":22,"column":24}}]},"1":{"loc":{"start":{"line":23,"column":1},"end":{"line":23,"column":81}},"type":"default-arg","locations":[{"start":{"line":23,"column":79},"end":{"line":23,"column":81}}]},"2":{"loc":{"start":{"line":38,"column":17},"end":{"line":38,"column":null}},"type":"binary-expr","locations":[{"start":{"line":38,"column":17},"end":{"line":38,"column":31}},{"start":{"line":38,"column":17},"end":{"line":38,"column":null}}]}},"s":{"0":1,"1":1,"2":0,"3":0,"4":1,"5":1,"6":1},"f":{"0":0,"1":1},"b":{"0":[0],"1":[0],"2":[1,0]}}
,"/home/nicholas_io/projects/headless/packages/next/src/data/hooks/usePosts.ts": {"path":"/home/nicholas_io/projects/headless/packages/next/src/data/hooks/usePosts.ts","statementMap":{"0":{"start":{"line":2,"column":0},"end":{"line":2,"column":74}},"1":{"start":{"line":3,"column":0},"end":{"line":3,"column":52}},"2":{"start":{"line":66,"column":27},"end":{"line":66,"column":59}},"3":{"start":{"line":68,"column":1},"end":{"line":72,"column":3}},"4":{"start":{"line":62,"column":0},"end":{"line":62,"column":16}},"5":{"start":{"line":79,"column":0},"end":{"line":79,"column":null}},"6":{"start":{"line":80,"column":16},"end":{"line":80,"column":28}}},"fnMap":{"0":{"name":"usePosts","decl":{"start":{"line":62,"column":16},"end":{"line":62,"column":24}},"loc":{"start":{"line":65,"column":77},"end":{"line":73,"column":1}}},"1":{"name":"(anonymous_1)","decl":{"start":{"line":79,"column":0},"end":{"line":79,"column":17}},"loc":{"start":{"line":79,"column":25},"end":{"line":81,"column":1}}}},"branchMap":{"0":{"loc":{"start":{"line":65,"column":2},"end":{"line":65,"column":25}},"type":"default-arg","locations":[{"start":{"line":65,"column":23},"end":{"line":65,"column":25}}]},"1":{"loc":{"start":{"line":65,"column":27},"end":{"line":65,"column":77}},"type":"default-arg","locations":[{"start":{"line":65,"column":75},"end":{"line":65,"column":77}}]},"2":{"loc":{"start":{"line":79,"column":17},"end":{"line":79,"column":null}},"type":"binary-expr","locations":[{"start":{"line":79,"column":17},"end":{"line":79,"column":25}},{"start":{"line":79,"column":17},"end":{"line":79,"column":null}}]}},"s":{"0":1,"1":1,"2":0,"3":0,"4":1,"5":1,"6":1},"f":{"0":0,"1":1},"b":{"0":[0],"1":[0],"2":[1,0]}}
,"/home/nicholas_io/projects/headless/packages/next/src/data/hooks/useSearch.ts": {"path":"/home/nicholas_io/projects/headless/packages/next/src/data/hooks/useSearch.ts","statementMap":{"0":{"start":{"line":2,"column":0},"end":{"line":2,"column":75}},"1":{"start":{"line":3,"column":0},"end":{"line":3,"column":52}},"2":{"start":{"line":22,"column":27},"end":{"line":22,"column":59}},"3":{"start":{"line":24,"column":1},"end":{"line":28,"column":3}},"4":{"start":{"line":18,"column":0},"end":{"line":18,"column":16}},"5":{"start":{"line":35,"column":0},"end":{"line":35,"column":null}},"6":{"start":{"line":36,"column":16},"end":{"line":36,"column":28}}},"fnMap":{"0":{"name":"useSearch","decl":{"start":{"line":18,"column":16},"end":{"line":18,"column":25}},"loc":{"start":{"line":21,"column":77},"end":{"line":29,"column":1}}},"1":{"name":"(anonymous_1)","decl":{"start":{"line":35,"column":0},"end":{"line":35,"column":17}},"loc":{"start":{"line":35,"column":26},"end":{"line":37,"column":1}}}},"branchMap":{"0":{"loc":{"start":{"line":21,"column":2},"end":{"line":21,"column":25}},"type":"default-arg","locations":[{"start":{"line":21,"column":23},"end":{"line":21,"column":25}}]},"1":{"loc":{"start":{"line":21,"column":27},"end":{"line":21,"column":77}},"type":"default-arg","locations":[{"start":{"line":21,"column":75},"end":{"line":21,"column":77}}]},"2":{"loc":{"start":{"line":35,"column":17},"end":{"line":35,"column":null}},"type":"binary-expr","locations":[{"start":{"line":35,"column":17},"end":{"line":35,"column":26}},{"start":{"line":35,"column":17},"end":{"line":35,"column":null}}]}},"s":{"0":1,"1":1,"2":0,"3":0,"4":1,"5":1,"6":1},"f":{"0":0,"1":1},"b":{"0":[0],"1":[0],"2":[1,0]}}
,"/home/nicholas_io/projects/headless/packages/next/src/data/hooks/useTerms.ts": {"path":"/home/nicholas_io/projects/headless/packages/next/src/data/hooks/useTerms.ts","statementMap":{"0":{"start":{"line":2,"column":0},"end":{"line":2,"column":74}},"1":{"start":{"line":3,"column":0},"end":{"line":3,"column":52}},"2":{"start":{"line":23,"column":27},"end":{"line":23,"column":59}},"3":{"start":{"line":25,"column":1},"end":{"line":29,"column":3}},"4":{"start":{"line":19,"column":0},"end":{"line":19,"column":16}},"5":{"start":{"line":36,"column":0},"end":{"line":36,"column":null}},"6":{"start":{"line":37,"column":16},"end":{"line":37,"column":28}}},"fnMap":{"0":{"name":"useTerms","decl":{"start":{"line":19,"column":16},"end":{"line":19,"column":24}},"loc":{"start":{"line":22,"column":77},"end":{"line":30,"column":1}}},"1":{"name":"(anonymous_1)","decl":{"start":{"line":36,"column":0},"end":{"line":36,"column":17}},"loc":{"start":{"line":36,"column":25},"end":{"line":38,"column":1}}}},"branchMap":{"0":{"loc":{"start":{"line":22,"column":2},"end":{"line":22,"column":25}},"type":"default-arg","locations":[{"start":{"line":22,"column":23},"end":{"line":22,"column":25}}]},"1":{"loc":{"start":{"line":22,"column":27},"end":{"line":22,"column":77}},"type":"default-arg","locations":[{"start":{"line":22,"column":75},"end":{"line":22,"column":77}}]},"2":{"loc":{"start":{"line":36,"column":17},"end":{"line":36,"column":null}},"type":"binary-expr","locations":[{"start":{"line":36,"column":17},"end":{"line":36,"column":25}},{"start":{"line":36,"column":17},"end":{"line":36,"column":null}}]}},"s":{"0":1,"1":1,"2":0,"3":0,"4":1,"5":1,"6":1},"f":{"0":0,"1":1},"b":{"0":[0],"1":[0],"2":[1,0]}}
,"/home/nicholas_io/projects/headless/packages/next/src/data/server/addHookData.ts": {"path":"/home/nicholas_io/projects/headless/packages/next/src/data/server/addHookData.ts","statementMap":{"0":{"start":{"line":1,"column":0},"end":{"line":1,"column":null}},"1":{"start":{"line":25,"column":1},"end":{"line":28,"column":3}},"2":{"start":{"line":32,"column":1},"end":{"line":32,"column":60}},"3":{"start":{"line":63,"column":67},"end":{"line":63,"column":69}},"4":{"start":{"line":64,"column":1},"end":{"line":71,"column":4}},"5":{"start":{"line":65,"column":2},"end":{"line":68,"column":null}},"6":{"start":{"line":66,"column":3},"end":{"line":66,"column":56}},"7":{"start":{"line":67,"column":3},"end":{"line":67,"column":43}},"8":{"start":{"line":70,"column":2},"end":{"line":70,"column":29}},"9":{"start":{"line":73,"column":33},"end":{"line":73,"column":42}},"10":{"start":{"line":74,"column":18},"end":{"line":74,"column":20}},"11":{"start":{"line":75,"column":16},"end":{"line":75,"column":18}},"12":{"start":{"line":76,"column":11},"end":{"line":76,"column":13}},"13":{"start":{"line":77,"column":17},"end":{"line":77,"column":19}},"14":{"start":{"line":79,"column":25},"end":{"line":79,"column":51}},"15":{"start":{"line":80,"column":19},"end":{"line":80,"column":77}},"16":{"start":{"line":80,"column":55},"end":{"line":80,"column":76}},"17":{"start":{"line":81,"column":21},"end":{"line":82,"column":null}},"18":{"start":{"line":82,"column":17},"end":{"line":82,"column":92}},"19":{"start":{"line":86,"column":1},"end":{"line":124,"column":null}},"20":{"start":{"line":87,"column":2},"end":{"line":104,"column":null}},"21":{"start":{"line":88,"column":3},"end":{"line":88,"column":74}},"22":{"start":{"line":89,"column":3},"end":{"line":89,"column":63}},"23":{"start":{"line":90,"column":9},"end":{"line":104,"column":null}},"24":{"start":{"line":91,"column":3},"end":{"line":91,"column":74}},"25":{"start":{"line":92,"column":3},"end":{"line":92,"column":63}},"26":{"start":{"line":93,"column":9},"end":{"line":104,"column":null}},"27":{"start":{"line":94,"column":3},"end":{"line":94,"column":72}},"28":{"start":{"line":95,"column":3},"end":{"line":95,"column":61}},"29":{"start":{"line":96,"column":9},"end":{"line":104,"column":null}},"30":{"start":{"line":97,"column":3},"end":{"line":100,"column":null}},"31":{"start":{"line":98,"column":4},"end":{"line":98,"column":63}},"32":{"start":{"line":99,"column":4},"end":{"line":99,"column":52}},"33":{"start":{"line":101,"column":9},"end":{"line":104,"column":null}},"34":{"start":{"line":102,"column":3},"end":{"line":102,"column":59}},"35":{"start":{"line":103,"column":3},"end":{"line":103,"column":48}},"36":{"start":{"line":105,"column":2},"end":{"line":123,"column":null}},"37":{"start":{"line":106,"column":3},"end":{"line":106,"column":57}},"38":{"start":{"line":107,"column":3},"end":{"line":107,"column":58}},"39":{"start":{"line":108,"column":9},"end":{"line":123,"column":null}},"40":{"start":{"line":109,"column":3},"end":{"line":109,"column":57}},"41":{"start":{"line":110,"column":3},"end":{"line":110,"column":58}},"42":{"start":{"line":111,"column":9},"end":{"line":123,"column":null}},"43":{"start":{"line":112,"column":3},"end":{"line":112,"column":55}},"44":{"start":{"line":113,"column":3},"end":{"line":113,"column":56}},"45":{"start":{"line":114,"column":9},"end":{"line":123,"column":null}},"46":{"start":{"line":120,"column":3},"end":{"line":120,"column":45}},"47":{"start":{"line":121,"column":9},"end":{"line":123,"column":null}},"48":{"start":{"line":122,"column":3},"end":{"line":122,"column":48}},"49":{"start":{"line":126,"column":19},"end":{"line":126,"column":43}},"50":{"start":{"line":127,"column":1},"end":{"line":129,"column":null}},"51":{"start":{"line":128,"column":2},"end":{"line":128,"column":45}},"52":{"start":{"line":132,"column":1},"end":{"line":198,"column":4}},"53":{"start":{"line":133,"column":24},"end":{"line":133,"column":33}},"54":{"start":{"line":135,"column":23},"end":{"line":135,"column":55}},"55":{"start":{"line":136,"column":19},"end":{"line":136,"column":33}},"56":{"start":{"line":140,"column":2},"end":{"line":195,"column":null}},"57":{"start":{"line":141,"column":3},"end":{"line":168,"column":6}},"58":{"start":{"line":142,"column":24},"end":{"line":142,"column":35}},"59":{"start":{"line":144,"column":4},"end":{"line":149,"column":null}},"60":{"start":{"line":145,"column":5},"end":{"line":148,"column":7}},"61":{"start":{"line":151,"column":4},"end":{"line":157,"column":null}},"62":{"start":{"line":152,"column":5},"end":{"line":154,"column":null}},"63":{"start":{"line":153,"column":6},"end":{"line":153,"column":45}},"64":{"start":{"line":156,"column":5},"end":{"line":156,"column":42}},"65":{"start":{"line":159,"column":4},"end":{"line":165,"column":null}},"66":{"start":{"line":160,"column":5},"end":{"line":162,"column":null}},"67":{"start":{"line":161,"column":6},"end":{"line":161,"column":28}},"68":{"start":{"line":164,"column":5},"end":{"line":164,"column":37}},"69":{"start":{"line":167,"column":4},"end":{"line":167,"column":25}},"70":{"start":{"line":169,"column":9},"end":{"line":195,"column":null}},"71":{"start":{"line":170,"column":3},"end":{"line":175,"column":null}},"72":{"start":{"line":171,"column":4},"end":{"line":173,"column":null}},"73":{"start":{"line":172,"column":5},"end":{"line":172,"column":51}},"74":{"start":{"line":174,"column":4},"end":{"line":174,"column":39}},"75":{"start":{"line":177,"column":3},"end":{"line":183,"column":null}},"76":{"start":{"line":178,"column":4},"end":{"line":180,"column":null}},"77":{"start":{"line":179,"column":5},"end":{"line":179,"column":34}},"78":{"start":{"line":182,"column":4},"end":{"line":182,"column":34}},"79":{"start":{"line":185,"column":3},"end":{"line":187,"column":null}},"80":{"start":{"line":186,"column":4},"end":{"line":186,"column":37}},"81":{"start":{"line":189,"column":3},"end":{"line":194,"column":null}},"82":{"start":{"line":190,"column":4},"end":{"line":193,"column":6}},"83":{"start":{"line":197,"column":2},"end":{"line":197,"column":23}},"84":{"start":{"line":200,"column":1},"end":{"line":211,"column":3}},"85":{"start":{"line":59,"column":0},"end":{"line":59,"column":16}}},"fnMap":{"0":{"name":"hasYoastTags","decl":{"start":{"line":24,"column":9},"end":{"line":24,"column":21}},"loc":{"start":{"line":24,"column":34},"end":{"line":29,"column":1}}},"1":{"name":"isAppEntity","decl":{"start":{"line":31,"column":9},"end":{"line":31,"column":20}},"loc":{"start":{"line":31,"column":33},"end":{"line":33,"column":1}}},"2":{"name":"addHookData","decl":{"start":{"line":59,"column":16},"end":{"line":59,"column":27}},"loc":{"start":{"line":61,"column":26},"end":{"line":212,"column":1}}},"3":{"name":"(anonymous_3)","decl":{"start":{"line":64,"column":21},"end":{"line":64,"column":22}},"loc":{"start":{"line":64,"column":35},"end":{"line":71,"column":2}}},"4":{"name":"(anonymous_4)","decl":{"start":{"line":80,"column":40},"end":{"line":80,"column":41}},"loc":{"start":{"line":80,"column":55},"end":{"line":80,"column":76}}},"5":{"name":"(anonymous_5)","decl":{"start":{"line":82,"column":2},"end":{"line":82,"column":3}},"loc":{"start":{"line":82,"column":17},"end":{"line":82,"column":92}}},"6":{"name":"(anonymous_6)","decl":{"start":{"line":132,"column":25},"end":{"line":132,"column":26}},"loc":{"start":{"line":132,"column":39},"end":{"line":198,"column":2}}},"7":{"name":"(anonymous_7)","decl":{"start":{"line":141,"column":33},"end":{"line":141,"column":34}},"loc":{"start":{"line":141,"column":42},"end":{"line":168,"column":4}}}},"branchMap":{"0":{"loc":{"start":{"line":26,"column":2},"end":{"line":27,"column":61}},"type":"binary-expr","locations":[{"start":{"line":26,"column":2},"end":{"line":26,"column":56}},{"start":{"line":27,"column":2},"end":{"line":27,"column":61}}]},"1":{"loc":{"start":{"line":65,"column":2},"end":{"line":68,"column":null}},"type":"if","locations":[{"start":{"line":65,"column":2},"end":{"line":68,"column":null}}]},"2":{"loc":{"start":{"line":73,"column":9},"end":{"line":73,"column":19}},"type":"default-arg","locations":[{"start":{"line":73,"column":17},"end":{"line":73,"column":19}}]},"3":{"loc":{"start":{"line":82,"column":17},"end":{"line":82,"column":92}},"type":"binary-expr","locations":[{"start":{"line":82,"column":17},"end":{"line":82,"column":54}},{"start":{"line":82,"column":58},"end":{"line":82,"column":92}}]},"4":{"loc":{"start":{"line":86,"column":1},"end":{"line":124,"column":null}},"type":"if","locations":[{"start":{"line":86,"column":1},"end":{"line":124,"column":null}}]},"5":{"loc":{"start":{"line":87,"column":2},"end":{"line":104,"column":null}},"type":"if","locations":[{"start":{"line":87,"column":2},"end":{"line":104,"column":null}},{"start":{"line":90,"column":9},"end":{"line":104,"column":null}}]},"6":{"loc":{"start":{"line":90,"column":9},"end":{"line":104,"column":null}},"type":"if","locations":[{"start":{"line":90,"column":9},"end":{"line":104,"column":null}},{"start":{"line":93,"column":9},"end":{"line":104,"column":null}}]},"7":{"loc":{"start":{"line":93,"column":9},"end":{"line":104,"column":null}},"type":"if","locations":[{"start":{"line":93,"column":9},"end":{"line":104,"column":null}},{"start":{"line":96,"column":9},"end":{"line":104,"column":null}}]},"8":{"loc":{"start":{"line":96,"column":9},"end":{"line":104,"column":null}},"type":"if","locations":[{"start":{"line":96,"column":9},"end":{"line":104,"column":null}},{"start":{"line":101,"column":9},"end":{"line":104,"column":null}}]},"9":{"loc":{"start":{"line":96,"column":13},"end":{"line":96,"column":85}},"type":"binary-expr","locations":[{"start":{"line":96,"column":13},"end":{"line":96,"column":49}},{"start":{"line":96,"column":53},"end":{"line":96,"column":85}}]},"10":{"loc":{"start":{"line":97,"column":3},"end":{"line":100,"column":null}},"type":"if","locations":[{"start":{"line":97,"column":3},"end":{"line":100,"column":null}}]},"11":{"loc":{"start":{"line":101,"column":9},"end":{"line":104,"column":null}},"type":"if","locations":[{"start":{"line":101,"column":9},"end":{"line":104,"column":null}}]},"12":{"loc":{"start":{"line":101,"column":13},"end":{"line":101,"column":89}},"type":"binary-expr","locations":[{"start":{"line":101,"column":13},"end":{"line":101,"column":50}},{"start":{"line":101,"column":54},"end":{"line":101,"column":89}}]},"13":{"loc":{"start":{"line":105,"column":2},"end":{"line":123,"column":null}},"type":"if","locations":[{"start":{"line":105,"column":2},"end":{"line":123,"column":null}},{"start":{"line":108,"column":9},"end":{"line":123,"column":null}}]},"14":{"loc":{"start":{"line":108,"column":9},"end":{"line":123,"column":null}},"type":"if","locations":[{"start":{"line":108,"column":9},"end":{"line":123,"column":null}},{"start":{"line":111,"column":9},"end":{"line":123,"column":null}}]},"15":{"loc":{"start":{"line":111,"column":9},"end":{"line":123,"column":null}},"type":"if","locations":[{"start":{"line":111,"column":9},"end":{"line":123,"column":null}},{"start":{"line":114,"column":9},"end":{"line":123,"column":null}}]},"16":{"loc":{"start":{"line":114,"column":9},"end":{"line":123,"column":null}},"type":"if","locations":[{"start":{"line":114,"column":9},"end":{"line":123,"column":null}},{"start":{"line":121,"column":9},"end":{"line":123,"column":null}}]},"17":{"loc":{"start":{"line":115,"column":3},"end":{"line":118,"column":41}},"type":"binary-expr","locations":[{"start":{"line":115,"column":3},"end":{"line":115,"column":39}},{"start":{"line":116,"column":3},"end":{"line":116,"column":35}},{"start":{"line":117,"column":3},"end":{"line":117,"column":39}},{"start":{"line":118,"column":3},"end":{"line":118,"column":41}}]},"18":{"loc":{"start":{"line":121,"column":9},"end":{"line":123,"column":null}},"type":"if","locations":[{"start":{"line":121,"column":9},"end":{"line":123,"column":null}}]},"19":{"loc":{"start":{"line":121,"column":13},"end":{"line":121,"column":89}},"type":"binary-expr","locations":[{"start":{"line":121,"column":13},"end":{"line":121,"column":50}},{"start":{"line":121,"column":54},"end":{"line":121,"column":89}}]},"20":{"loc":{"start":{"line":122,"column":9},"end":{"line":122,"column":47}},"type":"binary-expr","locations":[{"start":{"line":122,"column":9},"end":{"line":122,"column":41}},{"start":{"line":122,"column":45},"end":{"line":122,"column":47}}]},"21":{"loc":{"start":{"line":127,"column":1},"end":{"line":129,"column":null}},"type":"if","locations":[{"start":{"line":127,"column":1},"end":{"line":129,"column":null}}]},"22":{"loc":{"start":{"line":127,"column":5},"end":{"line":127,"column":69}},"type":"binary-expr","locations":[{"start":{"line":127,"column":5},"end":{"line":127,"column":14}},{"start":{"line":127,"column":18},"end":{"line":127,"column":43}},{"start":{"line":127,"column":47},"end":{"line":127,"column":69}}]},"23":{"loc":{"start":{"line":140,"column":2},"end":{"line":195,"column":null}},"type":"if","locations":[{"start":{"line":140,"column":2},"end":{"line":195,"column":null}},{"start":{"line":169,"column":9},"end":{"line":195,"column":null}}]},"24":{"loc":{"start":{"line":140,"column":6},"end":{"line":140,"column":58}},"type":"binary-expr","locations":[{"start":{"line":140,"column":6},"end":{"line":140,"column":32}},{"start":{"line":140,"column":36},"end":{"line":140,"column":58}}]},"25":{"loc":{"start":{"line":144,"column":4},"end":{"line":149,"column":null}},"type":"if","locations":[{"start":{"line":144,"column":4},"end":{"line":149,"column":null}}]},"26":{"loc":{"start":{"line":151,"column":4},"end":{"line":157,"column":null}},"type":"if","locations":[{"start":{"line":151,"column":4},"end":{"line":157,"column":null}}]},"27":{"loc":{"start":{"line":152,"column":5},"end":{"line":154,"column":null}},"type":"if","locations":[{"start":{"line":152,"column":5},"end":{"line":154,"column":null}}]},"28":{"loc":{"start":{"line":159,"column":4},"end":{"line":165,"column":null}},"type":"if","locations":[{"start":{"line":159,"column":4},"end":{"line":165,"column":null}}]},"29":{"loc":{"start":{"line":160,"column":5},"end":{"line":162,"column":null}},"type":"if","locations":[{"start":{"line":160,"column":5},"end":{"line":162,"column":null}}]},"30":{"loc":{"start":{"line":169,"column":9},"end":{"line":195,"column":null}},"type":"if","locations":[{"start":{"line":169,"column":9},"end":{"line":195,"column":null}}]},"31":{"loc":{"start":{"line":170,"column":3},"end":{"line":175,"column":null}},"type":"if","locations":[{"start":{"line":170,"column":3},"end":{"line":175,"column":null}}]},"32":{"loc":{"start":{"line":171,"column":4},"end":{"line":173,"column":null}},"type":"if","locations":[{"start":{"line":171,"column":4},"end":{"line":173,"column":null}}]},"33":{"loc":{"start":{"line":177,"column":3},"end":{"line":183,"column":null}},"type":"if","locations":[{"start":{"line":177,"column":3},"end":{"line":183,"column":null}}]},"34":{"loc":{"start":{"line":178,"column":4},"end":{"line":180,"column":null}},"type":"if","locations":[{"start":{"line":178,"column":4},"end":{"line":180,"column":null}}]},"35":{"loc":{"start":{"line":185,"column":3},"end":{"line":187,"column":null}},"type":"if","locations":[{"start":{"line":185,"column":3},"end":{"line":187,"column":null}}]},"36":{"loc":{"start":{"line":189,"column":3},"end":{"line":194,"column":null}},"type":"if","locations":[{"start":{"line":189,"column":3},"end":{"line":194,"column":null}}]}},"s":{"0":1,"1":0,"2":1,"3":1,"4":1,"5":1,"6":1,"7":1,"8":1,"9":1,"10":1,"11":1,"12":1,"13":1,"14":1,"15":1,"16":1,"17":1,"18":2,"19":1,"20":1,"21":0,"22":0,"23":1,"24":0,"25":0,"26":1,"27":1,"28":1,"29":0,"30":0,"31":0,"32":0,"33":0,"34":0,"35":0,"36":1,"37":0,"38":0,"39":1,"40":0,"41":0,"42":1,"43":1,"44":1,"45":0,"46":0,"47":0,"48":0,"49":1,"50":1,"51":0,"52":1,"53":2,"54":2,"55":2,"56":2,"57":1,"58":8,"59":8,"60":8,"61":8,"62":8,"63":0,"64":8,"65":8,"66":8,"67":0,"68":8,"69":8,"70":1,"71":1,"72":0,"73":0,"74":0,"75":1,"76":0,"77":0,"78":0,"79":1,"80":0,"81":1,"82":0,"83":2,"84":1,"85":1},"f":{"0":0,"1":1,"2":1,"3":1,"4":1,"5":2,"6":2,"7":8},"b":{"0":[0,0],"1":[1],"2":[1],"3":[2,1],"4":[1],"5":[0,1],"6":[0,1],"7":[1,0],"8":[0,0],"9":[0,0],"10":[0],"11":[0],"12":[0,0],"13":[0,1],"14":[0,1],"15":[1,0],"16":[0,0],"17":[0,0,0,0],"18":[0],"19":[0,0],"20":[0,0],"21":[0],"22":[1,0,0],"23":[1,1],"24":[2,1],"25":[8],"26":[8],"27":[0],"28":[8],"29":[0],"30":[1],"31":[0],"32":[0],"33":[0],"34":[0],"35":[0],"36":[0]}}
,"/home/nicholas_io/projects/headless/packages/next/src/data/server/fetchHookData.ts": {"path":"/home/nicholas_io/projects/headless/packages/next/src/data/server/fetchHookData.ts","statementMap":{"0":{"start":{"line":1,"column":0},"end":{"line":1,"column":null}},"1":{"start":{"line":11,"column":0},"end":{"line":11,"column":55}},"2":{"start":{"line":12,"column":0},"end":{"line":12,"column":34}},"3":{"start":{"line":14,"column":0},"end":{"line":14,"column":49}},"4":{"start":{"line":15,"column":0},"end":{"line":15,"column":58}},"5":{"start":{"line":38,"column":23},"end":{"line":38,"column":57}},"6":{"start":{"line":39,"column":22},"end":{"line":39,"column":53}},"7":{"start":{"line":42,"column":2},"end":{"line":42,"column":93}},"8":{"start":{"line":45,"column":2},"end":{"line":47,"column":40}},"9":{"start":{"line":49,"column":1},"end":{"line":49,"column":25}},"10":{"start":{"line":86,"column":44},"end":{"line":86,"column":67}},"11":{"start":{"line":87,"column":28},"end":{"line":87,"column":49}},"12":{"start":{"line":89,"column":1},"end":{"line":89,"column":37}},"13":{"start":{"line":91,"column":22},"end":{"line":91,"column":24}},"14":{"start":{"line":93,"column":1},"end":{"line":95,"column":null}},"15":{"start":{"line":94,"column":2},"end":{"line":94,"column":84}},"16":{"start":{"line":97,"column":1},"end":{"line":99,"column":null}},"17":{"start":{"line":98,"column":2},"end":{"line":98,"column":48}},"18":{"start":{"line":101,"column":20},"end":{"line":101,"column":39}},"19":{"start":{"line":102,"column":23},"end":{"line":102,"column":55}},"20":{"start":{"line":103,"column":19},"end":{"line":103,"column":69}},"21":{"start":{"line":105,"column":21},"end":{"line":105,"column":84}},"22":{"start":{"line":108,"column":13},"end":{"line":108,"column":51}},"23":{"start":{"line":110,"column":1},"end":{"line":112,"column":null}},"24":{"start":{"line":111,"column":2},"end":{"line":111,"column":64}},"25":{"start":{"line":114,"column":1},"end":{"line":127,"column":null}},"26":{"start":{"line":119,"column":2},"end":{"line":119,"column":38}},"27":{"start":{"line":120,"column":2},"end":{"line":120,"column":50}},"28":{"start":{"line":121,"column":2},"end":{"line":121,"column":50}},"29":{"start":{"line":122,"column":2},"end":{"line":122,"column":52}},"30":{"start":{"line":124,"column":2},"end":{"line":126,"column":null}},"31":{"start":{"line":125,"column":3},"end":{"line":125,"column":87}},"32":{"start":{"line":129,"column":14},"end":{"line":137,"column":null}},"33":{"start":{"line":140,"column":1},"end":{"line":142,"column":null}},"34":{"start":{"line":141,"column":2},"end":{"line":141,"column":83}},"35":{"start":{"line":144,"column":24},"end":{"line":146,"column":null}},"36":{"start":{"line":151,"column":1},"end":{"line":157,"column":null}},"37":{"start":{"line":152,"column":2},"end":{"line":156,"column":6}},"38":{"start":{"line":152,"column":87},"end":{"line":156,"column":4}},"39":{"start":{"line":159,"column":1},"end":{"line":164,"column":3}},"40":{"start":{"line":81,"column":0},"end":{"line":81,"column":7}}},"fnMap":{"0":{"name":"isPreviewRequest","decl":{"start":{"line":37,"column":9},"end":{"line":37,"column":25}},"loc":{"start":{"line":37,"column":52},"end":{"line":50,"column":1}}},"1":{"name":"fetchHookData","decl":{"start":{"line":81,"column":22},"end":{"line":81,"column":35}},"loc":{"start":{"line":84,"column":41},"end":{"line":165,"column":1}}},"2":{"name":"(anonymous_3)","decl":{"start":{"line":152,"column":69},"end":{"line":152,"column":70}},"loc":{"start":{"line":152,"column":87},"end":{"line":156,"column":4}}}},"branchMap":{"0":{"loc":{"start":{"line":42,"column":2},"end":{"line":42,"column":93}},"type":"cond-expr","locations":[{"start":{"line":42,"column":42},"end":{"line":42,"column":85}},{"start":{"line":42,"column":88},"end":{"line":42,"column":93}}]},"1":{"loc":{"start":{"line":45,"column":2},"end":{"line":47,"column":40}},"type":"cond-expr","locations":[{"start":{"line":46,"column":5},"end":{"line":46,"column":49}},{"start":{"line":47,"column":5},"end":{"line":47,"column":40}}]},"2":{"loc":{"start":{"line":84,"column":1},"end":{"line":84,"column":41}},"type":"default-arg","locations":[{"start":{"line":84,"column":39},"end":{"line":84,"column":41}}]},"3":{"loc":{"start":{"line":87,"column":28},"end":{"line":87,"column":49}},"type":"binary-expr","locations":[{"start":{"line":87,"column":28},"end":{"line":87,"column":43}},{"start":{"line":87,"column":47},"end":{"line":87,"column":49}}]},"4":{"loc":{"start":{"line":93,"column":1},"end":{"line":95,"column":null}},"type":"if","locations":[{"start":{"line":93,"column":1},"end":{"line":95,"column":null}}]},"5":{"loc":{"start":{"line":94,"column":9},"end":{"line":94,"column":83}},"type":"cond-expr","locations":[{"start":{"line":94,"column":42},"end":{"line":94,"column":57}},{"start":{"line":94,"column":60},"end":{"line":94,"column":83}}]},"6":{"loc":{"start":{"line":94,"column":61},"end":{"line":94,"column":82}},"type":"binary-expr","locations":[{"start":{"line":94,"column":61},"end":{"line":94,"column":76}},{"start":{"line":94,"column":80},"end":{"line":94,"column":82}}]},"7":{"loc":{"start":{"line":97,"column":1},"end":{"line":99,"column":null}},"type":"if","locations":[{"start":{"line":97,"column":1},"end":{"line":99,"column":null}}]},"8":{"loc":{"start":{"line":97,"column":5},"end":{"line":97,"column":72}},"type":"binary-expr","locations":[{"start":{"line":97,"column":5},"end":{"line":97,"column":35}},{"start":{"line":97,"column":40},"end":{"line":97,"column":50}},{"start":{"line":97,"column":54},"end":{"line":97,"column":71}}]},"9":{"loc":{"start":{"line":98,"column":16},"end":{"line":98,"column":47}},"type":"binary-expr","locations":[{"start":{"line":98,"column":16},"end":{"line":98,"column":26}},{"start":{"line":98,"column":30},"end":{"line":98,"column":47}}]},"10":{"loc":{"start":{"line":110,"column":1},"end":{"line":112,"column":null}},"type":"if","locations":[{"start":{"line":110,"column":1},"end":{"line":112,"column":null}}]},"11":{"loc":{"start":{"line":114,"column":1},"end":{"line":127,"column":null}},"type":"if","locations":[{"start":{"line":114,"column":1},"end":{"line":127,"column":null}}]},"12":{"loc":{"start":{"line":115,"column":2},"end":{"line":117,"column":40}},"type":"binary-expr","locations":[{"start":{"line":115,"column":2},"end":{"line":115,"column":42}},{"start":{"line":116,"column":2},"end":{"line":116,"column":36}},{"start":{"line":117,"column":2},"end":{"line":117,"column":40}}]},"13":{"loc":{"start":{"line":124,"column":2},"end":{"line":126,"column":null}},"type":"if","locations":[{"start":{"line":124,"column":2},"end":{"line":126,"column":null}}]},"14":{"loc":{"start":{"line":140,"column":1},"end":{"line":142,"column":null}},"type":"if","locations":[{"start":{"line":140,"column":1},"end":{"line":142,"column":null}}]},"15":{"loc":{"start":{"line":151,"column":1},"end":{"line":157,"column":null}},"type":"if","locations":[{"start":{"line":151,"column":1},"end":{"line":157,"column":null}}]},"16":{"loc":{"start":{"line":163,"column":26},"end":{"line":163,"column":56}},"type":"binary-expr","locations":[{"start":{"line":163,"column":26},"end":{"line":163,"column":48}},{"start":{"line":163,"column":52},"end":{"line":163,"column":56}}]}},"s":{"0":1,"1":1,"2":1,"3":1,"4":1,"5":6,"6":6,"7":6,"8":6,"9":6,"10":6,"11":6,"12":6,"13":6,"14":6,"15":1,"16":6,"17":0,"18":6,"19":6,"20":6,"21":6,"22":6,"23":6,"24":0,"25":6,"26":0,"27":0,"28":0,"29":0,"30":0,"31":0,"32":6,"33":6,"34":0,"35":6,"36":6,"37":1,"38":1,"39":6,"40":1},"f":{"0":6,"1":6,"2":1},"b":{"0":[0,6],"1":[0,6],"2":[5],"3":[6,5],"4":[1],"5":[1,0],"6":[0,0],"7":[0],"8":[6,0,0],"9":[0,0],"10":[0],"11":[0],"12":[6,0,0],"13":[0],"14":[0],"15":[1],"16":[6,5]}}
}
