TN:
SF:src/data/hooks/useAuthorArchive.ts
FN:29,useAuthorArchive
FN:46,(anonymous_1)
FNF:2
FNH:1
FNDA:0,useAuthorArchive
FNDA:1,(anonymous_1)
DA:2,1
DA:3,1
DA:29,1
DA:33,0
DA:35,0
DA:46,1
DA:47,1
LF:7
LH:5
BRDA:32,0,0,0
BRDA:32,1,0,0
BRDA:46,2,0,1
BRDA:46,2,1,0
BRF:4
BRH:1
end_of_record
TN:
SF:src/data/hooks/usePost.ts
FN:18,usePost
FN:35,(anonymous_1)
FNF:2
FNH:1
FNDA:0,usePost
FNDA:1,(anonymous_1)
DA:2,1
DA:3,1
DA:18,1
DA:22,0
DA:24,0
DA:35,1
DA:36,1
LF:7
LH:5
BRDA:19,0,0,0
BRDA:20,1,0,0
BRDA:35,2,0,1
BRDA:35,2,1,0
BRF:4
BRH:1
end_of_record
TN:
SF:src/data/hooks/usePostOrPosts.ts
FN:18,usePostOrPosts
FN:38,(anonymous_1)
FNF:2
FNH:1
FNDA:0,usePostOrPosts
FNDA:1,(anonymous_1)
DA:7,1
DA:8,1
DA:18,1
DA:25,0
DA:27,0
DA:38,1
DA:39,1
LF:7
LH:5
BRDA:22,0,0,0
BRDA:23,1,0,0
BRDA:38,2,0,1
BRDA:38,2,1,0
BRF:4
BRH:1
end_of_record
TN:
SF:src/data/hooks/usePosts.ts
FN:62,usePosts
FN:79,(anonymous_1)
FNF:2
FNH:1
FNDA:0,usePosts
FNDA:1,(anonymous_1)
DA:2,1
DA:3,1
DA:62,1
DA:66,0
DA:68,0
DA:79,1
DA:80,1
LF:7
LH:5
BRDA:65,0,0,0
BRDA:65,1,0,0
BRDA:79,2,0,1
BRDA:79,2,1,0
BRF:4
BRH:1
end_of_record
TN:
SF:src/data/hooks/useSearch.ts
FN:18,useSearch
FN:35,(anonymous_1)
FNF:2
FNH:1
FNDA:0,useSearch
FNDA:1,(anonymous_1)
DA:2,1
DA:3,1
DA:18,1
DA:22,0
DA:24,0
DA:35,1
DA:36,1
LF:7
LH:5
BRDA:21,0,0,0
BRDA:21,1,0,0
BRDA:35,2,0,1
BRDA:35,2,1,0
BRF:4
BRH:1
end_of_record
TN:
SF:src/data/hooks/useTerms.ts
FN:19,useTerms
FN:36,(anonymous_1)
FNF:2
FNH:1
FNDA:0,useTerms
FNDA:1,(anonymous_1)
DA:2,1
DA:3,1
DA:19,1
DA:23,0
DA:25,0
DA:36,1
DA:37,1
LF:7
LH:5
BRDA:22,0,0,0
BRDA:22,1,0,0
BRDA:36,2,0,1
BRDA:36,2,1,0
BRF:4
BRH:1
end_of_record
TN:
SF:src/data/server/addHookData.ts
FN:24,hasYoastTags
FN:31,isAppEntity
FN:59,addHookData
FN:64,(anonymous_3)
FN:80,(anonymous_4)
FN:82,(anonymous_5)
FN:132,(anonymous_6)
FN:141,(anonymous_7)
FNF:8
FNH:7
FNDA:0,hasYoastTags
FNDA:1,isAppEntity
FNDA:1,addHookData
FNDA:1,(anonymous_3)
FNDA:1,(anonymous_4)
FNDA:2,(anonymous_5)
FNDA:2,(anonymous_6)
FNDA:8,(anonymous_7)
DA:1,1
DA:25,0
DA:32,1
DA:59,1
DA:63,1
DA:64,1
DA:65,1
DA:66,1
DA:67,1
DA:70,1
DA:73,1
DA:74,1
DA:75,1
DA:76,1
DA:77,1
DA:79,1
DA:80,1
DA:81,1
DA:82,2
DA:86,1
DA:87,1
DA:88,0
DA:89,0
DA:90,1
DA:91,0
DA:92,0
DA:93,1
DA:94,1
DA:95,1
DA:96,0
DA:97,0
DA:98,0
DA:99,0
DA:101,0
DA:102,0
DA:103,0
DA:105,1
DA:106,0
DA:107,0
DA:108,1
DA:109,0
DA:110,0
DA:111,1
DA:112,1
DA:113,1
DA:114,0
DA:120,0
DA:121,0
DA:122,0
DA:126,1
DA:127,1
DA:128,0
DA:132,1
DA:133,2
DA:135,2
DA:136,2
DA:140,2
DA:141,1
DA:142,8
DA:144,8
DA:145,8
DA:151,8
DA:152,8
DA:153,0
DA:156,8
DA:159,8
DA:160,8
DA:161,0
DA:164,8
DA:167,8
DA:169,1
DA:170,1
DA:171,0
DA:172,0
DA:174,0
DA:177,1
DA:178,0
DA:179,0
DA:182,0
DA:185,1
DA:186,0
DA:189,1
DA:190,0
DA:197,2
DA:200,1
LF:85
LH:54
BRDA:26,0,0,0
BRDA:26,0,1,0
BRDA:65,1,0,1
BRDA:73,2,0,1
BRDA:82,3,0,2
BRDA:82,3,1,1
BRDA:86,4,0,1
BRDA:87,5,0,0
BRDA:87,5,1,1
BRDA:90,6,0,0
BRDA:90,6,1,1
BRDA:93,7,0,1
BRDA:93,7,1,0
BRDA:96,8,0,0
BRDA:96,8,1,0
BRDA:96,9,0,0
BRDA:96,9,1,0
BRDA:97,10,0,0
BRDA:101,11,0,0
BRDA:101,12,0,0
BRDA:101,12,1,0
BRDA:105,13,0,0
BRDA:105,13,1,1
BRDA:108,14,0,0
BRDA:108,14,1,1
BRDA:111,15,0,1
BRDA:111,15,1,0
BRDA:114,16,0,0
BRDA:114,16,1,0
BRDA:115,17,0,0
BRDA:115,17,1,0
BRDA:115,17,2,0
BRDA:115,17,3,0
BRDA:121,18,0,0
BRDA:121,19,0,0
BRDA:121,19,1,0
BRDA:122,20,0,0
BRDA:122,20,1,0
BRDA:127,21,0,0
BRDA:127,22,0,1
BRDA:127,22,1,0
BRDA:127,22,2,0
BRDA:140,23,0,1
BRDA:140,23,1,1
BRDA:140,24,0,2
BRDA:140,24,1,1
BRDA:144,25,0,8
BRDA:151,26,0,8
BRDA:152,27,0,0
BRDA:159,28,0,8
BRDA:160,29,0,0
BRDA:169,30,0,1
BRDA:170,31,0,0
BRDA:171,32,0,0
BRDA:177,33,0,0
BRDA:178,34,0,0
BRDA:185,35,0,0
BRDA:189,36,0,0
BRF:58
BRH:20
end_of_record
TN:
SF:src/data/server/fetchHookData.ts
FN:37,isPreviewRequest
FN:81,fetchHookData
FN:152,(anonymous_3)
FNF:3
FNH:3
FNDA:6,isPreviewRequest
FNDA:6,fetchHookData
FNDA:1,(anonymous_3)
DA:1,1
DA:11,1
DA:12,1
DA:14,1
DA:15,1
DA:38,6
DA:39,6
DA:42,6
DA:45,6
DA:49,6
DA:81,1
DA:86,6
DA:87,6
DA:89,6
DA:91,6
DA:93,6
DA:94,1
DA:97,6
DA:98,0
DA:101,6
DA:102,6
DA:103,6
DA:105,6
DA:108,6
DA:110,6
DA:111,0
DA:114,6
DA:119,0
DA:120,0
DA:121,0
DA:122,0
DA:124,0
DA:125,0
DA:129,6
DA:140,6
DA:141,0
DA:144,6
DA:151,6
DA:152,1
DA:159,6
LF:40
LH:31
BRDA:42,0,0,0
BRDA:42,0,1,6
BRDA:45,1,0,0
BRDA:45,1,1,6
BRDA:84,2,0,5
BRDA:87,3,0,6
BRDA:87,3,1,5
BRDA:93,4,0,1
BRDA:94,5,0,1
BRDA:94,5,1,0
BRDA:94,6,0,0
BRDA:94,6,1,0
BRDA:97,7,0,0
BRDA:97,8,0,6
BRDA:97,8,1,0
BRDA:97,8,2,0
BRDA:98,9,0,0
BRDA:98,9,1,0
BRDA:110,10,0,0
BRDA:114,11,0,0
BRDA:115,12,0,6
BRDA:115,12,1,0
BRDA:115,12,2,0
BRDA:124,13,0,0
BRDA:140,14,0,0
BRDA:151,15,0,1
BRDA:163,16,0,6
BRDA:163,16,1,5
BRF:28
BRH:12
end_of_record
